[0.485s] DEBUG:colcon:Command line arguments: ['/usr/bin/colcon', 'build']
[0.485s] DEBUG:colcon:Parsed command line arguments: Namespace(log_base=None, log_level=None, verb_name='build', build_base='build', install_base='install', merge_install=False, symlink_install=False, test_result_base=None, continue_on_error=False, executor='parallel', parallel_workers=4, event_handlers=None, ignore_user_meta=False, metas=['./colcon.meta'], base_paths=['.'], packages_ignore=None, packages_ignore_regex=None, paths=None, packages_up_to=None, packages_up_to_regex=None, packages_above=None, packages_above_and_dependencies=None, packages_above_depth=None, packages_select_by_dep=None, packages_skip_by_dep=None, packages_skip_up_to=None, packages_select_build_failed=False, packages_skip_build_finished=False, packages_select_test_failures=False, packages_skip_test_passed=False, packages_select=None, packages_skip=None, packages_select_regex=None, packages_skip_regex=None, packages_start=None, packages_end=None, allow_overriding=[], bazel_args=None, bazel_task=None, cmake_args=None, cmake_target=None, cmake_target_skip_unavailable=False, cmake_clean_cache=False, cmake_clean_first=False, cmake_force_configure=False, meson_args=[], ament_cmake_args=None, catkin_cmake_args=None, catkin_skip_building_tests=False, mixin_files=None, mixin=None, verb_parser=<colcon_alias.argument_parser.alias.AliasArgumentDecorator object at 0x7dfedede0160>, verb_extension=<colcon_core.verb.build.BuildVerb object at 0x7dfeded9b3d0>, main=<bound method BuildVerb.main of <colcon_core.verb.build.BuildVerb object at 0x7dfeded9b3d0>>, mixin_verb=('build',))
[0.729s] Level 1:colcon.colcon_core.package_discovery:discover_packages(colcon_meta) check parameters
[0.730s] Level 1:colcon.colcon_core.package_discovery:discover_packages(recursive) check parameters
[0.730s] Level 1:colcon.colcon_core.package_discovery:discover_packages(ignore) check parameters
[0.730s] Level 1:colcon.colcon_core.package_discovery:discover_packages(path) check parameters
[0.730s] Level 1:colcon.colcon_core.package_discovery:discover_packages(colcon_meta) discover
[0.730s] Level 1:colcon.colcon_core.package_discovery:discover_packages(recursive) discover
[0.730s] INFO:colcon.colcon_core.package_discovery:Crawling recursively for packages in '/home/luiz/ros2_fbot'
[0.730s] Level 1:colcon.colcon_core.package_identification:_identify(.) by extensions ['ignore', 'ignore_ament_install']
[0.730s] Level 1:colcon.colcon_core.package_identification:_identify(.) by extension 'ignore'
[0.730s] Level 1:colcon.colcon_core.package_identification:_identify(.) by extension 'ignore_ament_install'
[0.730s] Level 1:colcon.colcon_core.package_identification:_identify(.) by extensions ['colcon_pkg']
[0.730s] Level 1:colcon.colcon_core.package_identification:_identify(.) by extension 'colcon_pkg'
[0.730s] Level 1:colcon.colcon_core.package_identification:_identify(.) by extensions ['colcon_meta']
[0.730s] Level 1:colcon.colcon_core.package_identification:_identify(.) by extension 'colcon_meta'
[0.730s] Level 1:colcon.colcon_core.package_identification:_identify(.) by extensions ['ros']
[0.730s] Level 1:colcon.colcon_core.package_identification:_identify(.) by extension 'ros'
[0.733s] Level 1:colcon.colcon_core.package_identification:_identify(.) by extensions ['bazel', 'cmake', 'meson', 'python']
[0.733s] Level 1:colcon.colcon_core.package_identification:_identify(.) by extension 'bazel'
[0.733s] Level 1:colcon.colcon_core.package_identification:_identify(.) by extension 'cmake'
[0.733s] Level 1:colcon.colcon_core.package_identification:_identify(.) by extension 'meson'
[0.733s] Level 1:colcon.colcon_core.package_identification:_identify(.) by extension 'python'
[0.733s] Level 1:colcon.colcon_core.package_identification:_identify(.) by extensions ['python_setup_py']
[0.733s] Level 1:colcon.colcon_core.package_identification:_identify(.) by extension 'python_setup_py'
[0.734s] Level 1:colcon.colcon_core.package_identification:_identify(build) by extensions ['ignore', 'ignore_ament_install']
[0.734s] Level 1:colcon.colcon_core.package_identification:_identify(build) by extension 'ignore'
[0.734s] Level 1:colcon.colcon_core.package_identification:_identify(build) ignored
[0.734s] Level 1:colcon.colcon_core.package_identification:_identify(install) by extensions ['ignore', 'ignore_ament_install']
[0.734s] Level 1:colcon.colcon_core.package_identification:_identify(install) by extension 'ignore'
[0.734s] Level 1:colcon.colcon_core.package_identification:_identify(install) ignored
[0.734s] Level 1:colcon.colcon_core.package_identification:_identify(log) by extensions ['ignore', 'ignore_ament_install']
[0.734s] Level 1:colcon.colcon_core.package_identification:_identify(log) by extension 'ignore'
[0.734s] Level 1:colcon.colcon_core.package_identification:_identify(log) ignored
[0.734s] Level 1:colcon.colcon_core.package_identification:_identify(src) by extensions ['ignore', 'ignore_ament_install']
[0.734s] Level 1:colcon.colcon_core.package_identification:_identify(src) by extension 'ignore'
[0.734s] Level 1:colcon.colcon_core.package_identification:_identify(src) by extension 'ignore_ament_install'
[0.735s] Level 1:colcon.colcon_core.package_identification:_identify(src) by extensions ['colcon_pkg']
[0.735s] Level 1:colcon.colcon_core.package_identification:_identify(src) by extension 'colcon_pkg'
[0.735s] Level 1:colcon.colcon_core.package_identification:_identify(src) by extensions ['colcon_meta']
[0.735s] Level 1:colcon.colcon_core.package_identification:_identify(src) by extension 'colcon_meta'
[0.735s] Level 1:colcon.colcon_core.package_identification:_identify(src) by extensions ['ros']
[0.735s] Level 1:colcon.colcon_core.package_identification:_identify(src) by extension 'ros'
[0.735s] Level 1:colcon.colcon_core.package_identification:_identify(src) by extensions ['bazel', 'cmake', 'meson', 'python']
[0.735s] Level 1:colcon.colcon_core.package_identification:_identify(src) by extension 'bazel'
[0.735s] Level 1:colcon.colcon_core.package_identification:_identify(src) by extension 'cmake'
[0.735s] Level 1:colcon.colcon_core.package_identification:_identify(src) by extension 'meson'
[0.735s] Level 1:colcon.colcon_core.package_identification:_identify(src) by extension 'python'
[0.735s] Level 1:colcon.colcon_core.package_identification:_identify(src) by extensions ['python_setup_py']
[0.735s] Level 1:colcon.colcon_core.package_identification:_identify(src) by extension 'python_setup_py'
[0.735s] Level 1:colcon.colcon_core.package_identification:_identify(src/Stage) by extensions ['ignore', 'ignore_ament_install']
[0.735s] Level 1:colcon.colcon_core.package_identification:_identify(src/Stage) by extension 'ignore'
[0.735s] Level 1:colcon.colcon_core.package_identification:_identify(src/Stage) by extension 'ignore_ament_install'
[0.735s] Level 1:colcon.colcon_core.package_identification:_identify(src/Stage) by extensions ['colcon_pkg']
[0.735s] Level 1:colcon.colcon_core.package_identification:_identify(src/Stage) by extension 'colcon_pkg'
[0.735s] Level 1:colcon.colcon_core.package_identification:_identify(src/Stage) by extensions ['colcon_meta']
[0.735s] Level 1:colcon.colcon_core.package_identification:_identify(src/Stage) by extension 'colcon_meta'
[0.735s] Level 1:colcon.colcon_core.package_identification:_identify(src/Stage) by extensions ['ros']
[0.736s] Level 1:colcon.colcon_core.package_identification:_identify(src/Stage) by extension 'ros'
[0.736s] Level 1:colcon.colcon_core.package_identification:_identify(src/Stage) by extensions ['bazel', 'cmake', 'meson', 'python']
[0.736s] Level 1:colcon.colcon_core.package_identification:_identify(src/Stage) by extension 'bazel'
[0.736s] Level 1:colcon.colcon_core.package_identification:_identify(src/Stage) by extension 'cmake'
[0.740s] Level 1:colcon.colcon_core.package_identification:_identify(src/Stage) by extension 'meson'
[0.740s] Level 1:colcon.colcon_core.package_identification:_identify(src/Stage) by extension 'python'
[0.740s] DEBUG:colcon.colcon_core.package_identification:Package 'src/Stage' with type 'cmake' and name 'Stage'
[0.740s] Level 1:colcon.colcon_core.package_identification:_identify(src/navigation) by extensions ['ignore', 'ignore_ament_install']
[0.740s] Level 1:colcon.colcon_core.package_identification:_identify(src/navigation) by extension 'ignore'
[0.740s] Level 1:colcon.colcon_core.package_identification:_identify(src/navigation) by extension 'ignore_ament_install'
[0.740s] Level 1:colcon.colcon_core.package_identification:_identify(src/navigation) by extensions ['colcon_pkg']
[0.740s] Level 1:colcon.colcon_core.package_identification:_identify(src/navigation) by extension 'colcon_pkg'
[0.740s] Level 1:colcon.colcon_core.package_identification:_identify(src/navigation) by extensions ['colcon_meta']
[0.740s] Level 1:colcon.colcon_core.package_identification:_identify(src/navigation) by extension 'colcon_meta'
[0.740s] Level 1:colcon.colcon_core.package_identification:_identify(src/navigation) by extensions ['ros']
[0.740s] Level 1:colcon.colcon_core.package_identification:_identify(src/navigation) by extension 'ros'
[0.744s] DEBUG:colcon.colcon_core.package_identification:Package 'src/navigation' with type 'ros.ament_python' and name 'navigation'
[0.745s] Level 1:colcon.colcon_core.package_identification:_identify(src/stage_ros2) by extensions ['ignore', 'ignore_ament_install']
[0.745s] Level 1:colcon.colcon_core.package_identification:_identify(src/stage_ros2) by extension 'ignore'
[0.745s] Level 1:colcon.colcon_core.package_identification:_identify(src/stage_ros2) by extension 'ignore_ament_install'
[0.745s] Level 1:colcon.colcon_core.package_identification:_identify(src/stage_ros2) by extensions ['colcon_pkg']
[0.745s] Level 1:colcon.colcon_core.package_identification:_identify(src/stage_ros2) by extension 'colcon_pkg'
[0.745s] Level 1:colcon.colcon_core.package_identification:_identify(src/stage_ros2) by extensions ['colcon_meta']
[0.745s] Level 1:colcon.colcon_core.package_identification:_identify(src/stage_ros2) by extension 'colcon_meta'
[0.745s] Level 1:colcon.colcon_core.package_identification:_identify(src/stage_ros2) by extensions ['ros']
[0.745s] Level 1:colcon.colcon_core.package_identification:_identify(src/stage_ros2) by extension 'ros'
[0.746s] DEBUG:colcon.colcon_core.package_identification:Package 'src/stage_ros2' with type 'ros.ament_cmake' and name 'stage_ros2'
[0.746s] Level 1:colcon.colcon_core.package_discovery:discover_packages(recursive) using defaults
[0.746s] Level 1:colcon.colcon_core.package_discovery:discover_packages(ignore) discover
[0.746s] Level 1:colcon.colcon_core.package_discovery:discover_packages(ignore) using defaults
[0.746s] Level 1:colcon.colcon_core.package_discovery:discover_packages(path) discover
[0.746s] Level 1:colcon.colcon_core.package_discovery:discover_packages(path) using defaults
[0.774s] Level 1:colcon.colcon_core.package_discovery:discover_packages(prefix_path) check parameters
[0.774s] Level 1:colcon.colcon_core.package_discovery:discover_packages(prefix_path) discover
[0.777s] DEBUG:colcon.colcon_installed_package_information.package_discovery:Found 3 installed packages in /home/luiz/ros2_fbot/install
[0.778s] DEBUG:colcon.colcon_installed_package_information.package_discovery:Found 1 installed packages in /home/luiz/ros2_ws/install
[0.780s] DEBUG:colcon.colcon_installed_package_information.package_discovery:Found 271 installed packages in /opt/ros/humble
[0.782s] Level 1:colcon.colcon_core.package_discovery:discover_packages(prefix_path) using defaults
[0.876s] Level 5:colcon.colcon_core.verb:set package 'Stage' build argument 'bazel_args' from command line to 'None'
[0.876s] Level 5:colcon.colcon_core.verb:set package 'Stage' build argument 'bazel_task' from command line to 'None'
[0.876s] Level 5:colcon.colcon_core.verb:set package 'Stage' build argument 'cmake_args' from command line to 'None'
[0.876s] Level 5:colcon.colcon_core.verb:set package 'Stage' build argument 'cmake_target' from command line to 'None'
[0.876s] Level 5:colcon.colcon_core.verb:set package 'Stage' build argument 'cmake_target_skip_unavailable' from command line to 'False'
[0.876s] Level 5:colcon.colcon_core.verb:set package 'Stage' build argument 'cmake_clean_cache' from command line to 'False'
[0.876s] Level 5:colcon.colcon_core.verb:set package 'Stage' build argument 'cmake_clean_first' from command line to 'False'
[0.877s] Level 5:colcon.colcon_core.verb:set package 'Stage' build argument 'cmake_force_configure' from command line to 'False'
[0.877s] Level 5:colcon.colcon_core.verb:set package 'Stage' build argument 'meson_args' from command line to '[]'
[0.877s] Level 5:colcon.colcon_core.verb:set package 'Stage' build argument 'ament_cmake_args' from command line to 'None'
[0.877s] Level 5:colcon.colcon_core.verb:set package 'Stage' build argument 'catkin_cmake_args' from command line to 'None'
[0.877s] Level 5:colcon.colcon_core.verb:set package 'Stage' build argument 'catkin_skip_building_tests' from command line to 'False'
[0.877s] DEBUG:colcon.colcon_core.verb:Building package 'Stage' with the following arguments: {'ament_cmake_args': None, 'bazel_args': None, 'bazel_task': None, 'build_base': '/home/luiz/ros2_fbot/build/Stage', 'catkin_cmake_args': None, 'catkin_skip_building_tests': False, 'cmake_args': None, 'cmake_clean_cache': False, 'cmake_clean_first': False, 'cmake_force_configure': False, 'cmake_target': None, 'cmake_target_skip_unavailable': False, 'install_base': '/home/luiz/ros2_fbot/install/Stage', 'merge_install': False, 'meson_args': [], 'path': '/home/luiz/ros2_fbot/src/Stage', 'symlink_install': False, 'test_result_base': None}
[0.899s] Level 5:colcon.colcon_core.verb:set package 'navigation' build argument 'bazel_args' from command line to 'None'
[0.899s] Level 5:colcon.colcon_core.verb:set package 'navigation' build argument 'bazel_task' from command line to 'None'
[0.899s] Level 5:colcon.colcon_core.verb:set package 'navigation' build argument 'cmake_args' from command line to 'None'
[0.899s] Level 5:colcon.colcon_core.verb:set package 'navigation' build argument 'cmake_target' from command line to 'None'
[0.899s] Level 5:colcon.colcon_core.verb:set package 'navigation' build argument 'cmake_target_skip_unavailable' from command line to 'False'
[0.899s] Level 5:colcon.colcon_core.verb:set package 'navigation' build argument 'cmake_clean_cache' from command line to 'False'
[0.899s] Level 5:colcon.colcon_core.verb:set package 'navigation' build argument 'cmake_clean_first' from command line to 'False'
[0.899s] Level 5:colcon.colcon_core.verb:set package 'navigation' build argument 'cmake_force_configure' from command line to 'False'
[0.899s] Level 5:colcon.colcon_core.verb:set package 'navigation' build argument 'meson_args' from command line to '[]'
[0.899s] Level 5:colcon.colcon_core.verb:set package 'navigation' build argument 'ament_cmake_args' from command line to 'None'
[0.899s] Level 5:colcon.colcon_core.verb:set package 'navigation' build argument 'catkin_cmake_args' from command line to 'None'
[0.900s] Level 5:colcon.colcon_core.verb:set package 'navigation' build argument 'catkin_skip_building_tests' from command line to 'False'
[0.900s] DEBUG:colcon.colcon_core.verb:Building package 'navigation' with the following arguments: {'ament_cmake_args': None, 'bazel_args': None, 'bazel_task': None, 'build_base': '/home/luiz/ros2_fbot/build/navigation', 'catkin_cmake_args': None, 'catkin_skip_building_tests': False, 'cmake_args': None, 'cmake_clean_cache': False, 'cmake_clean_first': False, 'cmake_force_configure': False, 'cmake_target': None, 'cmake_target_skip_unavailable': False, 'install_base': '/home/luiz/ros2_fbot/install/navigation', 'merge_install': False, 'meson_args': [], 'path': '/home/luiz/ros2_fbot/src/navigation', 'symlink_install': False, 'test_result_base': None}
[0.924s] Level 5:colcon.colcon_core.verb:set package 'stage_ros2' build argument 'bazel_args' from command line to 'None'
[0.925s] Level 5:colcon.colcon_core.verb:set package 'stage_ros2' build argument 'bazel_task' from command line to 'None'
[0.925s] Level 5:colcon.colcon_core.verb:set package 'stage_ros2' build argument 'cmake_args' from command line to 'None'
[0.925s] Level 5:colcon.colcon_core.verb:set package 'stage_ros2' build argument 'cmake_target' from command line to 'None'
[0.925s] Level 5:colcon.colcon_core.verb:set package 'stage_ros2' build argument 'cmake_target_skip_unavailable' from command line to 'False'
[0.925s] Level 5:colcon.colcon_core.verb:set package 'stage_ros2' build argument 'cmake_clean_cache' from command line to 'False'
[0.926s] Level 5:colcon.colcon_core.verb:set package 'stage_ros2' build argument 'cmake_clean_first' from command line to 'False'
[0.926s] Level 5:colcon.colcon_core.verb:set package 'stage_ros2' build argument 'cmake_force_configure' from command line to 'False'
[0.926s] Level 5:colcon.colcon_core.verb:set package 'stage_ros2' build argument 'meson_args' from command line to '[]'
[0.926s] Level 5:colcon.colcon_core.verb:set package 'stage_ros2' build argument 'ament_cmake_args' from command line to 'None'
[0.926s] Level 5:colcon.colcon_core.verb:set package 'stage_ros2' build argument 'catkin_cmake_args' from command line to 'None'
[0.926s] Level 5:colcon.colcon_core.verb:set package 'stage_ros2' build argument 'catkin_skip_building_tests' from command line to 'False'
[0.926s] DEBUG:colcon.colcon_core.verb:Building package 'stage_ros2' with the following arguments: {'ament_cmake_args': None, 'bazel_args': None, 'bazel_task': None, 'build_base': '/home/luiz/ros2_fbot/build/stage_ros2', 'catkin_cmake_args': None, 'catkin_skip_building_tests': False, 'cmake_args': None, 'cmake_clean_cache': False, 'cmake_clean_first': False, 'cmake_force_configure': False, 'cmake_target': None, 'cmake_target_skip_unavailable': False, 'install_base': '/home/luiz/ros2_fbot/install/stage_ros2', 'merge_install': False, 'meson_args': [], 'path': '/home/luiz/ros2_fbot/src/stage_ros2', 'symlink_install': False, 'test_result_base': None}
[0.926s] INFO:colcon.colcon_core.executor:Executing jobs using 'parallel' executor
[0.928s] DEBUG:colcon.colcon_parallel_executor.executor.parallel:run_until_complete
[0.929s] INFO:colcon.colcon_cmake.task.cmake.build:Building CMake package in '/home/luiz/ros2_fbot/src/Stage'
[0.933s] INFO:colcon.colcon_core.plugin_system:Skipping extension 'colcon_core.shell.bat': Not used on non-Windows systems
[0.933s] DEBUG:colcon.colcon_ros_domain_id_coordinator.shell.ros_domain_id:Allocated ROS_DOMAIN_ID=55 for '/home/luiz/ros2_fbot/build/Stage'
[0.933s] INFO:colcon.colcon_core.shell:Skip shell extension 'ros_domain_id' for command environment: 
[0.934s] INFO:colcon.colcon_core.shell:Skip shell extension 'powershell' for command environment: Not usable outside of PowerShell
[0.934s] DEBUG:colcon.colcon_core.shell:Skip shell extension 'dsv' for command environment
[0.970s] INFO:colcon.colcon_ros.task.ament_python.build:Building ROS package in '/home/luiz/ros2_fbot/src/navigation' with build type 'ament_python'
[0.970s] Level 1:colcon.colcon_core.shell:create_environment_hook('navigation', 'ament_prefix_path')
[0.971s] INFO:colcon.colcon_core.shell:Creating environment hook '/home/luiz/ros2_fbot/install/navigation/share/navigation/hook/ament_prefix_path.ps1'
[0.972s] INFO:colcon.colcon_core.shell:Creating environment descriptor '/home/luiz/ros2_fbot/install/navigation/share/navigation/hook/ament_prefix_path.dsv'
[0.972s] INFO:colcon.colcon_core.shell:Creating environment hook '/home/luiz/ros2_fbot/install/navigation/share/navigation/hook/ament_prefix_path.sh'
[0.973s] DEBUG:colcon.colcon_ros_domain_id_coordinator.shell.ros_domain_id:Allocated ROS_DOMAIN_ID=37 for '/home/luiz/ros2_fbot/build/navigation'
[0.973s] INFO:colcon.colcon_core.shell:Skip shell extension 'ros_domain_id' for command environment: 
[0.973s] INFO:colcon.colcon_core.shell:Skip shell extension 'powershell' for command environment: Not usable outside of PowerShell
[0.973s] DEBUG:colcon.colcon_core.shell:Skip shell extension 'dsv' for command environment
[0.988s] DEBUG:colcon.colcon_core.event_handler.log_command:Invoking command in '/home/luiz/ros2_fbot/build/Stage': /usr/bin/cmake --build /home/luiz/ros2_fbot/build/Stage -- -j4 -l4
[1.507s] INFO:colcon.colcon_core.task.python.build:Building Python package in '/home/luiz/ros2_fbot/src/navigation'
[1.508s] DEBUG:colcon.colcon_ros_domain_id_coordinator.shell.ros_domain_id:Allocated ROS_DOMAIN_ID=37 for '/home/luiz/ros2_fbot/build/navigation'
[1.508s] INFO:colcon.colcon_core.shell:Skip shell extension 'ros_domain_id' for command environment: 
[1.508s] INFO:colcon.colcon_core.shell:Skip shell extension 'powershell' for command environment: Not usable outside of PowerShell
[1.508s] DEBUG:colcon.colcon_core.shell:Skip shell extension 'dsv' for command environment
[2.168s] DEBUG:colcon.colcon_core.event_handler.log_command:Invoking command in '/home/luiz/ros2_fbot/src/navigation': PYTHONPATH=/home/luiz/ros2_fbot/build/navigation/prefix_override:/usr/lib/python3/dist-packages/colcon_core/task/python/colcon_distutils_commands:/home/luiz/ros2_fbot/install/navigation/lib/python3.10/site-packages:${PYTHONPATH} /usr/bin/python3 -W ignore:setup.py install is deprecated -W ignore:easy_install command is deprecated setup.py egg_info --egg-base ../../build/navigation build --build-base /home/luiz/ros2_fbot/build/navigation/build install --record /home/luiz/ros2_fbot/build/navigation/install.log --single-version-externally-managed install_data
[2.657s] DEBUG:colcon.colcon_core.event_handler.log_command:Invoked command in '/home/luiz/ros2_fbot/src/navigation' returned '0': PYTHONPATH=/home/luiz/ros2_fbot/build/navigation/prefix_override:/usr/lib/python3/dist-packages/colcon_core/task/python/colcon_distutils_commands:/home/luiz/ros2_fbot/install/navigation/lib/python3.10/site-packages:${PYTHONPATH} /usr/bin/python3 -W ignore:setup.py install is deprecated -W ignore:easy_install command is deprecated setup.py egg_info --egg-base ../../build/navigation build --build-base /home/luiz/ros2_fbot/build/navigation/build install --record /home/luiz/ros2_fbot/build/navigation/install.log --single-version-externally-managed install_data
[2.660s] Level 1:colcon.colcon_core.environment:checking '/home/luiz/ros2_fbot/install/navigation' for CMake module files
[2.661s] Level 1:colcon.colcon_core.environment:checking '/home/luiz/ros2_fbot/install/navigation' for CMake config files
[2.662s] Level 1:colcon.colcon_core.environment:checking '/home/luiz/ros2_fbot/install/navigation/lib'
[2.662s] Level 1:colcon.colcon_core.environment:checking '/home/luiz/ros2_fbot/install/navigation/bin'
[2.663s] Level 1:colcon.colcon_core.environment:checking '/home/luiz/ros2_fbot/install/navigation/lib/pkgconfig/navigation.pc'
[2.663s] Level 1:colcon.colcon_core.environment:checking '/home/luiz/ros2_fbot/install/navigation/lib/python3.10/site-packages'
[2.663s] Level 1:colcon.colcon_core.shell:create_environment_hook('navigation', 'pythonpath')
[2.664s] INFO:colcon.colcon_core.shell:Creating environment hook '/home/luiz/ros2_fbot/install/navigation/share/navigation/hook/pythonpath.ps1'
[2.665s] INFO:colcon.colcon_core.shell:Creating environment descriptor '/home/luiz/ros2_fbot/install/navigation/share/navigation/hook/pythonpath.dsv'
[2.666s] INFO:colcon.colcon_core.shell:Creating environment hook '/home/luiz/ros2_fbot/install/navigation/share/navigation/hook/pythonpath.sh'
[2.667s] Level 1:colcon.colcon_core.environment:checking '/home/luiz/ros2_fbot/install/navigation/bin'
[2.667s] Level 1:colcon.colcon_core.environment:create_environment_scripts_only(navigation)
[2.669s] INFO:colcon.colcon_core.shell:Creating package script '/home/luiz/ros2_fbot/install/navigation/share/navigation/package.ps1'
[2.671s] INFO:colcon.colcon_core.shell:Creating package descriptor '/home/luiz/ros2_fbot/install/navigation/share/navigation/package.dsv'
[2.673s] INFO:colcon.colcon_core.shell:Creating package script '/home/luiz/ros2_fbot/install/navigation/share/navigation/package.sh'
[2.681s] INFO:colcon.colcon_core.shell:Creating package script '/home/luiz/ros2_fbot/install/navigation/share/navigation/package.bash'
[2.682s] INFO:colcon.colcon_core.shell:Creating package script '/home/luiz/ros2_fbot/install/navigation/share/navigation/package.zsh'
[2.687s] Level 1:colcon.colcon_core.environment:create_file_with_runtime_dependencies(/home/luiz/ros2_fbot/install/navigation/share/colcon-core/packages/navigation)
[2.690s] DEBUG:colcon.colcon_ros_domain_id_coordinator.shell.ros_domain_id:Released ROS_DOMAIN_ID=37 for '/home/luiz/ros2_fbot/build/navigation'
[3.092s] DEBUG:colcon.colcon_core.event_handler.log_command:Invoked command in '/home/luiz/ros2_fbot/build/Stage' returned '0': /usr/bin/cmake --build /home/luiz/ros2_fbot/build/Stage -- -j4 -l4
[3.113s] DEBUG:colcon.colcon_core.event_handler.log_command:Invoking command in '/home/luiz/ros2_fbot/build/Stage': /usr/bin/cmake --install /home/luiz/ros2_fbot/build/Stage
[3.150s] Level 1:colcon.colcon_core.environment:create_environment_scripts_only(Stage)
[3.151s] Level 1:colcon.colcon_core.environment:checking '/home/luiz/ros2_fbot/install/Stage' for CMake module files
[3.151s] Level 1:colcon.colcon_core.environment:checking '/home/luiz/ros2_fbot/install/Stage' for CMake config files
[3.153s] Level 1:colcon.colcon_core.shell:create_environment_hook('Stage', 'cmake_prefix_path')
[3.154s] INFO:colcon.colcon_core.shell:Creating environment hook '/home/luiz/ros2_fbot/install/Stage/share/Stage/hook/cmake_prefix_path.ps1'
[3.157s] INFO:colcon.colcon_core.shell:Creating environment descriptor '/home/luiz/ros2_fbot/install/Stage/share/Stage/hook/cmake_prefix_path.dsv'
[3.158s] INFO:colcon.colcon_core.shell:Creating environment hook '/home/luiz/ros2_fbot/install/Stage/share/Stage/hook/cmake_prefix_path.sh'
[3.159s] Level 1:colcon.colcon_core.environment:checking '/home/luiz/ros2_fbot/install/Stage/lib'
[3.159s] Level 1:colcon.colcon_core.shell:create_environment_hook('Stage', 'ld_library_path_lib')
[3.159s] INFO:colcon.colcon_core.shell:Creating environment hook '/home/luiz/ros2_fbot/install/Stage/share/Stage/hook/ld_library_path_lib.ps1'
[3.162s] INFO:colcon.colcon_core.shell:Creating environment descriptor '/home/luiz/ros2_fbot/install/Stage/share/Stage/hook/ld_library_path_lib.dsv'
[3.162s] INFO:colcon.colcon_core.shell:Creating environment hook '/home/luiz/ros2_fbot/install/Stage/share/Stage/hook/ld_library_path_lib.sh'
[3.163s] Level 1:colcon.colcon_core.environment:checking '/home/luiz/ros2_fbot/install/Stage/bin'
[3.164s] DEBUG:colcon.colcon_core.event_handler.log_command:Invoked command in '/home/luiz/ros2_fbot/build/Stage' returned '0': /usr/bin/cmake --install /home/luiz/ros2_fbot/build/Stage
[3.164s] Level 1:colcon.colcon_core.shell:create_environment_hook('Stage', 'path')
[3.165s] INFO:colcon.colcon_core.shell:Creating environment hook '/home/luiz/ros2_fbot/install/Stage/share/Stage/hook/path.ps1'
[3.166s] INFO:colcon.colcon_core.shell:Creating environment descriptor '/home/luiz/ros2_fbot/install/Stage/share/Stage/hook/path.dsv'
[3.166s] INFO:colcon.colcon_core.shell:Creating environment hook '/home/luiz/ros2_fbot/install/Stage/share/Stage/hook/path.sh'
[3.167s] Level 1:colcon.colcon_core.environment:checking '/home/luiz/ros2_fbot/install/Stage/lib/pkgconfig/Stage.pc'
[3.167s] Level 1:colcon.colcon_core.environment:checking '/home/luiz/ros2_fbot/install/Stage/lib/python3.10/site-packages'
[3.168s] Level 1:colcon.colcon_core.environment:checking '/home/luiz/ros2_fbot/install/Stage/bin'
[3.168s] Level 1:colcon.colcon_core.shell:create_environment_hook('Stage', 'pythonscriptspath')
[3.168s] INFO:colcon.colcon_core.shell:Creating environment hook '/home/luiz/ros2_fbot/install/Stage/share/Stage/hook/pythonscriptspath.ps1'
[3.169s] INFO:colcon.colcon_core.shell:Creating environment descriptor '/home/luiz/ros2_fbot/install/Stage/share/Stage/hook/pythonscriptspath.dsv'
[3.169s] INFO:colcon.colcon_core.shell:Creating environment hook '/home/luiz/ros2_fbot/install/Stage/share/Stage/hook/pythonscriptspath.sh'
[3.171s] INFO:colcon.colcon_core.shell:Creating package script '/home/luiz/ros2_fbot/install/Stage/share/Stage/package.ps1'
[3.172s] INFO:colcon.colcon_core.shell:Creating package descriptor '/home/luiz/ros2_fbot/install/Stage/share/Stage/package.dsv'
[3.172s] INFO:colcon.colcon_core.shell:Creating package script '/home/luiz/ros2_fbot/install/Stage/share/Stage/package.sh'
[3.173s] INFO:colcon.colcon_core.shell:Creating package script '/home/luiz/ros2_fbot/install/Stage/share/Stage/package.bash'
[3.174s] INFO:colcon.colcon_core.shell:Creating package script '/home/luiz/ros2_fbot/install/Stage/share/Stage/package.zsh'
[3.174s] Level 1:colcon.colcon_core.environment:create_file_with_runtime_dependencies(/home/luiz/ros2_fbot/install/Stage/share/colcon-core/packages/Stage)
[3.175s] INFO:colcon.colcon_ros.task.ament_cmake.build:Building ROS package in '/home/luiz/ros2_fbot/src/stage_ros2' with build type 'ament_cmake'
[3.175s] INFO:colcon.colcon_cmake.task.cmake.build:Building CMake package in '/home/luiz/ros2_fbot/src/stage_ros2'
[3.176s] DEBUG:colcon.colcon_ros_domain_id_coordinator.shell.ros_domain_id:Allocated ROS_DOMAIN_ID=94 for '/home/luiz/ros2_fbot/build/stage_ros2'
[3.176s] INFO:colcon.colcon_core.shell:Skip shell extension 'ros_domain_id' for command environment: 
[3.176s] INFO:colcon.colcon_core.shell:Skip shell extension 'powershell' for command environment: Not usable outside of PowerShell
[3.176s] DEBUG:colcon.colcon_core.shell:Skip shell extension 'dsv' for command environment
[3.177s] DEBUG:colcon.colcon_ros_domain_id_coordinator.shell.ros_domain_id:Released ROS_DOMAIN_ID=55 for '/home/luiz/ros2_fbot/build/Stage'
[3.209s] DEBUG:colcon.colcon_core.event_handler.log_command:Invoking command in '/home/luiz/ros2_fbot/build/stage_ros2': CMAKE_PREFIX_PATH=/home/luiz/ros2_fbot/install/Stage:/home/luiz/ros2_fbot/install/stage_ros2:/home/luiz/ros2_fbot/install/navigation:/home/luiz/ros2_ws/install/my_py_pkg:/opt/ros/humble LD_LIBRARY_PATH=/home/luiz/ros2_fbot/install/Stage/lib:/home/luiz/ros2_fbot/install/stage_ros2/lib:/opt/ros/humble/opt/rviz_ogre_vendor/lib:/opt/ros/humble/lib/x86_64-linux-gnu:/opt/ros/humble/lib /usr/bin/cmake --build /home/luiz/ros2_fbot/build/stage_ros2 -- -j4 -l4
[3.985s] DEBUG:colcon.colcon_core.event_handler.log_command:Invoked command in '/home/luiz/ros2_fbot/build/stage_ros2' returned '0': CMAKE_PREFIX_PATH=/home/luiz/ros2_fbot/install/Stage:/home/luiz/ros2_fbot/install/stage_ros2:/home/luiz/ros2_fbot/install/navigation:/home/luiz/ros2_ws/install/my_py_pkg:/opt/ros/humble LD_LIBRARY_PATH=/home/luiz/ros2_fbot/install/Stage/lib:/home/luiz/ros2_fbot/install/stage_ros2/lib:/opt/ros/humble/opt/rviz_ogre_vendor/lib:/opt/ros/humble/lib/x86_64-linux-gnu:/opt/ros/humble/lib /usr/bin/cmake --build /home/luiz/ros2_fbot/build/stage_ros2 -- -j4 -l4
[3.987s] DEBUG:colcon.colcon_core.event_handler.log_command:Invoking command in '/home/luiz/ros2_fbot/build/stage_ros2': CMAKE_PREFIX_PATH=/home/luiz/ros2_fbot/install/Stage:/home/luiz/ros2_fbot/install/stage_ros2:/home/luiz/ros2_fbot/install/navigation:/home/luiz/ros2_ws/install/my_py_pkg:/opt/ros/humble LD_LIBRARY_PATH=/home/luiz/ros2_fbot/install/Stage/lib:/home/luiz/ros2_fbot/install/stage_ros2/lib:/opt/ros/humble/opt/rviz_ogre_vendor/lib:/opt/ros/humble/lib/x86_64-linux-gnu:/opt/ros/humble/lib /usr/bin/cmake --install /home/luiz/ros2_fbot/build/stage_ros2
[4.032s] Level 1:colcon.colcon_core.environment:create_environment_scripts_only(stage_ros2)
[4.033s] Level 1:colcon.colcon_core.environment:checking '/home/luiz/ros2_fbot/install/stage_ros2' for CMake module files
[4.034s] DEBUG:colcon.colcon_core.event_handler.log_command:Invoked command in '/home/luiz/ros2_fbot/build/stage_ros2' returned '0': CMAKE_PREFIX_PATH=/home/luiz/ros2_fbot/install/Stage:/home/luiz/ros2_fbot/install/stage_ros2:/home/luiz/ros2_fbot/install/navigation:/home/luiz/ros2_ws/install/my_py_pkg:/opt/ros/humble LD_LIBRARY_PATH=/home/luiz/ros2_fbot/install/Stage/lib:/home/luiz/ros2_fbot/install/stage_ros2/lib:/opt/ros/humble/opt/rviz_ogre_vendor/lib:/opt/ros/humble/lib/x86_64-linux-gnu:/opt/ros/humble/lib /usr/bin/cmake --install /home/luiz/ros2_fbot/build/stage_ros2
[4.035s] Level 1:colcon.colcon_core.environment:checking '/home/luiz/ros2_fbot/install/stage_ros2' for CMake config files
[4.035s] Level 1:colcon.colcon_core.shell:create_environment_hook('stage_ros2', 'cmake_prefix_path')
[4.036s] INFO:colcon.colcon_core.shell:Creating environment hook '/home/luiz/ros2_fbot/install/stage_ros2/share/stage_ros2/hook/cmake_prefix_path.ps1'
[4.036s] INFO:colcon.colcon_core.shell:Creating environment descriptor '/home/luiz/ros2_fbot/install/stage_ros2/share/stage_ros2/hook/cmake_prefix_path.dsv'
[4.037s] INFO:colcon.colcon_core.shell:Creating environment hook '/home/luiz/ros2_fbot/install/stage_ros2/share/stage_ros2/hook/cmake_prefix_path.sh'
[4.038s] Level 1:colcon.colcon_core.environment:checking '/home/luiz/ros2_fbot/install/stage_ros2/lib'
[4.038s] Level 1:colcon.colcon_core.shell:create_environment_hook('stage_ros2', 'ld_library_path_lib')
[4.038s] INFO:colcon.colcon_core.shell:Creating environment hook '/home/luiz/ros2_fbot/install/stage_ros2/share/stage_ros2/hook/ld_library_path_lib.ps1'
[4.039s] INFO:colcon.colcon_core.shell:Creating environment descriptor '/home/luiz/ros2_fbot/install/stage_ros2/share/stage_ros2/hook/ld_library_path_lib.dsv'
[4.039s] INFO:colcon.colcon_core.shell:Creating environment hook '/home/luiz/ros2_fbot/install/stage_ros2/share/stage_ros2/hook/ld_library_path_lib.sh'
[4.040s] Level 1:colcon.colcon_core.environment:checking '/home/luiz/ros2_fbot/install/stage_ros2/bin'
[4.040s] Level 1:colcon.colcon_core.environment:checking '/home/luiz/ros2_fbot/install/stage_ros2/lib/pkgconfig/stage_ros2.pc'
[4.040s] Level 1:colcon.colcon_core.environment:checking '/home/luiz/ros2_fbot/install/stage_ros2/lib/python3.10/site-packages'
[4.041s] Level 1:colcon.colcon_core.environment:checking '/home/luiz/ros2_fbot/install/stage_ros2/bin'
[4.041s] INFO:colcon.colcon_core.shell:Creating package script '/home/luiz/ros2_fbot/install/stage_ros2/share/stage_ros2/package.ps1'
[4.042s] INFO:colcon.colcon_core.shell:Creating package descriptor '/home/luiz/ros2_fbot/install/stage_ros2/share/stage_ros2/package.dsv'
[4.043s] INFO:colcon.colcon_core.shell:Creating package script '/home/luiz/ros2_fbot/install/stage_ros2/share/stage_ros2/package.sh'
[4.044s] INFO:colcon.colcon_core.shell:Creating package script '/home/luiz/ros2_fbot/install/stage_ros2/share/stage_ros2/package.bash'
[4.044s] INFO:colcon.colcon_core.shell:Creating package script '/home/luiz/ros2_fbot/install/stage_ros2/share/stage_ros2/package.zsh'
[4.045s] Level 1:colcon.colcon_core.environment:create_file_with_runtime_dependencies(/home/luiz/ros2_fbot/install/stage_ros2/share/colcon-core/packages/stage_ros2)
[4.046s] Level 1:colcon.colcon_core.environment:create_environment_scripts_only(stage_ros2)
[4.046s] Level 1:colcon.colcon_core.environment:checking '/home/luiz/ros2_fbot/install/stage_ros2' for CMake module files
[4.047s] Level 1:colcon.colcon_core.environment:checking '/home/luiz/ros2_fbot/install/stage_ros2' for CMake config files
[4.047s] Level 1:colcon.colcon_core.shell:create_environment_hook('stage_ros2', 'cmake_prefix_path')
[4.048s] INFO:colcon.colcon_core.shell:Creating environment hook '/home/luiz/ros2_fbot/install/stage_ros2/share/stage_ros2/hook/cmake_prefix_path.ps1'
[4.048s] INFO:colcon.colcon_core.shell:Creating environment descriptor '/home/luiz/ros2_fbot/install/stage_ros2/share/stage_ros2/hook/cmake_prefix_path.dsv'
[4.049s] INFO:colcon.colcon_core.shell:Creating environment hook '/home/luiz/ros2_fbot/install/stage_ros2/share/stage_ros2/hook/cmake_prefix_path.sh'
[4.050s] Level 1:colcon.colcon_core.environment:checking '/home/luiz/ros2_fbot/install/stage_ros2/lib'
[4.050s] Level 1:colcon.colcon_core.shell:create_environment_hook('stage_ros2', 'ld_library_path_lib')
[4.051s] INFO:colcon.colcon_core.shell:Creating environment hook '/home/luiz/ros2_fbot/install/stage_ros2/share/stage_ros2/hook/ld_library_path_lib.ps1'
[4.051s] INFO:colcon.colcon_core.shell:Creating environment descriptor '/home/luiz/ros2_fbot/install/stage_ros2/share/stage_ros2/hook/ld_library_path_lib.dsv'
[4.052s] INFO:colcon.colcon_core.shell:Creating environment hook '/home/luiz/ros2_fbot/install/stage_ros2/share/stage_ros2/hook/ld_library_path_lib.sh'
[4.052s] Level 1:colcon.colcon_core.environment:checking '/home/luiz/ros2_fbot/install/stage_ros2/bin'
[4.052s] Level 1:colcon.colcon_core.environment:checking '/home/luiz/ros2_fbot/install/stage_ros2/lib/pkgconfig/stage_ros2.pc'
[4.053s] Level 1:colcon.colcon_core.environment:checking '/home/luiz/ros2_fbot/install/stage_ros2/lib/python3.10/site-packages'
[4.053s] Level 1:colcon.colcon_core.environment:checking '/home/luiz/ros2_fbot/install/stage_ros2/bin'
[4.054s] INFO:colcon.colcon_core.shell:Creating package script '/home/luiz/ros2_fbot/install/stage_ros2/share/stage_ros2/package.ps1'
[4.054s] INFO:colcon.colcon_core.shell:Creating package descriptor '/home/luiz/ros2_fbot/install/stage_ros2/share/stage_ros2/package.dsv'
[4.055s] INFO:colcon.colcon_core.shell:Creating package script '/home/luiz/ros2_fbot/install/stage_ros2/share/stage_ros2/package.sh'
[4.056s] INFO:colcon.colcon_core.shell:Creating package script '/home/luiz/ros2_fbot/install/stage_ros2/share/stage_ros2/package.bash'
[4.057s] INFO:colcon.colcon_core.shell:Creating package script '/home/luiz/ros2_fbot/install/stage_ros2/share/stage_ros2/package.zsh'
[4.057s] Level 1:colcon.colcon_core.environment:create_file_with_runtime_dependencies(/home/luiz/ros2_fbot/install/stage_ros2/share/colcon-core/packages/stage_ros2)
[4.058s] DEBUG:colcon.colcon_parallel_executor.executor.parallel:closing loop
[4.058s] DEBUG:colcon.colcon_ros_domain_id_coordinator.shell.ros_domain_id:Released ROS_DOMAIN_ID=94 for '/home/luiz/ros2_fbot/build/stage_ros2'
[4.058s] DEBUG:colcon.colcon_parallel_executor.executor.parallel:loop closed
[4.058s] DEBUG:colcon.colcon_parallel_executor.executor.parallel:run_until_complete finished with '0'
[4.058s] DEBUG:colcon.colcon_core.event_reactor:joining thread
[4.116s] INFO:colcon.colcon_core.plugin_system:Skipping extension 'colcon_notification.desktop_notification.terminal_notifier': Not used on non-Darwin systems
[4.117s] INFO:colcon.colcon_core.plugin_system:Skipping extension 'colcon_notification.desktop_notification.win32': Not used on non-Windows systems
[4.117s] INFO:colcon.colcon_notification.desktop_notification:Sending desktop notification using 'notify2'
[4.253s] DEBUG:colcon.colcon_core.event_reactor:joined thread
[4.254s] INFO:colcon.colcon_core.shell:Creating prefix script '/home/luiz/ros2_fbot/install/local_setup.ps1'
[4.256s] INFO:colcon.colcon_core.shell:Creating prefix util module '/home/luiz/ros2_fbot/install/_local_setup_util_ps1.py'
[4.259s] INFO:colcon.colcon_core.shell:Creating prefix chain script '/home/luiz/ros2_fbot/install/setup.ps1'
[4.261s] INFO:colcon.colcon_core.shell:Creating prefix script '/home/luiz/ros2_fbot/install/local_setup.sh'
[4.262s] INFO:colcon.colcon_core.shell:Creating prefix util module '/home/luiz/ros2_fbot/install/_local_setup_util_sh.py'
[4.263s] INFO:colcon.colcon_core.shell:Creating prefix chain script '/home/luiz/ros2_fbot/install/setup.sh'
[4.265s] INFO:colcon.colcon_core.shell:Creating prefix script '/home/luiz/ros2_fbot/install/local_setup.bash'
[4.266s] INFO:colcon.colcon_core.shell:Creating prefix chain script '/home/luiz/ros2_fbot/install/setup.bash'
[4.269s] INFO:colcon.colcon_core.shell:Creating prefix script '/home/luiz/ros2_fbot/install/local_setup.zsh'
[4.270s] INFO:colcon.colcon_core.shell:Creating prefix chain script '/home/luiz/ros2_fbot/install/setup.zsh'
[4.272s] INFO:colcon.colcon_core.shell:Creating '/home/luiz/ros2_fbot/install/spawn_shell.bash'
