[1.382s] Invoking command in '/home/luiz/ros2_fbot/src/navigation': PYTHONPATH=/home/luiz/ros2_fbot/build/navigation/prefix_override:/usr/lib/python3/dist-packages/colcon_core/task/python/colcon_distutils_commands:/home/luiz/ros2_fbot/install/navigation/lib/python3.10/site-packages:${PYTHONPATH} /usr/bin/python3 -W ignore:setup.py install is deprecated -W ignore:easy_install command is deprecated setup.py egg_info --egg-base ../../build/navigation build --build-base /home/luiz/ros2_fbot/build/navigation/build install --record /home/luiz/ros2_fbot/build/navigation/install.log --single-version-externally-managed install_data
[1.834s] running egg_info
[1.838s] writing ../../build/navigation/navigation.egg-info/PKG-INFO
[1.838s] writing dependency_links to ../../build/navigation/navigation.egg-info/dependency_links.txt
[1.839s] writing entry points to ../../build/navigation/navigation.egg-info/entry_points.txt
[1.841s] writing requirements to ../../build/navigation/navigation.egg-info/requires.txt
[1.842s] writing top-level names to ../../build/navigation/navigation.egg-info/top_level.txt
[1.844s] reading manifest file '../../build/navigation/navigation.egg-info/SOURCES.txt'
[1.847s] writing manifest file '../../build/navigation/navigation.egg-info/SOURCES.txt'
[1.847s] running build
[1.847s] running build_py
[1.847s] copying navigation/auto_walk.py -> /home/luiz/ros2_fbot/build/navigation/build/lib/navigation
[1.847s] running install
[1.848s] running install_lib
[1.849s] copying /home/luiz/ros2_fbot/build/navigation/build/lib/navigation/auto_walk.py -> /home/luiz/ros2_fbot/install/navigation/lib/python3.10/site-packages/navigation
[1.849s] byte-compiling /home/luiz/ros2_fbot/install/navigation/lib/python3.10/site-packages/navigation/auto_walk.py to auto_walk.cpython-310.pyc
[1.850s] running install_data
[1.851s] running install_egg_info
[1.854s] removing '/home/luiz/ros2_fbot/install/navigation/lib/python3.10/site-packages/navigation-0.0.0-py3.10.egg-info' (and everything under it)
[1.854s] Copying ../../build/navigation/navigation.egg-info to /home/luiz/ros2_fbot/install/navigation/lib/python3.10/site-packages/navigation-0.0.0-py3.10.egg-info
[1.855s] running install_scripts
[1.893s] Installing navigation script to /home/luiz/ros2_fbot/install/navigation/lib/navigation
[1.894s] writing list of installed files to '/home/luiz/ros2_fbot/build/navigation/install.log'
[1.942s] Invoked command in '/home/luiz/ros2_fbot/src/navigation' returned '0': PYTHONPATH=/home/luiz/ros2_fbot/build/navigation/prefix_override:/usr/lib/python3/dist-packages/colcon_core/task/python/colcon_distutils_commands:/home/luiz/ros2_fbot/install/navigation/lib/python3.10/site-packages:${PYTHONPATH} /usr/bin/python3 -W ignore:setup.py install is deprecated -W ignore:easy_install command is deprecated setup.py egg_info --egg-base ../../build/navigation build --build-base /home/luiz/ros2_fbot/build/navigation/build install --record /home/luiz/ros2_fbot/build/navigation/install.log --single-version-externally-managed install_data
