[0.085s] Invoking command in '/home/luiz/ros2_fbot/build/stage_ros2': CMAKE_PREFIX_PATH=/home/luiz/ros2_fbot/install/Stage:/home/luiz/ros2_ws/install/my_py_pkg:/opt/ros/humble LD_LIBRARY_PATH=/home/luiz/ros2_fbot/install/Stage/lib:${LD_LIBRARY_PATH} PATH=/home/luiz/ros2_fbot/install/Stage/bin:${PATH} /usr/bin/cmake /home/luiz/ros2_fbot/src/stage_ros2 -DOpenGL_GL_PREFERENCE=LEGACY -DAMENT_CMAKE_SYMLINK_INSTALL=1 -DCMAKE_INSTALL_PREFIX=/home/luiz/ros2_fbot/install/stage_ros2
[0.190s] -- The C compiler identification is GNU 11.4.0
[0.350s] -- The CXX compiler identification is GNU 11.4.0
[0.362s] -- Detecting C compiler ABI info
[0.468s] -- Detecting C compiler ABI info - done
[0.483s] -- Check for working C compiler: /usr/bin/cc - skipped
[0.484s] -- Detecting C compile features
[0.508s] -- Detecting C compile features - done
[0.532s] -- Detecting CXX compiler ABI info
[0.659s] -- Detecting CXX compiler ABI info - done
[0.672s] -- Check for working CXX compiler: /usr/bin/c++ - skipped
[0.672s] -- Detecting CXX compile features
[0.674s] -- Detecting CXX compile features - done
[0.926s] -- Found ament_cmake: 1.3.11 (/opt/ros/humble/share/ament_cmake/cmake)
[1.378s] -- Found Python3: /usr/bin/python3 (found version "3.10.12") found components: Interpreter 
[1.649s] -- Override CMake install command with custom implementation using symlinks instead of copying resources
[1.820s] -- Found rclcpp: 16.0.12 (/opt/ros/humble/share/rclcpp/cmake)
[2.079s] -- Found rosidl_generator_c: 3.1.6 (/opt/ros/humble/share/rosidl_generator_c/cmake)
[2.106s] -- Found rosidl_adapter: 3.1.6 (/opt/ros/humble/share/rosidl_adapter/cmake)
[2.155s] -- Found rosidl_generator_cpp: 3.1.6 (/opt/ros/humble/share/rosidl_generator_cpp/cmake)
[2.206s] -- Using all available rosidl_typesupport_c: rosidl_typesupport_fastrtps_c;rosidl_typesupport_introspection_c
[2.242s] -- Using all available rosidl_typesupport_cpp: rosidl_typesupport_fastrtps_cpp;rosidl_typesupport_introspection_cpp
[2.435s] -- Found rmw_implementation_cmake: 6.1.2 (/opt/ros/humble/share/rmw_implementation_cmake/cmake)
[2.449s] -- Found rmw_fastrtps_cpp: 6.2.7 (/opt/ros/humble/share/rmw_fastrtps_cpp/cmake)
[2.878s] -- Found OpenSSL: /usr/lib/x86_64-linux-gnu/libcrypto.so (found version "3.0.2")  
[2.918s] -- Found FastRTPS: /opt/ros/humble/include  
[2.982s] -- Using RMW implementation 'rmw_fastrtps_cpp' as default
[3.076s] -- Looking for pthread.h
[3.229s] -- Looking for pthread.h - found
[3.229s] -- Performing Test CMAKE_HAVE_LIBC_PTHREAD
[3.378s] -- Performing Test CMAKE_HAVE_LIBC_PTHREAD - Success
[3.378s] -- Found Threads: TRUE  
[3.561s] -- Found rclcpp_components: 16.0.12 (/opt/ros/humble/share/rclcpp_components/cmake)
[3.692s] -- Found sensor_msgs: 4.8.0 (/opt/ros/humble/share/sensor_msgs/cmake)
[3.809s] -- Found nav_msgs: 4.8.0 (/opt/ros/humble/share/nav_msgs/cmake)
[3.885s] -- Found tf2_ros: 0.25.12 (/opt/ros/humble/share/tf2_ros/cmake)
[4.137s] -- Found tf2_geometry_msgs: 0.25.12 (/opt/ros/humble/share/tf2_geometry_msgs/cmake)
[4.238s] -- Found eigen3_cmake_module: 0.1.1 (/opt/ros/humble/share/eigen3_cmake_module/cmake)
[4.241s] -- Found Eigen3: TRUE (found version "3.4.0") 
[4.241s] -- Ensuring Eigen3 include directory is part of orocos-kdl CMake target
[4.268s] -- Found std_srvs: 4.8.0 (/opt/ros/humble/share/std_srvs/cmake)
[4.308s] -- Found ament_lint_auto: 0.12.12 (/opt/ros/humble/share/ament_lint_auto/cmake)
[4.540s] -- Added test 'cppcheck' to perform static code analysis on C / C++ code
[4.541s] -- Configured cppcheck include dirs: /home/luiz/ros2_fbot/src/stage_ros2/./include;$<BUILD_INTERFACE:/home/luiz/ros2_fbot/src/stage_ros2/include>
[4.542s] -- Configured cppcheck exclude dirs and/or files: 
[4.544s] -- Added test 'flake8' to check Python code syntax and style conventions
[4.547s] -- Added test 'lint_cmake' to check CMake code style
[4.548s] -- Added test 'pep257' to check Python code against some of the docstring style conventions in PEP 257
[4.555s] -- Added test 'uncrustify' to check C / C++ code style
[4.555s] -- Configured uncrustify additional arguments: 
[4.557s] -- Added test 'xmllint' to check XML markup files
[4.562s] -- Configuring done
[4.718s] -- Generating done
[4.722s] [33mCMake Warning:
[4.722s]   Manually-specified variables were not used by the project:
[4.722s] 
[4.722s]     OpenGL_GL_PREFERENCE
[4.722s] 
[4.722s] [0m
[4.744s] -- Build files have been written to: /home/luiz/ros2_fbot/build/stage_ros2
[4.758s] Invoked command in '/home/luiz/ros2_fbot/build/stage_ros2' returned '0': CMAKE_PREFIX_PATH=/home/luiz/ros2_fbot/install/Stage:/home/luiz/ros2_ws/install/my_py_pkg:/opt/ros/humble LD_LIBRARY_PATH=/home/luiz/ros2_fbot/install/Stage/lib:${LD_LIBRARY_PATH} PATH=/home/luiz/ros2_fbot/install/Stage/bin:${PATH} /usr/bin/cmake /home/luiz/ros2_fbot/src/stage_ros2 -DOpenGL_GL_PREFERENCE=LEGACY -DAMENT_CMAKE_SYMLINK_INSTALL=1 -DCMAKE_INSTALL_PREFIX=/home/luiz/ros2_fbot/install/stage_ros2
[4.763s] Invoking command in '/home/luiz/ros2_fbot/build/stage_ros2': CMAKE_PREFIX_PATH=/home/luiz/ros2_fbot/install/Stage:/home/luiz/ros2_ws/install/my_py_pkg:/opt/ros/humble LD_LIBRARY_PATH=/home/luiz/ros2_fbot/install/Stage/lib:${LD_LIBRARY_PATH} PATH=/home/luiz/ros2_fbot/install/Stage/bin:${PATH} /usr/bin/cmake --build /home/luiz/ros2_fbot/build/stage_ros2 -- -j4 -l4
[4.836s] [ 14%] [32mBuilding CXX object CMakeFiles/stage_node.dir/src/stage_node.cpp.o[0m
[16.862s] [ 28%] [32mBuilding CXX object CMakeFiles/stage_node.dir/src/camera.cpp.o[0m
[27.120s] [ 42%] [32mBuilding CXX object CMakeFiles/stage_node.dir/src/ranger.cpp.o[0m
[36.256s] [ 57%] [32mBuilding CXX object CMakeFiles/stage_node.dir/src/vehicle.cpp.o[0m
[52.141s] [ 71%] [32m[1mLinking CXX shared library libstage_node.so[0m
[54.704s] [ 71%] Built target stage_node
[54.733s] [ 85%] [32mBuilding CXX object CMakeFiles/stage_ros2.dir/src/main.cpp.o[0m
[59.654s] [100%] [32m[1mLinking CXX executable stage_ros2[0m
[60.482s] [100%] Built target stage_ros2
[60.499s] Invoked command in '/home/luiz/ros2_fbot/build/stage_ros2' returned '0': CMAKE_PREFIX_PATH=/home/luiz/ros2_fbot/install/Stage:/home/luiz/ros2_ws/install/my_py_pkg:/opt/ros/humble LD_LIBRARY_PATH=/home/luiz/ros2_fbot/install/Stage/lib:${LD_LIBRARY_PATH} PATH=/home/luiz/ros2_fbot/install/Stage/bin:${PATH} /usr/bin/cmake --build /home/luiz/ros2_fbot/build/stage_ros2 -- -j4 -l4
[60.502s] Invoking command in '/home/luiz/ros2_fbot/build/stage_ros2': CMAKE_PREFIX_PATH=/home/luiz/ros2_fbot/install/Stage:/home/luiz/ros2_ws/install/my_py_pkg:/opt/ros/humble LD_LIBRARY_PATH=/home/luiz/ros2_fbot/install/Stage/lib:${LD_LIBRARY_PATH} PATH=/home/luiz/ros2_fbot/install/Stage/bin:${PATH} /usr/bin/cmake --install /home/luiz/ros2_fbot/build/stage_ros2
[60.512s] -- Install configuration: ""
[60.513s] -- Execute custom install script
[60.514s] -- Symlinking: /home/luiz/ros2_fbot/install/stage_ros2/share/stage_ros2/environment/library_path.sh
[60.527s] -- Symlinking: /home/luiz/ros2_fbot/install/stage_ros2/share/stage_ros2/environment/library_path.dsv
[60.539s] -- Symlinking: /home/luiz/ros2_fbot/install/stage_ros2/share/stage_ros2//launch/demo.launch.py
[60.552s] -- Symlinking: /home/luiz/ros2_fbot/install/stage_ros2/share/stage_ros2//launch/f710.launch.py
[60.565s] -- Symlinking: /home/luiz/ros2_fbot/install/stage_ros2/share/stage_ros2//launch/rviz.launch.py
[60.578s] -- Symlinking: /home/luiz/ros2_fbot/install/stage_ros2/share/stage_ros2//launch/rviz_ns.launch.py
[60.590s] -- Symlinking: /home/luiz/ros2_fbot/install/stage_ros2/share/stage_ros2//launch/stage.launch.py
[60.604s] -- Symlinking: /home/luiz/ros2_fbot/install/stage_ros2/share/stage_ros2//world/bitmaps/cave.png
[60.617s] -- Symlinking: /home/luiz/ros2_fbot/install/stage_ros2/share/stage_ros2//world/bitmaps/hallway.pgm
[60.629s] -- Symlinking: /home/luiz/ros2_fbot/install/stage_ros2/share/stage_ros2//world/bitmaps/hallway.png
[60.641s] -- Symlinking: /home/luiz/ros2_fbot/install/stage_ros2/share/stage_ros2//world/bitmaps/line.png
[60.653s] -- Symlinking: /home/luiz/ros2_fbot/install/stage_ros2/share/stage_ros2//world/bitmaps/straden.png
[60.668s] -- Symlinking: /home/luiz/ros2_fbot/install/stage_ros2/share/stage_ros2//world/bitmaps/warehouse008.pgm
[60.682s] -- Symlinking: /home/luiz/ros2_fbot/install/stage_ros2/share/stage_ros2//world/bitmaps/warehouse032.pgm
[60.694s] -- Symlinking: /home/luiz/ros2_fbot/install/stage_ros2/share/stage_ros2//world/bitmaps/warehouse200.pgm
[60.707s] -- Symlinking: /home/luiz/ros2_fbot/install/stage_ros2/share/stage_ros2//world/bitmaps/willow-full.pgm
[60.720s] -- Symlinking: /home/luiz/ros2_fbot/install/stage_ros2/share/stage_ros2//world/cave.world
[60.732s] -- Symlinking: /home/luiz/ros2_fbot/install/stage_ros2/share/stage_ros2//world/cave_multi.world
[60.743s] -- Symlinking: /home/luiz/ros2_fbot/install/stage_ros2/share/stage_ros2//world/cave_seven_robots.world
[60.755s] -- Symlinking: /home/luiz/ros2_fbot/install/stage_ros2/share/stage_ros2//world/cave_three_robots.world
[60.771s] -- Symlinking: /home/luiz/ros2_fbot/install/stage_ros2/share/stage_ros2//world/hallway.world
[60.784s] -- Symlinking: /home/luiz/ros2_fbot/install/stage_ros2/share/stage_ros2//world/include/pioneer2dx.inc
[60.796s] -- Symlinking: /home/luiz/ros2_fbot/install/stage_ros2/share/stage_ros2//world/include/robots.inc
[60.809s] -- Symlinking: /home/luiz/ros2_fbot/install/stage_ros2/share/stage_ros2//world/lines.world
[60.822s] -- Symlinking: /home/luiz/ros2_fbot/install/stage_ros2/share/stage_ros2//world/straden.world
[60.833s] -- Symlinking: /home/luiz/ros2_fbot/install/stage_ros2/share/stage_ros2//world/willow-four-erratics-multisensor.world
[60.846s] -- Symlinking: /home/luiz/ros2_fbot/install/stage_ros2/share/stage_ros2//config/rviz/cave.rviz
[60.858s] -- Symlinking: /home/luiz/ros2_fbot/install/stage_ros2/share/stage_ros2//config/rviz/cave_seven_robots.rviz
[60.873s] -- Symlinking: /home/luiz/ros2_fbot/install/stage_ros2/share/stage_ros2//config/rviz/cave_three_robots.rviz
[60.887s] -- Symlinking: /home/luiz/ros2_fbot/install/stage_ros2/share/stage_ros2//config/rviz/lines.rviz
[60.900s] -- Symlinking: /home/luiz/ros2_fbot/install/stage_ros2/share/stage_ros2//config/rviz/robot0.rviz
[60.913s] -- Symlinking: /home/luiz/ros2_fbot/install/stage_ros2/share/stage_ros2//config/rviz/robot_ns.rviz
[60.926s] -- Symlinking: /home/luiz/ros2_fbot/install/stage_ros2/share/stage_ros2//config/rviz/robot_ns_depth.rviz
[60.938s] -- Symlinking: /home/luiz/ros2_fbot/install/stage_ros2/share/stage_ros2//config/teleop_twist_joy/f710.config.yaml
[60.951s] -- Symlinking: /home/luiz/ros2_fbot/install/stage_ros2/lib/libstage_node.so
[60.964s] -- Symlinking: /home/luiz/ros2_fbot/install/stage_ros2/lib/stage_ros2/stage_ros2
[60.978s] -- Symlinking: /home/luiz/ros2_fbot/install/stage_ros2/share/ament_index/resource_index/package_run_dependencies/stage_ros2
[60.992s] -- Symlinking: /home/luiz/ros2_fbot/install/stage_ros2/share/ament_index/resource_index/parent_prefix_path/stage_ros2
[61.004s] -- Symlinking: /home/luiz/ros2_fbot/install/stage_ros2/share/stage_ros2/environment/ament_prefix_path.sh
[61.018s] -- Symlinking: /home/luiz/ros2_fbot/install/stage_ros2/share/stage_ros2/environment/ament_prefix_path.dsv
[61.029s] -- Symlinking: /home/luiz/ros2_fbot/install/stage_ros2/share/stage_ros2/environment/path.sh
[61.042s] -- Symlinking: /home/luiz/ros2_fbot/install/stage_ros2/share/stage_ros2/environment/path.dsv
[61.054s] -- Symlinking: /home/luiz/ros2_fbot/install/stage_ros2/share/stage_ros2/local_setup.bash
[61.069s] -- Symlinking: /home/luiz/ros2_fbot/install/stage_ros2/share/stage_ros2/local_setup.sh
[61.083s] -- Symlinking: /home/luiz/ros2_fbot/install/stage_ros2/share/stage_ros2/local_setup.zsh
[61.095s] -- Symlinking: /home/luiz/ros2_fbot/install/stage_ros2/share/stage_ros2/local_setup.dsv
[61.109s] -- Symlinking: /home/luiz/ros2_fbot/install/stage_ros2/share/stage_ros2/package.dsv
[61.121s] -- Symlinking: /home/luiz/ros2_fbot/install/stage_ros2/share/ament_index/resource_index/packages/stage_ros2
[61.134s] -- Symlinking: /home/luiz/ros2_fbot/install/stage_ros2/share/stage_ros2/cmake/stage_ros2Config.cmake
[61.145s] -- Symlinking: /home/luiz/ros2_fbot/install/stage_ros2/share/stage_ros2/cmake/stage_ros2Config-version.cmake
[61.158s] -- Symlinking: /home/luiz/ros2_fbot/install/stage_ros2/share/stage_ros2/package.xml
[61.176s] Invoked command in '/home/luiz/ros2_fbot/build/stage_ros2' returned '0': CMAKE_PREFIX_PATH=/home/luiz/ros2_fbot/install/Stage:/home/luiz/ros2_ws/install/my_py_pkg:/opt/ros/humble LD_LIBRARY_PATH=/home/luiz/ros2_fbot/install/Stage/lib:${LD_LIBRARY_PATH} PATH=/home/luiz/ros2_fbot/install/Stage/bin:${PATH} /usr/bin/cmake --install /home/luiz/ros2_fbot/build/stage_ros2
