[0.406s] DEBUG:colcon:Command line arguments: ['/usr/bin/colcon', 'build']
[0.407s] DEBUG:colcon:Parsed command line arguments: Namespace(log_base=None, log_level=None, verb_name='build', build_base='build', install_base='install', merge_install=False, symlink_install=False, test_result_base=None, continue_on_error=False, executor='parallel', parallel_workers=4, event_handlers=None, ignore_user_meta=False, metas=['./colcon.meta'], base_paths=['.'], packages_ignore=None, packages_ignore_regex=None, paths=None, packages_up_to=None, packages_up_to_regex=None, packages_above=None, packages_above_and_dependencies=None, packages_above_depth=None, packages_select_by_dep=None, packages_skip_by_dep=None, packages_skip_up_to=None, packages_select_build_failed=False, packages_skip_build_finished=False, packages_select_test_failures=False, packages_skip_test_passed=False, packages_select=None, packages_skip=None, packages_select_regex=None, packages_skip_regex=None, packages_start=None, packages_end=None, allow_overriding=[], bazel_args=None, bazel_task=None, cmake_args=None, cmake_target=None, cmake_target_skip_unavailable=False, cmake_clean_cache=False, cmake_clean_first=False, cmake_force_configure=False, meson_args=[], ament_cmake_args=None, catkin_cmake_args=None, catkin_skip_building_tests=False, mixin_files=None, mixin=None, verb_parser=<colcon_alias.argument_parser.alias.AliasArgumentDecorator object at 0x7fc5664f4100>, verb_extension=<colcon_core.verb.build.BuildVerb object at 0x7fc5664b3370>, main=<bound method BuildVerb.main of <colcon_core.verb.build.BuildVerb object at 0x7fc5664b3370>>, mixin_verb=('build',))
[0.585s] Level 1:colcon.colcon_core.package_discovery:discover_packages(colcon_meta) check parameters
[0.585s] Level 1:colcon.colcon_core.package_discovery:discover_packages(recursive) check parameters
[0.585s] Level 1:colcon.colcon_core.package_discovery:discover_packages(ignore) check parameters
[0.585s] Level 1:colcon.colcon_core.package_discovery:discover_packages(path) check parameters
[0.586s] Level 1:colcon.colcon_core.package_discovery:discover_packages(colcon_meta) discover
[0.586s] Level 1:colcon.colcon_core.package_discovery:discover_packages(recursive) discover
[0.586s] INFO:colcon.colcon_core.package_discovery:Crawling recursively for packages in '/home/luiz/ros2_fbot'
[0.586s] Level 1:colcon.colcon_core.package_identification:_identify(.) by extensions ['ignore', 'ignore_ament_install']
[0.586s] Level 1:colcon.colcon_core.package_identification:_identify(.) by extension 'ignore'
[0.586s] Level 1:colcon.colcon_core.package_identification:_identify(.) by extension 'ignore_ament_install'
[0.586s] Level 1:colcon.colcon_core.package_identification:_identify(.) by extensions ['colcon_pkg']
[0.586s] Level 1:colcon.colcon_core.package_identification:_identify(.) by extension 'colcon_pkg'
[0.586s] Level 1:colcon.colcon_core.package_identification:_identify(.) by extensions ['colcon_meta']
[0.586s] Level 1:colcon.colcon_core.package_identification:_identify(.) by extension 'colcon_meta'
[0.586s] Level 1:colcon.colcon_core.package_identification:_identify(.) by extensions ['ros']
[0.586s] Level 1:colcon.colcon_core.package_identification:_identify(.) by extension 'ros'
[0.590s] Level 1:colcon.colcon_core.package_identification:_identify(.) by extensions ['bazel', 'cmake', 'meson', 'python']
[0.590s] Level 1:colcon.colcon_core.package_identification:_identify(.) by extension 'bazel'
[0.590s] Level 1:colcon.colcon_core.package_identification:_identify(.) by extension 'cmake'
[0.590s] Level 1:colcon.colcon_core.package_identification:_identify(.) by extension 'meson'
[0.590s] Level 1:colcon.colcon_core.package_identification:_identify(.) by extension 'python'
[0.590s] Level 1:colcon.colcon_core.package_identification:_identify(.) by extensions ['python_setup_py']
[0.590s] Level 1:colcon.colcon_core.package_identification:_identify(.) by extension 'python_setup_py'
[0.591s] Level 1:colcon.colcon_core.package_identification:_identify(build) by extensions ['ignore', 'ignore_ament_install']
[0.591s] Level 1:colcon.colcon_core.package_identification:_identify(build) by extension 'ignore'
[0.591s] Level 1:colcon.colcon_core.package_identification:_identify(build) ignored
[0.591s] Level 1:colcon.colcon_core.package_identification:_identify(install) by extensions ['ignore', 'ignore_ament_install']
[0.591s] Level 1:colcon.colcon_core.package_identification:_identify(install) by extension 'ignore'
[0.591s] Level 1:colcon.colcon_core.package_identification:_identify(install) ignored
[0.591s] Level 1:colcon.colcon_core.package_identification:_identify(log) by extensions ['ignore', 'ignore_ament_install']
[0.591s] Level 1:colcon.colcon_core.package_identification:_identify(log) by extension 'ignore'
[0.591s] Level 1:colcon.colcon_core.package_identification:_identify(log) ignored
[0.592s] Level 1:colcon.colcon_core.package_identification:_identify(src) by extensions ['ignore', 'ignore_ament_install']
[0.592s] Level 1:colcon.colcon_core.package_identification:_identify(src) by extension 'ignore'
[0.592s] Level 1:colcon.colcon_core.package_identification:_identify(src) by extension 'ignore_ament_install'
[0.592s] Level 1:colcon.colcon_core.package_identification:_identify(src) by extensions ['colcon_pkg']
[0.592s] Level 1:colcon.colcon_core.package_identification:_identify(src) by extension 'colcon_pkg'
[0.592s] Level 1:colcon.colcon_core.package_identification:_identify(src) by extensions ['colcon_meta']
[0.592s] Level 1:colcon.colcon_core.package_identification:_identify(src) by extension 'colcon_meta'
[0.592s] Level 1:colcon.colcon_core.package_identification:_identify(src) by extensions ['ros']
[0.592s] Level 1:colcon.colcon_core.package_identification:_identify(src) by extension 'ros'
[0.592s] Level 1:colcon.colcon_core.package_identification:_identify(src) by extensions ['bazel', 'cmake', 'meson', 'python']
[0.592s] Level 1:colcon.colcon_core.package_identification:_identify(src) by extension 'bazel'
[0.592s] Level 1:colcon.colcon_core.package_identification:_identify(src) by extension 'cmake'
[0.593s] Level 1:colcon.colcon_core.package_identification:_identify(src) by extension 'meson'
[0.593s] Level 1:colcon.colcon_core.package_identification:_identify(src) by extension 'python'
[0.593s] Level 1:colcon.colcon_core.package_identification:_identify(src) by extensions ['python_setup_py']
[0.593s] Level 1:colcon.colcon_core.package_identification:_identify(src) by extension 'python_setup_py'
[0.593s] Level 1:colcon.colcon_core.package_identification:_identify(src/Stage) by extensions ['ignore', 'ignore_ament_install']
[0.593s] Level 1:colcon.colcon_core.package_identification:_identify(src/Stage) by extension 'ignore'
[0.593s] Level 1:colcon.colcon_core.package_identification:_identify(src/Stage) by extension 'ignore_ament_install'
[0.593s] Level 1:colcon.colcon_core.package_identification:_identify(src/Stage) by extensions ['colcon_pkg']
[0.593s] Level 1:colcon.colcon_core.package_identification:_identify(src/Stage) by extension 'colcon_pkg'
[0.593s] Level 1:colcon.colcon_core.package_identification:_identify(src/Stage) by extensions ['colcon_meta']
[0.593s] Level 1:colcon.colcon_core.package_identification:_identify(src/Stage) by extension 'colcon_meta'
[0.593s] Level 1:colcon.colcon_core.package_identification:_identify(src/Stage) by extensions ['ros']
[0.594s] Level 1:colcon.colcon_core.package_identification:_identify(src/Stage) by extension 'ros'
[0.594s] Level 1:colcon.colcon_core.package_identification:_identify(src/Stage) by extensions ['bazel', 'cmake', 'meson', 'python']
[0.594s] Level 1:colcon.colcon_core.package_identification:_identify(src/Stage) by extension 'bazel'
[0.594s] Level 1:colcon.colcon_core.package_identification:_identify(src/Stage) by extension 'cmake'
[0.598s] Level 1:colcon.colcon_core.package_identification:_identify(src/Stage) by extension 'meson'
[0.598s] Level 1:colcon.colcon_core.package_identification:_identify(src/Stage) by extension 'python'
[0.598s] DEBUG:colcon.colcon_core.package_identification:Package 'src/Stage' with type 'cmake' and name 'Stage'
[0.599s] Level 1:colcon.colcon_core.package_identification:_identify(src/navigation) by extensions ['ignore', 'ignore_ament_install']
[0.599s] Level 1:colcon.colcon_core.package_identification:_identify(src/navigation) by extension 'ignore'
[0.599s] Level 1:colcon.colcon_core.package_identification:_identify(src/navigation) by extension 'ignore_ament_install'
[0.599s] Level 1:colcon.colcon_core.package_identification:_identify(src/navigation) by extensions ['colcon_pkg']
[0.599s] Level 1:colcon.colcon_core.package_identification:_identify(src/navigation) by extension 'colcon_pkg'
[0.599s] Level 1:colcon.colcon_core.package_identification:_identify(src/navigation) by extensions ['colcon_meta']
[0.599s] Level 1:colcon.colcon_core.package_identification:_identify(src/navigation) by extension 'colcon_meta'
[0.599s] Level 1:colcon.colcon_core.package_identification:_identify(src/navigation) by extensions ['ros']
[0.599s] Level 1:colcon.colcon_core.package_identification:_identify(src/navigation) by extension 'ros'
[0.604s] DEBUG:colcon.colcon_core.package_identification:Package 'src/navigation' with type 'ros.ament_python' and name 'navigation'
[0.604s] Level 1:colcon.colcon_core.package_identification:_identify(src/stage_ros2) by extensions ['ignore', 'ignore_ament_install']
[0.604s] Level 1:colcon.colcon_core.package_identification:_identify(src/stage_ros2) by extension 'ignore'
[0.604s] Level 1:colcon.colcon_core.package_identification:_identify(src/stage_ros2) by extension 'ignore_ament_install'
[0.604s] Level 1:colcon.colcon_core.package_identification:_identify(src/stage_ros2) by extensions ['colcon_pkg']
[0.604s] Level 1:colcon.colcon_core.package_identification:_identify(src/stage_ros2) by extension 'colcon_pkg'
[0.604s] Level 1:colcon.colcon_core.package_identification:_identify(src/stage_ros2) by extensions ['colcon_meta']
[0.604s] Level 1:colcon.colcon_core.package_identification:_identify(src/stage_ros2) by extension 'colcon_meta'
[0.604s] Level 1:colcon.colcon_core.package_identification:_identify(src/stage_ros2) by extensions ['ros']
[0.605s] Level 1:colcon.colcon_core.package_identification:_identify(src/stage_ros2) by extension 'ros'
[0.605s] DEBUG:colcon.colcon_core.package_identification:Package 'src/stage_ros2' with type 'ros.ament_cmake' and name 'stage_ros2'
[0.605s] Level 1:colcon.colcon_core.package_discovery:discover_packages(recursive) using defaults
[0.605s] Level 1:colcon.colcon_core.package_discovery:discover_packages(ignore) discover
[0.606s] Level 1:colcon.colcon_core.package_discovery:discover_packages(ignore) using defaults
[0.606s] Level 1:colcon.colcon_core.package_discovery:discover_packages(path) discover
[0.606s] Level 1:colcon.colcon_core.package_discovery:discover_packages(path) using defaults
[0.657s] Level 1:colcon.colcon_core.package_discovery:discover_packages(prefix_path) check parameters
[0.657s] Level 1:colcon.colcon_core.package_discovery:discover_packages(prefix_path) discover
[0.660s] DEBUG:colcon.colcon_installed_package_information.package_discovery:Found 3 installed packages in /home/luiz/ros2_fbot/install
[0.661s] DEBUG:colcon.colcon_installed_package_information.package_discovery:Found 1 installed packages in /home/luiz/ros2_ws/install
[0.663s] DEBUG:colcon.colcon_installed_package_information.package_discovery:Found 271 installed packages in /opt/ros/humble
[0.667s] Level 1:colcon.colcon_core.package_discovery:discover_packages(prefix_path) using defaults
[0.735s] Level 5:colcon.colcon_core.verb:set package 'Stage' build argument 'bazel_args' from command line to 'None'
[0.735s] Level 5:colcon.colcon_core.verb:set package 'Stage' build argument 'bazel_task' from command line to 'None'
[0.735s] Level 5:colcon.colcon_core.verb:set package 'Stage' build argument 'cmake_args' from command line to 'None'
[0.735s] Level 5:colcon.colcon_core.verb:set package 'Stage' build argument 'cmake_target' from command line to 'None'
[0.735s] Level 5:colcon.colcon_core.verb:set package 'Stage' build argument 'cmake_target_skip_unavailable' from command line to 'False'
[0.736s] Level 5:colcon.colcon_core.verb:set package 'Stage' build argument 'cmake_clean_cache' from command line to 'False'
[0.736s] Level 5:colcon.colcon_core.verb:set package 'Stage' build argument 'cmake_clean_first' from command line to 'False'
[0.736s] Level 5:colcon.colcon_core.verb:set package 'Stage' build argument 'cmake_force_configure' from command line to 'False'
[0.736s] Level 5:colcon.colcon_core.verb:set package 'Stage' build argument 'meson_args' from command line to '[]'
[0.736s] Level 5:colcon.colcon_core.verb:set package 'Stage' build argument 'ament_cmake_args' from command line to 'None'
[0.736s] Level 5:colcon.colcon_core.verb:set package 'Stage' build argument 'catkin_cmake_args' from command line to 'None'
[0.737s] Level 5:colcon.colcon_core.verb:set package 'Stage' build argument 'catkin_skip_building_tests' from command line to 'False'
[0.737s] DEBUG:colcon.colcon_core.verb:Building package 'Stage' with the following arguments: {'ament_cmake_args': None, 'bazel_args': None, 'bazel_task': None, 'build_base': '/home/luiz/ros2_fbot/build/Stage', 'catkin_cmake_args': None, 'catkin_skip_building_tests': False, 'cmake_args': None, 'cmake_clean_cache': False, 'cmake_clean_first': False, 'cmake_force_configure': False, 'cmake_target': None, 'cmake_target_skip_unavailable': False, 'install_base': '/home/luiz/ros2_fbot/install/Stage', 'merge_install': False, 'meson_args': [], 'path': '/home/luiz/ros2_fbot/src/Stage', 'symlink_install': False, 'test_result_base': None}
[0.750s] Level 5:colcon.colcon_core.verb:set package 'navigation' build argument 'bazel_args' from command line to 'None'
[0.750s] Level 5:colcon.colcon_core.verb:set package 'navigation' build argument 'bazel_task' from command line to 'None'
[0.750s] Level 5:colcon.colcon_core.verb:set package 'navigation' build argument 'cmake_args' from command line to 'None'
[0.750s] Level 5:colcon.colcon_core.verb:set package 'navigation' build argument 'cmake_target' from command line to 'None'
[0.750s] Level 5:colcon.colcon_core.verb:set package 'navigation' build argument 'cmake_target_skip_unavailable' from command line to 'False'
[0.750s] Level 5:colcon.colcon_core.verb:set package 'navigation' build argument 'cmake_clean_cache' from command line to 'False'
[0.750s] Level 5:colcon.colcon_core.verb:set package 'navigation' build argument 'cmake_clean_first' from command line to 'False'
[0.750s] Level 5:colcon.colcon_core.verb:set package 'navigation' build argument 'cmake_force_configure' from command line to 'False'
[0.751s] Level 5:colcon.colcon_core.verb:set package 'navigation' build argument 'meson_args' from command line to '[]'
[0.751s] Level 5:colcon.colcon_core.verb:set package 'navigation' build argument 'ament_cmake_args' from command line to 'None'
[0.751s] Level 5:colcon.colcon_core.verb:set package 'navigation' build argument 'catkin_cmake_args' from command line to 'None'
[0.751s] Level 5:colcon.colcon_core.verb:set package 'navigation' build argument 'catkin_skip_building_tests' from command line to 'False'
[0.751s] DEBUG:colcon.colcon_core.verb:Building package 'navigation' with the following arguments: {'ament_cmake_args': None, 'bazel_args': None, 'bazel_task': None, 'build_base': '/home/luiz/ros2_fbot/build/navigation', 'catkin_cmake_args': None, 'catkin_skip_building_tests': False, 'cmake_args': None, 'cmake_clean_cache': False, 'cmake_clean_first': False, 'cmake_force_configure': False, 'cmake_target': None, 'cmake_target_skip_unavailable': False, 'install_base': '/home/luiz/ros2_fbot/install/navigation', 'merge_install': False, 'meson_args': [], 'path': '/home/luiz/ros2_fbot/src/navigation', 'symlink_install': False, 'test_result_base': None}
[0.764s] Level 5:colcon.colcon_core.verb:set package 'stage_ros2' build argument 'bazel_args' from command line to 'None'
[0.765s] Level 5:colcon.colcon_core.verb:set package 'stage_ros2' build argument 'bazel_task' from command line to 'None'
[0.765s] Level 5:colcon.colcon_core.verb:set package 'stage_ros2' build argument 'cmake_args' from command line to 'None'
[0.765s] Level 5:colcon.colcon_core.verb:set package 'stage_ros2' build argument 'cmake_target' from command line to 'None'
[0.765s] Level 5:colcon.colcon_core.verb:set package 'stage_ros2' build argument 'cmake_target_skip_unavailable' from command line to 'False'
[0.765s] Level 5:colcon.colcon_core.verb:set package 'stage_ros2' build argument 'cmake_clean_cache' from command line to 'False'
[0.765s] Level 5:colcon.colcon_core.verb:set package 'stage_ros2' build argument 'cmake_clean_first' from command line to 'False'
[0.765s] Level 5:colcon.colcon_core.verb:set package 'stage_ros2' build argument 'cmake_force_configure' from command line to 'False'
[0.765s] Level 5:colcon.colcon_core.verb:set package 'stage_ros2' build argument 'meson_args' from command line to '[]'
[0.765s] Level 5:colcon.colcon_core.verb:set package 'stage_ros2' build argument 'ament_cmake_args' from command line to 'None'
[0.765s] Level 5:colcon.colcon_core.verb:set package 'stage_ros2' build argument 'catkin_cmake_args' from command line to 'None'
[0.765s] Level 5:colcon.colcon_core.verb:set package 'stage_ros2' build argument 'catkin_skip_building_tests' from command line to 'False'
[0.765s] DEBUG:colcon.colcon_core.verb:Building package 'stage_ros2' with the following arguments: {'ament_cmake_args': None, 'bazel_args': None, 'bazel_task': None, 'build_base': '/home/luiz/ros2_fbot/build/stage_ros2', 'catkin_cmake_args': None, 'catkin_skip_building_tests': False, 'cmake_args': None, 'cmake_clean_cache': False, 'cmake_clean_first': False, 'cmake_force_configure': False, 'cmake_target': None, 'cmake_target_skip_unavailable': False, 'install_base': '/home/luiz/ros2_fbot/install/stage_ros2', 'merge_install': False, 'meson_args': [], 'path': '/home/luiz/ros2_fbot/src/stage_ros2', 'symlink_install': False, 'test_result_base': None}
[0.765s] INFO:colcon.colcon_core.executor:Executing jobs using 'parallel' executor
[0.766s] DEBUG:colcon.colcon_parallel_executor.executor.parallel:run_until_complete
[0.767s] INFO:colcon.colcon_cmake.task.cmake.build:Building CMake package in '/home/luiz/ros2_fbot/src/Stage'
[0.769s] INFO:colcon.colcon_core.plugin_system:Skipping extension 'colcon_core.shell.bat': Not used on non-Windows systems
[0.770s] DEBUG:colcon.colcon_ros_domain_id_coordinator.shell.ros_domain_id:Allocated ROS_DOMAIN_ID=64 for '/home/luiz/ros2_fbot/build/Stage'
[0.770s] INFO:colcon.colcon_core.shell:Skip shell extension 'ros_domain_id' for command environment: 
[0.770s] INFO:colcon.colcon_core.shell:Skip shell extension 'powershell' for command environment: Not usable outside of PowerShell
[0.770s] DEBUG:colcon.colcon_core.shell:Skip shell extension 'dsv' for command environment
[0.777s] INFO:colcon.colcon_ros.task.ament_python.build:Building ROS package in '/home/luiz/ros2_fbot/src/navigation' with build type 'ament_python'
[0.778s] Level 1:colcon.colcon_core.shell:create_environment_hook('navigation', 'ament_prefix_path')
[0.779s] INFO:colcon.colcon_core.shell:Creating environment hook '/home/luiz/ros2_fbot/install/navigation/share/navigation/hook/ament_prefix_path.ps1'
[0.780s] INFO:colcon.colcon_core.shell:Creating environment descriptor '/home/luiz/ros2_fbot/install/navigation/share/navigation/hook/ament_prefix_path.dsv'
[0.782s] INFO:colcon.colcon_core.shell:Creating environment hook '/home/luiz/ros2_fbot/install/navigation/share/navigation/hook/ament_prefix_path.sh'
[0.784s] DEBUG:colcon.colcon_ros_domain_id_coordinator.shell.ros_domain_id:Allocated ROS_DOMAIN_ID=83 for '/home/luiz/ros2_fbot/build/navigation'
[0.784s] INFO:colcon.colcon_core.shell:Skip shell extension 'ros_domain_id' for command environment: 
[0.784s] INFO:colcon.colcon_core.shell:Skip shell extension 'powershell' for command environment: Not usable outside of PowerShell
[0.784s] DEBUG:colcon.colcon_core.shell:Skip shell extension 'dsv' for command environment
[0.833s] DEBUG:colcon.colcon_core.event_handler.log_command:Invoking command in '/home/luiz/ros2_fbot/build/Stage': /usr/bin/cmake --build /home/luiz/ros2_fbot/build/Stage -- -j4 -l4
[1.428s] INFO:colcon.colcon_core.task.python.build:Building Python package in '/home/luiz/ros2_fbot/src/navigation'
[1.429s] DEBUG:colcon.colcon_ros_domain_id_coordinator.shell.ros_domain_id:Allocated ROS_DOMAIN_ID=83 for '/home/luiz/ros2_fbot/build/navigation'
[1.429s] INFO:colcon.colcon_core.shell:Skip shell extension 'ros_domain_id' for command environment: 
[1.429s] INFO:colcon.colcon_core.shell:Skip shell extension 'powershell' for command environment: Not usable outside of PowerShell
[1.429s] DEBUG:colcon.colcon_core.shell:Skip shell extension 'dsv' for command environment
[1.438s] DEBUG:colcon.colcon_core.event_handler.log_command:Invoked command in '/home/luiz/ros2_fbot/build/Stage' returned '0': /usr/bin/cmake --build /home/luiz/ros2_fbot/build/Stage -- -j4 -l4
[1.451s] DEBUG:colcon.colcon_core.event_handler.log_command:Invoking command in '/home/luiz/ros2_fbot/build/Stage': /usr/bin/cmake --install /home/luiz/ros2_fbot/build/Stage
[1.517s] Level 1:colcon.colcon_core.environment:create_environment_scripts_only(Stage)
[1.527s] Level 1:colcon.colcon_core.environment:checking '/home/luiz/ros2_fbot/install/Stage' for CMake module files
[1.527s] Level 1:colcon.colcon_core.environment:checking '/home/luiz/ros2_fbot/install/Stage' for CMake config files
[1.532s] DEBUG:colcon.colcon_core.event_handler.log_command:Invoked command in '/home/luiz/ros2_fbot/build/Stage' returned '0': /usr/bin/cmake --install /home/luiz/ros2_fbot/build/Stage
[1.532s] Level 1:colcon.colcon_core.shell:create_environment_hook('Stage', 'cmake_prefix_path')
[1.533s] INFO:colcon.colcon_core.shell:Creating environment hook '/home/luiz/ros2_fbot/install/Stage/share/Stage/hook/cmake_prefix_path.ps1'
[1.533s] INFO:colcon.colcon_core.shell:Creating environment descriptor '/home/luiz/ros2_fbot/install/Stage/share/Stage/hook/cmake_prefix_path.dsv'
[1.538s] INFO:colcon.colcon_core.shell:Creating environment hook '/home/luiz/ros2_fbot/install/Stage/share/Stage/hook/cmake_prefix_path.sh'
[1.539s] Level 1:colcon.colcon_core.environment:checking '/home/luiz/ros2_fbot/install/Stage/lib'
[1.539s] Level 1:colcon.colcon_core.shell:create_environment_hook('Stage', 'ld_library_path_lib')
[1.540s] INFO:colcon.colcon_core.shell:Creating environment hook '/home/luiz/ros2_fbot/install/Stage/share/Stage/hook/ld_library_path_lib.ps1'
[1.541s] INFO:colcon.colcon_core.shell:Creating environment descriptor '/home/luiz/ros2_fbot/install/Stage/share/Stage/hook/ld_library_path_lib.dsv'
[1.542s] INFO:colcon.colcon_core.shell:Creating environment hook '/home/luiz/ros2_fbot/install/Stage/share/Stage/hook/ld_library_path_lib.sh'
[1.591s] Level 1:colcon.colcon_core.environment:checking '/home/luiz/ros2_fbot/install/Stage/bin'
[1.591s] Level 1:colcon.colcon_core.shell:create_environment_hook('Stage', 'path')
[1.592s] INFO:colcon.colcon_core.shell:Creating environment hook '/home/luiz/ros2_fbot/install/Stage/share/Stage/hook/path.ps1'
[1.593s] INFO:colcon.colcon_core.shell:Creating environment descriptor '/home/luiz/ros2_fbot/install/Stage/share/Stage/hook/path.dsv'
[1.594s] INFO:colcon.colcon_core.shell:Creating environment hook '/home/luiz/ros2_fbot/install/Stage/share/Stage/hook/path.sh'
[1.596s] Level 1:colcon.colcon_core.environment:checking '/home/luiz/ros2_fbot/install/Stage/lib/pkgconfig/Stage.pc'
[1.597s] Level 1:colcon.colcon_core.environment:checking '/home/luiz/ros2_fbot/install/Stage/lib/python3.10/site-packages'
[1.598s] Level 1:colcon.colcon_core.environment:checking '/home/luiz/ros2_fbot/install/Stage/bin'
[1.598s] Level 1:colcon.colcon_core.shell:create_environment_hook('Stage', 'pythonscriptspath')
[1.598s] INFO:colcon.colcon_core.shell:Creating environment hook '/home/luiz/ros2_fbot/install/Stage/share/Stage/hook/pythonscriptspath.ps1'
[1.599s] INFO:colcon.colcon_core.shell:Creating environment descriptor '/home/luiz/ros2_fbot/install/Stage/share/Stage/hook/pythonscriptspath.dsv'
[1.604s] INFO:colcon.colcon_core.shell:Creating environment hook '/home/luiz/ros2_fbot/install/Stage/share/Stage/hook/pythonscriptspath.sh'
[1.605s] INFO:colcon.colcon_core.shell:Creating package script '/home/luiz/ros2_fbot/install/Stage/share/Stage/package.ps1'
[1.612s] INFO:colcon.colcon_core.shell:Creating package descriptor '/home/luiz/ros2_fbot/install/Stage/share/Stage/package.dsv'
[1.616s] INFO:colcon.colcon_core.shell:Creating package script '/home/luiz/ros2_fbot/install/Stage/share/Stage/package.sh'
[1.618s] INFO:colcon.colcon_core.shell:Creating package script '/home/luiz/ros2_fbot/install/Stage/share/Stage/package.bash'
[1.619s] INFO:colcon.colcon_core.shell:Creating package script '/home/luiz/ros2_fbot/install/Stage/share/Stage/package.zsh'
[1.621s] Level 1:colcon.colcon_core.environment:create_file_with_runtime_dependencies(/home/luiz/ros2_fbot/install/Stage/share/colcon-core/packages/Stage)
[1.623s] DEBUG:colcon.colcon_ros_domain_id_coordinator.shell.ros_domain_id:Released ROS_DOMAIN_ID=64 for '/home/luiz/ros2_fbot/build/Stage'
[1.623s] INFO:colcon.colcon_ros.task.ament_cmake.build:Building ROS package in '/home/luiz/ros2_fbot/src/stage_ros2' with build type 'ament_cmake'
[1.626s] INFO:colcon.colcon_cmake.task.cmake.build:Building CMake package in '/home/luiz/ros2_fbot/src/stage_ros2'
[1.627s] DEBUG:colcon.colcon_ros_domain_id_coordinator.shell.ros_domain_id:Allocated ROS_DOMAIN_ID=88 for '/home/luiz/ros2_fbot/build/stage_ros2'
[1.627s] INFO:colcon.colcon_core.shell:Skip shell extension 'ros_domain_id' for command environment: 
[1.627s] INFO:colcon.colcon_core.shell:Skip shell extension 'powershell' for command environment: Not usable outside of PowerShell
[1.627s] DEBUG:colcon.colcon_core.shell:Skip shell extension 'dsv' for command environment
[1.677s] DEBUG:colcon.colcon_core.event_handler.log_command:Invoking command in '/home/luiz/ros2_fbot/build/stage_ros2': CMAKE_PREFIX_PATH=/home/luiz/ros2_fbot/install/Stage:/home/luiz/ros2_fbot/install/stage_ros2:/home/luiz/ros2_fbot/install/navigation:/home/luiz/ros2_ws/install/my_py_pkg:/opt/ros/humble LD_LIBRARY_PATH=/home/luiz/ros2_fbot/install/Stage/lib:/home/luiz/ros2_fbot/install/stage_ros2/lib:/opt/ros/humble/opt/rviz_ogre_vendor/lib:/opt/ros/humble/lib/x86_64-linux-gnu:/opt/ros/humble/lib /usr/bin/cmake --build /home/luiz/ros2_fbot/build/stage_ros2 -- -j4 -l4
[2.001s] DEBUG:colcon.colcon_core.event_handler.log_command:Invoked command in '/home/luiz/ros2_fbot/build/stage_ros2' returned '0': CMAKE_PREFIX_PATH=/home/luiz/ros2_fbot/install/Stage:/home/luiz/ros2_fbot/install/stage_ros2:/home/luiz/ros2_fbot/install/navigation:/home/luiz/ros2_ws/install/my_py_pkg:/opt/ros/humble LD_LIBRARY_PATH=/home/luiz/ros2_fbot/install/Stage/lib:/home/luiz/ros2_fbot/install/stage_ros2/lib:/opt/ros/humble/opt/rviz_ogre_vendor/lib:/opt/ros/humble/lib/x86_64-linux-gnu:/opt/ros/humble/lib /usr/bin/cmake --build /home/luiz/ros2_fbot/build/stage_ros2 -- -j4 -l4
[2.002s] DEBUG:colcon.colcon_core.event_handler.log_command:Invoking command in '/home/luiz/ros2_fbot/build/stage_ros2': CMAKE_PREFIX_PATH=/home/luiz/ros2_fbot/install/Stage:/home/luiz/ros2_fbot/install/stage_ros2:/home/luiz/ros2_fbot/install/navigation:/home/luiz/ros2_ws/install/my_py_pkg:/opt/ros/humble LD_LIBRARY_PATH=/home/luiz/ros2_fbot/install/Stage/lib:/home/luiz/ros2_fbot/install/stage_ros2/lib:/opt/ros/humble/opt/rviz_ogre_vendor/lib:/opt/ros/humble/lib/x86_64-linux-gnu:/opt/ros/humble/lib /usr/bin/cmake --install /home/luiz/ros2_fbot/build/stage_ros2
[2.069s] Level 1:colcon.colcon_core.environment:create_environment_scripts_only(stage_ros2)
[2.070s] Level 1:colcon.colcon_core.environment:checking '/home/luiz/ros2_fbot/install/stage_ros2' for CMake module files
[2.071s] Level 1:colcon.colcon_core.environment:checking '/home/luiz/ros2_fbot/install/stage_ros2' for CMake config files
[2.071s] Level 1:colcon.colcon_core.shell:create_environment_hook('stage_ros2', 'cmake_prefix_path')
[2.072s] INFO:colcon.colcon_core.shell:Creating environment hook '/home/luiz/ros2_fbot/install/stage_ros2/share/stage_ros2/hook/cmake_prefix_path.ps1'
[2.077s] DEBUG:colcon.colcon_core.event_handler.log_command:Invoked command in '/home/luiz/ros2_fbot/build/stage_ros2' returned '0': CMAKE_PREFIX_PATH=/home/luiz/ros2_fbot/install/Stage:/home/luiz/ros2_fbot/install/stage_ros2:/home/luiz/ros2_fbot/install/navigation:/home/luiz/ros2_ws/install/my_py_pkg:/opt/ros/humble LD_LIBRARY_PATH=/home/luiz/ros2_fbot/install/Stage/lib:/home/luiz/ros2_fbot/install/stage_ros2/lib:/opt/ros/humble/opt/rviz_ogre_vendor/lib:/opt/ros/humble/lib/x86_64-linux-gnu:/opt/ros/humble/lib /usr/bin/cmake --install /home/luiz/ros2_fbot/build/stage_ros2
[2.081s] INFO:colcon.colcon_core.shell:Creating environment descriptor '/home/luiz/ros2_fbot/install/stage_ros2/share/stage_ros2/hook/cmake_prefix_path.dsv'
[2.081s] INFO:colcon.colcon_core.shell:Creating environment hook '/home/luiz/ros2_fbot/install/stage_ros2/share/stage_ros2/hook/cmake_prefix_path.sh'
[2.086s] Level 1:colcon.colcon_core.environment:checking '/home/luiz/ros2_fbot/install/stage_ros2/lib'
[2.086s] Level 1:colcon.colcon_core.shell:create_environment_hook('stage_ros2', 'ld_library_path_lib')
[2.087s] INFO:colcon.colcon_core.shell:Creating environment hook '/home/luiz/ros2_fbot/install/stage_ros2/share/stage_ros2/hook/ld_library_path_lib.ps1'
[2.087s] INFO:colcon.colcon_core.shell:Creating environment descriptor '/home/luiz/ros2_fbot/install/stage_ros2/share/stage_ros2/hook/ld_library_path_lib.dsv'
[2.088s] INFO:colcon.colcon_core.shell:Creating environment hook '/home/luiz/ros2_fbot/install/stage_ros2/share/stage_ros2/hook/ld_library_path_lib.sh'
[2.092s] Level 1:colcon.colcon_core.environment:checking '/home/luiz/ros2_fbot/install/stage_ros2/bin'
[2.092s] Level 1:colcon.colcon_core.environment:checking '/home/luiz/ros2_fbot/install/stage_ros2/lib/pkgconfig/stage_ros2.pc'
[2.092s] Level 1:colcon.colcon_core.environment:checking '/home/luiz/ros2_fbot/install/stage_ros2/lib/python3.10/site-packages'
[2.093s] Level 1:colcon.colcon_core.environment:checking '/home/luiz/ros2_fbot/install/stage_ros2/bin'
[2.093s] INFO:colcon.colcon_core.shell:Creating package script '/home/luiz/ros2_fbot/install/stage_ros2/share/stage_ros2/package.ps1'
[2.097s] INFO:colcon.colcon_core.shell:Creating package descriptor '/home/luiz/ros2_fbot/install/stage_ros2/share/stage_ros2/package.dsv'
[2.099s] INFO:colcon.colcon_core.shell:Creating package script '/home/luiz/ros2_fbot/install/stage_ros2/share/stage_ros2/package.sh'
[2.106s] INFO:colcon.colcon_core.shell:Creating package script '/home/luiz/ros2_fbot/install/stage_ros2/share/stage_ros2/package.bash'
[2.107s] INFO:colcon.colcon_core.shell:Creating package script '/home/luiz/ros2_fbot/install/stage_ros2/share/stage_ros2/package.zsh'
[2.108s] Level 1:colcon.colcon_core.environment:create_file_with_runtime_dependencies(/home/luiz/ros2_fbot/install/stage_ros2/share/colcon-core/packages/stage_ros2)
[2.109s] Level 1:colcon.colcon_core.environment:create_environment_scripts_only(stage_ros2)
[2.109s] Level 1:colcon.colcon_core.environment:checking '/home/luiz/ros2_fbot/install/stage_ros2' for CMake module files
[2.111s] Level 1:colcon.colcon_core.environment:checking '/home/luiz/ros2_fbot/install/stage_ros2' for CMake config files
[2.112s] Level 1:colcon.colcon_core.shell:create_environment_hook('stage_ros2', 'cmake_prefix_path')
[2.113s] INFO:colcon.colcon_core.shell:Creating environment hook '/home/luiz/ros2_fbot/install/stage_ros2/share/stage_ros2/hook/cmake_prefix_path.ps1'
[2.114s] INFO:colcon.colcon_core.shell:Creating environment descriptor '/home/luiz/ros2_fbot/install/stage_ros2/share/stage_ros2/hook/cmake_prefix_path.dsv'
[2.116s] INFO:colcon.colcon_core.shell:Creating environment hook '/home/luiz/ros2_fbot/install/stage_ros2/share/stage_ros2/hook/cmake_prefix_path.sh'
[2.118s] Level 1:colcon.colcon_core.environment:checking '/home/luiz/ros2_fbot/install/stage_ros2/lib'
[2.118s] Level 1:colcon.colcon_core.shell:create_environment_hook('stage_ros2', 'ld_library_path_lib')
[2.119s] INFO:colcon.colcon_core.shell:Creating environment hook '/home/luiz/ros2_fbot/install/stage_ros2/share/stage_ros2/hook/ld_library_path_lib.ps1'
[2.120s] INFO:colcon.colcon_core.shell:Creating environment descriptor '/home/luiz/ros2_fbot/install/stage_ros2/share/stage_ros2/hook/ld_library_path_lib.dsv'
[2.120s] INFO:colcon.colcon_core.shell:Creating environment hook '/home/luiz/ros2_fbot/install/stage_ros2/share/stage_ros2/hook/ld_library_path_lib.sh'
[2.122s] Level 1:colcon.colcon_core.environment:checking '/home/luiz/ros2_fbot/install/stage_ros2/bin'
[2.122s] Level 1:colcon.colcon_core.environment:checking '/home/luiz/ros2_fbot/install/stage_ros2/lib/pkgconfig/stage_ros2.pc'
[2.122s] Level 1:colcon.colcon_core.environment:checking '/home/luiz/ros2_fbot/install/stage_ros2/lib/python3.10/site-packages'
[2.123s] Level 1:colcon.colcon_core.environment:checking '/home/luiz/ros2_fbot/install/stage_ros2/bin'
[2.124s] INFO:colcon.colcon_core.shell:Creating package script '/home/luiz/ros2_fbot/install/stage_ros2/share/stage_ros2/package.ps1'
[2.125s] INFO:colcon.colcon_core.shell:Creating package descriptor '/home/luiz/ros2_fbot/install/stage_ros2/share/stage_ros2/package.dsv'
[2.127s] INFO:colcon.colcon_core.shell:Creating package script '/home/luiz/ros2_fbot/install/stage_ros2/share/stage_ros2/package.sh'
[2.128s] INFO:colcon.colcon_core.shell:Creating package script '/home/luiz/ros2_fbot/install/stage_ros2/share/stage_ros2/package.bash'
[2.130s] INFO:colcon.colcon_core.shell:Creating package script '/home/luiz/ros2_fbot/install/stage_ros2/share/stage_ros2/package.zsh'
[2.133s] Level 1:colcon.colcon_core.environment:create_file_with_runtime_dependencies(/home/luiz/ros2_fbot/install/stage_ros2/share/colcon-core/packages/stage_ros2)
[2.134s] DEBUG:colcon.colcon_ros_domain_id_coordinator.shell.ros_domain_id:Released ROS_DOMAIN_ID=88 for '/home/luiz/ros2_fbot/build/stage_ros2'
[2.243s] DEBUG:colcon.colcon_core.event_handler.log_command:Invoking command in '/home/luiz/ros2_fbot/src/navigation': PYTHONPATH=/home/luiz/ros2_fbot/build/navigation/prefix_override:/usr/lib/python3/dist-packages/colcon_core/task/python/colcon_distutils_commands:/home/luiz/ros2_fbot/install/navigation/lib/python3.10/site-packages:${PYTHONPATH} /usr/bin/python3 -W ignore:setup.py install is deprecated -W ignore:easy_install command is deprecated setup.py egg_info --egg-base ../../build/navigation build --build-base /home/luiz/ros2_fbot/build/navigation/build install --record /home/luiz/ros2_fbot/build/navigation/install.log --single-version-externally-managed install_data
[2.677s] Level 1:colcon.colcon_core.environment:checking '/home/luiz/ros2_fbot/install/navigation' for CMake module files
[2.678s] DEBUG:colcon.colcon_core.event_handler.log_command:Invoked command in '/home/luiz/ros2_fbot/src/navigation' returned '0': PYTHONPATH=/home/luiz/ros2_fbot/build/navigation/prefix_override:/usr/lib/python3/dist-packages/colcon_core/task/python/colcon_distutils_commands:/home/luiz/ros2_fbot/install/navigation/lib/python3.10/site-packages:${PYTHONPATH} /usr/bin/python3 -W ignore:setup.py install is deprecated -W ignore:easy_install command is deprecated setup.py egg_info --egg-base ../../build/navigation build --build-base /home/luiz/ros2_fbot/build/navigation/build install --record /home/luiz/ros2_fbot/build/navigation/install.log --single-version-externally-managed install_data
[2.678s] Level 1:colcon.colcon_core.environment:checking '/home/luiz/ros2_fbot/install/navigation' for CMake config files
[2.679s] Level 1:colcon.colcon_core.environment:checking '/home/luiz/ros2_fbot/install/navigation/lib'
[2.679s] Level 1:colcon.colcon_core.environment:checking '/home/luiz/ros2_fbot/install/navigation/bin'
[2.679s] Level 1:colcon.colcon_core.environment:checking '/home/luiz/ros2_fbot/install/navigation/lib/pkgconfig/navigation.pc'
[2.679s] Level 1:colcon.colcon_core.environment:checking '/home/luiz/ros2_fbot/install/navigation/lib/python3.10/site-packages'
[2.679s] Level 1:colcon.colcon_core.shell:create_environment_hook('navigation', 'pythonpath')
[2.680s] INFO:colcon.colcon_core.shell:Creating environment hook '/home/luiz/ros2_fbot/install/navigation/share/navigation/hook/pythonpath.ps1'
[2.681s] INFO:colcon.colcon_core.shell:Creating environment descriptor '/home/luiz/ros2_fbot/install/navigation/share/navigation/hook/pythonpath.dsv'
[2.681s] INFO:colcon.colcon_core.shell:Creating environment hook '/home/luiz/ros2_fbot/install/navigation/share/navigation/hook/pythonpath.sh'
[2.682s] Level 1:colcon.colcon_core.environment:checking '/home/luiz/ros2_fbot/install/navigation/bin'
[2.682s] Level 1:colcon.colcon_core.environment:create_environment_scripts_only(navigation)
[2.683s] INFO:colcon.colcon_core.shell:Creating package script '/home/luiz/ros2_fbot/install/navigation/share/navigation/package.ps1'
[2.684s] INFO:colcon.colcon_core.shell:Creating package descriptor '/home/luiz/ros2_fbot/install/navigation/share/navigation/package.dsv'
[2.684s] INFO:colcon.colcon_core.shell:Creating package script '/home/luiz/ros2_fbot/install/navigation/share/navigation/package.sh'
[2.685s] INFO:colcon.colcon_core.shell:Creating package script '/home/luiz/ros2_fbot/install/navigation/share/navigation/package.bash'
[2.685s] INFO:colcon.colcon_core.shell:Creating package script '/home/luiz/ros2_fbot/install/navigation/share/navigation/package.zsh'
[2.686s] Level 1:colcon.colcon_core.environment:create_file_with_runtime_dependencies(/home/luiz/ros2_fbot/install/navigation/share/colcon-core/packages/navigation)
[2.686s] DEBUG:colcon.colcon_parallel_executor.executor.parallel:closing loop
[2.686s] DEBUG:colcon.colcon_parallel_executor.executor.parallel:loop closed
[2.687s] DEBUG:colcon.colcon_parallel_executor.executor.parallel:run_until_complete finished with '0'
[2.687s] DEBUG:colcon.colcon_core.event_reactor:joining thread
[2.687s] DEBUG:colcon.colcon_ros_domain_id_coordinator.shell.ros_domain_id:Released ROS_DOMAIN_ID=83 for '/home/luiz/ros2_fbot/build/navigation'
[2.723s] INFO:colcon.colcon_core.plugin_system:Skipping extension 'colcon_notification.desktop_notification.terminal_notifier': Not used on non-Darwin systems
[2.723s] INFO:colcon.colcon_core.plugin_system:Skipping extension 'colcon_notification.desktop_notification.win32': Not used on non-Windows systems
[2.723s] INFO:colcon.colcon_notification.desktop_notification:Sending desktop notification using 'notify2'
[2.784s] DEBUG:colcon.colcon_core.event_reactor:joined thread
[2.786s] INFO:colcon.colcon_core.shell:Creating prefix script '/home/luiz/ros2_fbot/install/local_setup.ps1'
[2.788s] INFO:colcon.colcon_core.shell:Creating prefix util module '/home/luiz/ros2_fbot/install/_local_setup_util_ps1.py'
[2.790s] INFO:colcon.colcon_core.shell:Creating prefix chain script '/home/luiz/ros2_fbot/install/setup.ps1'
[2.792s] INFO:colcon.colcon_core.shell:Creating prefix script '/home/luiz/ros2_fbot/install/local_setup.sh'
[2.793s] INFO:colcon.colcon_core.shell:Creating prefix util module '/home/luiz/ros2_fbot/install/_local_setup_util_sh.py'
[2.793s] INFO:colcon.colcon_core.shell:Creating prefix chain script '/home/luiz/ros2_fbot/install/setup.sh'
[2.795s] INFO:colcon.colcon_core.shell:Creating prefix script '/home/luiz/ros2_fbot/install/local_setup.bash'
[2.796s] INFO:colcon.colcon_core.shell:Creating prefix chain script '/home/luiz/ros2_fbot/install/setup.bash'
[2.801s] INFO:colcon.colcon_core.shell:Creating prefix script '/home/luiz/ros2_fbot/install/local_setup.zsh'
[2.802s] INFO:colcon.colcon_core.shell:Creating prefix chain script '/home/luiz/ros2_fbot/install/setup.zsh'
[2.804s] INFO:colcon.colcon_core.shell:Creating '/home/luiz/ros2_fbot/install/spawn_shell.bash'
