[0.039s] Invoking command in '/home/luiz/ros2_fbot/build/Stage': /usr/bin/cmake --build /home/luiz/ros2_fbot/build/Stage -- -j4 -l4
[0.280s] [ 57%] Built target stage
[0.352s] [ 61%] Built target fasr
[0.368s] [ 64%] Built target sink
[0.408s] [ 67%] Built target source
[0.475s] [ 71%] Built target pioneer_flocking
[0.490s] [ 74%] Built target stagebinary
[0.529s] [ 77%] Built target wander
[0.603s] [ 81%] Built target rasterize
[0.612s] [ 84%] Built target lasernoise
[0.663s] [ 88%] Built target dynamic
[0.741s] [ 93%] Built target fasr2
[0.743s] [ 96%] Built target expand_swarm
[0.765s] [100%] Built target expand_pioneer
[1.002s] Invoked command in '/home/luiz/ros2_fbot/build/Stage' returned '0': /usr/bin/cmake --build /home/luiz/ros2_fbot/build/Stage -- -j4 -l4
[1.017s] Invoking command in '/home/luiz/ros2_fbot/build/Stage': /usr/bin/cmake --install /home/luiz/ros2_fbot/build/Stage
[1.049s] -- Install configuration: "RELEASE"
[1.050s] -- Up-to-date: /home/luiz/ros2_fbot/install/Stage/lib/pkgconfig/stage.pc
[1.050s] -- Up-to-date: /home/luiz/ros2_fbot/install/Stage/lib/cmake/Stage/stage-config.cmake
[1.050s] -- Up-to-date: /home/luiz/ros2_fbot/install/Stage/lib/cmake/Stage/stage-config-version.cmake
[1.050s] -- Up-to-date: /home/luiz/ros2_fbot/install/Stage/bin/stage
[1.050s] -- Up-to-date: /home/luiz/ros2_fbot/install/Stage/lib/libstage.so.4.3.0
[1.054s] -- Up-to-date: /home/luiz/ros2_fbot/install/Stage/lib/libstage.so
[1.054s] -- Up-to-date: /home/luiz/ros2_fbot/install/Stage/include/Stage-4.3/stage.hh
[1.054s] -- Up-to-date: /home/luiz/ros2_fbot/install/Stage/lib/Stage-4.3/fasr.so
[1.060s] -- Up-to-date: /home/luiz/ros2_fbot/install/Stage/lib/Stage-4.3/sink.so
[1.061s] -- Up-to-date: /home/luiz/ros2_fbot/install/Stage/lib/Stage-4.3/source.so
[1.062s] -- Up-to-date: /home/luiz/ros2_fbot/install/Stage/lib/Stage-4.3/wander.so
[1.062s] -- Up-to-date: /home/luiz/ros2_fbot/install/Stage/lib/Stage-4.3/pioneer_flocking.so
[1.062s] -- Up-to-date: /home/luiz/ros2_fbot/install/Stage/lib/Stage-4.3/rasterize.so
[1.064s] -- Up-to-date: /home/luiz/ros2_fbot/install/Stage/lib/Stage-4.3/lasernoise.so
[1.069s] -- Up-to-date: /home/luiz/ros2_fbot/install/Stage/lib/Stage-4.3/dynamic.so
[1.073s] -- Up-to-date: /home/luiz/ros2_fbot/install/Stage/lib/Stage-4.3/fasr2.so
[1.073s] -- Up-to-date: /home/luiz/ros2_fbot/install/Stage/share/stage/assets/blue.png
[1.074s] -- Up-to-date: /home/luiz/ros2_fbot/install/Stage/share/stage/assets/death.png
[1.075s] -- Up-to-date: /home/luiz/ros2_fbot/install/Stage/share/stage/assets/green.png
[1.075s] -- Up-to-date: /home/luiz/ros2_fbot/install/Stage/share/stage/assets/logo.png
[1.075s] -- Up-to-date: /home/luiz/ros2_fbot/install/Stage/share/stage/assets/mains.png
[1.075s] -- Up-to-date: /home/luiz/ros2_fbot/install/Stage/share/stage/assets/mainspower.png
[1.075s] -- Up-to-date: /home/luiz/ros2_fbot/install/Stage/share/stage/assets/question_mark.png
[1.075s] -- Up-to-date: /home/luiz/ros2_fbot/install/Stage/share/stage/assets/red.png
[1.075s] -- Up-to-date: /home/luiz/ros2_fbot/install/Stage/share/stage/assets/stagelogo.png
[1.075s] -- Up-to-date: /home/luiz/ros2_fbot/install/Stage/share/stage/assets/stall-old.png
[1.079s] -- Up-to-date: /home/luiz/ros2_fbot/install/Stage/share/stage/assets/stall.png
[1.080s] -- Up-to-date: /home/luiz/ros2_fbot/install/Stage/share/stage/assets/rgb.txt
[1.080s] -- Up-to-date: /home/luiz/ros2_fbot/install/Stage/share/stage/rgb.txt
[1.080s] -- Up-to-date: /home/luiz/ros2_fbot/install/Stage/share/stage/worlds/amcl-sonar.cfg
[1.080s] -- Up-to-date: /home/luiz/ros2_fbot/install/Stage/share/stage/worlds/autolab.cfg
[1.080s] -- Up-to-date: /home/luiz/ros2_fbot/install/Stage/share/stage/worlds/camera.cfg
[1.081s] -- Up-to-date: /home/luiz/ros2_fbot/install/Stage/share/stage/worlds/everything.cfg
[1.081s] -- Up-to-date: /home/luiz/ros2_fbot/install/Stage/share/stage/worlds/lsp_test.cfg
[1.083s] -- Up-to-date: /home/luiz/ros2_fbot/install/Stage/share/stage/worlds/mbicp.cfg
[1.083s] -- Up-to-date: /home/luiz/ros2_fbot/install/Stage/share/stage/worlds/nd.cfg
[1.083s] -- Up-to-date: /home/luiz/ros2_fbot/install/Stage/share/stage/worlds/roomba.cfg
[1.083s] -- Up-to-date: /home/luiz/ros2_fbot/install/Stage/share/stage/worlds/simple.cfg
[1.083s] -- Up-to-date: /home/luiz/ros2_fbot/install/Stage/share/stage/worlds/test.cfg
[1.083s] -- Up-to-date: /home/luiz/ros2_fbot/install/Stage/share/stage/worlds/uoa_robotics_lab.cfg
[1.083s] -- Up-to-date: /home/luiz/ros2_fbot/install/Stage/share/stage/worlds/vfh.cfg
[1.085s] -- Up-to-date: /home/luiz/ros2_fbot/install/Stage/share/stage/worlds/wavefront-remote.cfg
[1.090s] -- Up-to-date: /home/luiz/ros2_fbot/install/Stage/share/stage/worlds/wavefront.cfg
[1.090s] -- Up-to-date: /home/luiz/ros2_fbot/install/Stage/share/stage/worlds/wifi.cfg
[1.090s] -- Up-to-date: /home/luiz/ros2_fbot/install/Stage/share/stage/worlds/SFU.world
[1.090s] -- Up-to-date: /home/luiz/ros2_fbot/install/Stage/share/stage/worlds/autolab.world
[1.091s] -- Up-to-date: /home/luiz/ros2_fbot/install/Stage/share/stage/worlds/camera.world
[1.091s] -- Up-to-date: /home/luiz/ros2_fbot/install/Stage/share/stage/worlds/circuit.world
[1.091s] -- Up-to-date: /home/luiz/ros2_fbot/install/Stage/share/stage/worlds/everything.world
[1.091s] -- Up-to-date: /home/luiz/ros2_fbot/install/Stage/share/stage/worlds/fasr.world
[1.091s] -- Up-to-date: /home/luiz/ros2_fbot/install/Stage/share/stage/worlds/fasr2.world
[1.091s] -- Up-to-date: /home/luiz/ros2_fbot/install/Stage/share/stage/worlds/fasr_plan.world
[1.091s] -- Up-to-date: /home/luiz/ros2_fbot/install/Stage/share/stage/worlds/large.world
[1.093s] -- Up-to-date: /home/luiz/ros2_fbot/install/Stage/share/stage/worlds/lsp_test.world
[1.094s] -- Up-to-date: /home/luiz/ros2_fbot/install/Stage/share/stage/worlds/mbicp.world
[1.096s] -- Up-to-date: /home/luiz/ros2_fbot/install/Stage/share/stage/worlds/pioneer_flocking.world
[1.096s] -- Up-to-date: /home/luiz/ros2_fbot/install/Stage/share/stage/worlds/pioneer_follow.world
[1.096s] -- Up-to-date: /home/luiz/ros2_fbot/install/Stage/share/stage/worlds/pioneer_walle.world
[1.096s] -- Up-to-date: /home/luiz/ros2_fbot/install/Stage/share/stage/worlds/roomba.world
[1.096s] -- Up-to-date: /home/luiz/ros2_fbot/install/Stage/share/stage/worlds/sensor_noise_demo.world
[1.096s] -- Up-to-date: /home/luiz/ros2_fbot/install/Stage/share/stage/worlds/sensor_noise_module_demo.world
[1.096s] -- Up-to-date: /home/luiz/ros2_fbot/install/Stage/share/stage/worlds/simple.world
[1.096s] -- Up-to-date: /home/luiz/ros2_fbot/install/Stage/share/stage/worlds/uoa_robotics_lab.world
[1.096s] -- Up-to-date: /home/luiz/ros2_fbot/install/Stage/share/stage/worlds/wifi.world
[1.097s] -- Up-to-date: /home/luiz/ros2_fbot/install/Stage/share/stage/worlds/beacons.inc
[1.097s] -- Up-to-date: /home/luiz/ros2_fbot/install/Stage/share/stage/worlds/chatterbox.inc
[1.097s] -- Up-to-date: /home/luiz/ros2_fbot/install/Stage/share/stage/worlds/hokuyo.inc
[1.097s] -- Up-to-date: /home/luiz/ros2_fbot/install/Stage/share/stage/worlds/irobot.inc
[1.097s] -- Up-to-date: /home/luiz/ros2_fbot/install/Stage/share/stage/worlds/map.inc
[1.097s] -- Up-to-date: /home/luiz/ros2_fbot/install/Stage/share/stage/worlds/objects.inc
[1.097s] -- Up-to-date: /home/luiz/ros2_fbot/install/Stage/share/stage/worlds/pantilt.inc
[1.097s] -- Up-to-date: /home/luiz/ros2_fbot/install/Stage/share/stage/worlds/pioneer.inc
[1.107s] -- Up-to-date: /home/luiz/ros2_fbot/install/Stage/share/stage/worlds/sick.inc
[1.108s] -- Up-to-date: /home/luiz/ros2_fbot/install/Stage/share/stage/worlds/ubot.inc
[1.108s] -- Up-to-date: /home/luiz/ros2_fbot/install/Stage/share/stage/worlds/uoa_robotics_lab_models.inc
[1.108s] -- Up-to-date: /home/luiz/ros2_fbot/install/Stage/share/stage/worlds/walle.inc
[1.108s] -- Up-to-date: /home/luiz/ros2_fbot/install/Stage/share/stage/worlds/cfggen.sh
[1.108s] -- Up-to-date: /home/luiz/ros2_fbot/install/Stage/share/stage/worlds/test.sh
[1.108s] -- Up-to-date: /home/luiz/ros2_fbot/install/Stage/share/stage/worlds/worldgen.sh
[1.108s] -- Up-to-date: /home/luiz/ros2_fbot/install/Stage/lib/Stage-4.3/expand_swarm.so
[1.108s] -- Up-to-date: /home/luiz/ros2_fbot/install/Stage/lib/Stage-4.3/expand_pioneer.so
[1.113s] -- Up-to-date: /home/luiz/ros2_fbot/install/Stage/share/stage/worlds/bitmaps/889_05.png
[1.113s] -- Up-to-date: /home/luiz/ros2_fbot/install/Stage/share/stage/worlds/bitmaps/SFU_1200x615.png
[1.113s] -- Up-to-date: /home/luiz/ros2_fbot/install/Stage/share/stage/worlds/bitmaps/SRI-AIC-kwing.png
[1.113s] -- Up-to-date: /home/luiz/ros2_fbot/install/Stage/share/stage/worlds/bitmaps/autolab.png
[1.113s] -- Up-to-date: /home/luiz/ros2_fbot/install/Stage/share/stage/worlds/bitmaps/cave.png
[1.114s] -- Up-to-date: /home/luiz/ros2_fbot/install/Stage/share/stage/worlds/bitmaps/cave_compact.png
[1.114s] -- Up-to-date: /home/luiz/ros2_fbot/install/Stage/share/stage/worlds/bitmaps/cave_filled.png
[1.114s] -- Up-to-date: /home/luiz/ros2_fbot/install/Stage/share/stage/worlds/bitmaps/frieburg.png
[1.114s] -- Up-to-date: /home/luiz/ros2_fbot/install/Stage/share/stage/worlds/bitmaps/ghost.png
[1.114s] -- Up-to-date: /home/luiz/ros2_fbot/install/Stage/share/stage/worlds/bitmaps/hospital.png
[1.114s] -- Up-to-date: /home/luiz/ros2_fbot/install/Stage/share/stage/worlds/bitmaps/hospital_section.png
[1.114s] -- Up-to-date: /home/luiz/ros2_fbot/install/Stage/share/stage/worlds/bitmaps/human_outline.png
[1.114s] -- Up-to-date: /home/luiz/ros2_fbot/install/Stage/share/stage/worlds/bitmaps/mbicp.png
[1.117s] -- Up-to-date: /home/luiz/ros2_fbot/install/Stage/share/stage/worlds/bitmaps/rink.png
[1.122s] -- Up-to-date: /home/luiz/ros2_fbot/install/Stage/share/stage/worlds/bitmaps/sal2.png
[1.122s] -- Up-to-date: /home/luiz/ros2_fbot/install/Stage/share/stage/worlds/bitmaps/simple_rooms.png
[1.122s] -- Up-to-date: /home/luiz/ros2_fbot/install/Stage/share/stage/worlds/bitmaps/space_invader.png
[1.122s] -- Up-to-date: /home/luiz/ros2_fbot/install/Stage/share/stage/worlds/bitmaps/submarine.png
[1.122s] -- Up-to-date: /home/luiz/ros2_fbot/install/Stage/share/stage/worlds/bitmaps/submarine_small.png
[1.123s] -- Up-to-date: /home/luiz/ros2_fbot/install/Stage/share/stage/worlds/bitmaps/table.png
[1.123s] -- Up-to-date: /home/luiz/ros2_fbot/install/Stage/share/stage/worlds/bitmaps/uoa_robotics_lab.png
[1.123s] -- Up-to-date: /home/luiz/ros2_fbot/install/Stage/share/stage/worlds/wifi/commando.world
[1.123s] -- Up-to-date: /home/luiz/ros2_fbot/install/Stage/share/stage/worlds/wifi/hosp_wifi.world
[1.123s] -- Up-to-date: /home/luiz/ros2_fbot/install/Stage/share/stage/worlds/wifi/hosp_wifi_5.world
[1.123s] -- Up-to-date: /home/luiz/ros2_fbot/install/Stage/share/stage/worlds/wifi/wifi.world
[1.123s] -- Up-to-date: /home/luiz/ros2_fbot/install/Stage/share/stage/worlds/wifi/wifi_itu.world
[1.123s] -- Up-to-date: /home/luiz/ros2_fbot/install/Stage/share/stage/worlds/wifi/wifi_logdistance.world
[1.124s] -- Up-to-date: /home/luiz/ros2_fbot/install/Stage/share/stage/worlds/wifi/wifi_ray.world
[1.124s] -- Up-to-date: /home/luiz/ros2_fbot/install/Stage/share/stage/worlds/wifi/wifi_simple.world
[1.124s] -- Up-to-date: /home/luiz/ros2_fbot/install/Stage/share/stage/worlds/wifi/map.inc
[1.124s] Invoked command in '/home/luiz/ros2_fbot/build/Stage' returned '0': /usr/bin/cmake --install /home/luiz/ros2_fbot/build/Stage
