[0.421s] DEBUG:colcon:Command line arguments: ['/usr/bin/colcon', 'build']
[0.422s] DEBUG:colcon:Parsed command line arguments: Namespace(log_base=None, log_level=None, verb_name='build', build_base='build', install_base='install', merge_install=False, symlink_install=False, test_result_base=None, continue_on_error=False, executor='parallel', parallel_workers=4, event_handlers=None, ignore_user_meta=False, metas=['./colcon.meta'], base_paths=['.'], packages_ignore=None, packages_ignore_regex=None, paths=None, packages_up_to=None, packages_up_to_regex=None, packages_above=None, packages_above_and_dependencies=None, packages_above_depth=None, packages_select_by_dep=None, packages_skip_by_dep=None, packages_skip_up_to=None, packages_select_build_failed=False, packages_skip_build_finished=False, packages_select_test_failures=False, packages_skip_test_passed=False, packages_select=None, packages_skip=None, packages_select_regex=None, packages_skip_regex=None, packages_start=None, packages_end=None, allow_overriding=[], bazel_args=None, bazel_task=None, cmake_args=None, cmake_target=None, cmake_target_skip_unavailable=False, cmake_clean_cache=False, cmake_clean_first=False, cmake_force_configure=False, meson_args=[], ament_cmake_args=None, catkin_cmake_args=None, catkin_skip_building_tests=False, mixin_files=None, mixin=None, verb_parser=<colcon_alias.argument_parser.alias.AliasArgumentDecorator object at 0x7298346b0130>, verb_extension=<colcon_core.verb.build.BuildVerb object at 0x72983466b3a0>, main=<bound method BuildVerb.main of <colcon_core.verb.build.BuildVerb object at 0x72983466b3a0>>, mixin_verb=('build',))
[0.769s] Level 1:colcon.colcon_core.package_discovery:discover_packages(colcon_meta) check parameters
[0.769s] Level 1:colcon.colcon_core.package_discovery:discover_packages(recursive) check parameters
[0.769s] Level 1:colcon.colcon_core.package_discovery:discover_packages(ignore) check parameters
[0.769s] Level 1:colcon.colcon_core.package_discovery:discover_packages(path) check parameters
[0.770s] Level 1:colcon.colcon_core.package_discovery:discover_packages(colcon_meta) discover
[0.770s] Level 1:colcon.colcon_core.package_discovery:discover_packages(recursive) discover
[0.770s] INFO:colcon.colcon_core.package_discovery:Crawling recursively for packages in '/home/luiz/ros2_fbot'
[0.770s] Level 1:colcon.colcon_core.package_identification:_identify(.) by extensions ['ignore', 'ignore_ament_install']
[0.770s] Level 1:colcon.colcon_core.package_identification:_identify(.) by extension 'ignore'
[0.770s] Level 1:colcon.colcon_core.package_identification:_identify(.) by extension 'ignore_ament_install'
[0.770s] Level 1:colcon.colcon_core.package_identification:_identify(.) by extensions ['colcon_pkg']
[0.770s] Level 1:colcon.colcon_core.package_identification:_identify(.) by extension 'colcon_pkg'
[0.771s] Level 1:colcon.colcon_core.package_identification:_identify(.) by extensions ['colcon_meta']
[0.771s] Level 1:colcon.colcon_core.package_identification:_identify(.) by extension 'colcon_meta'
[0.771s] Level 1:colcon.colcon_core.package_identification:_identify(.) by extensions ['ros']
[0.771s] Level 1:colcon.colcon_core.package_identification:_identify(.) by extension 'ros'
[0.776s] Level 1:colcon.colcon_core.package_identification:_identify(.) by extensions ['bazel', 'cmake', 'meson', 'python']
[0.776s] Level 1:colcon.colcon_core.package_identification:_identify(.) by extension 'bazel'
[0.776s] Level 1:colcon.colcon_core.package_identification:_identify(.) by extension 'cmake'
[0.776s] Level 1:colcon.colcon_core.package_identification:_identify(.) by extension 'meson'
[0.776s] Level 1:colcon.colcon_core.package_identification:_identify(.) by extension 'python'
[0.776s] Level 1:colcon.colcon_core.package_identification:_identify(.) by extensions ['python_setup_py']
[0.776s] Level 1:colcon.colcon_core.package_identification:_identify(.) by extension 'python_setup_py'
[0.777s] Level 1:colcon.colcon_core.package_identification:_identify(build) by extensions ['ignore', 'ignore_ament_install']
[0.777s] Level 1:colcon.colcon_core.package_identification:_identify(build) by extension 'ignore'
[0.777s] Level 1:colcon.colcon_core.package_identification:_identify(build) ignored
[0.777s] Level 1:colcon.colcon_core.package_identification:_identify(install) by extensions ['ignore', 'ignore_ament_install']
[0.777s] Level 1:colcon.colcon_core.package_identification:_identify(install) by extension 'ignore'
[0.777s] Level 1:colcon.colcon_core.package_identification:_identify(install) ignored
[0.778s] Level 1:colcon.colcon_core.package_identification:_identify(log) by extensions ['ignore', 'ignore_ament_install']
[0.778s] Level 1:colcon.colcon_core.package_identification:_identify(log) by extension 'ignore'
[0.778s] Level 1:colcon.colcon_core.package_identification:_identify(log) ignored
[0.778s] Level 1:colcon.colcon_core.package_identification:_identify(src) by extensions ['ignore', 'ignore_ament_install']
[0.778s] Level 1:colcon.colcon_core.package_identification:_identify(src) by extension 'ignore'
[0.778s] Level 1:colcon.colcon_core.package_identification:_identify(src) by extension 'ignore_ament_install'
[0.778s] Level 1:colcon.colcon_core.package_identification:_identify(src) by extensions ['colcon_pkg']
[0.778s] Level 1:colcon.colcon_core.package_identification:_identify(src) by extension 'colcon_pkg'
[0.778s] Level 1:colcon.colcon_core.package_identification:_identify(src) by extensions ['colcon_meta']
[0.778s] Level 1:colcon.colcon_core.package_identification:_identify(src) by extension 'colcon_meta'
[0.779s] Level 1:colcon.colcon_core.package_identification:_identify(src) by extensions ['ros']
[0.779s] Level 1:colcon.colcon_core.package_identification:_identify(src) by extension 'ros'
[0.779s] Level 1:colcon.colcon_core.package_identification:_identify(src) by extensions ['bazel', 'cmake', 'meson', 'python']
[0.779s] Level 1:colcon.colcon_core.package_identification:_identify(src) by extension 'bazel'
[0.779s] Level 1:colcon.colcon_core.package_identification:_identify(src) by extension 'cmake'
[0.779s] Level 1:colcon.colcon_core.package_identification:_identify(src) by extension 'meson'
[0.779s] Level 1:colcon.colcon_core.package_identification:_identify(src) by extension 'python'
[0.779s] Level 1:colcon.colcon_core.package_identification:_identify(src) by extensions ['python_setup_py']
[0.779s] Level 1:colcon.colcon_core.package_identification:_identify(src) by extension 'python_setup_py'
[0.780s] Level 1:colcon.colcon_core.package_identification:_identify(src/Stage) by extensions ['ignore', 'ignore_ament_install']
[0.780s] Level 1:colcon.colcon_core.package_identification:_identify(src/Stage) by extension 'ignore'
[0.780s] Level 1:colcon.colcon_core.package_identification:_identify(src/Stage) by extension 'ignore_ament_install'
[0.780s] Level 1:colcon.colcon_core.package_identification:_identify(src/Stage) by extensions ['colcon_pkg']
[0.780s] Level 1:colcon.colcon_core.package_identification:_identify(src/Stage) by extension 'colcon_pkg'
[0.780s] Level 1:colcon.colcon_core.package_identification:_identify(src/Stage) by extensions ['colcon_meta']
[0.780s] Level 1:colcon.colcon_core.package_identification:_identify(src/Stage) by extension 'colcon_meta'
[0.780s] Level 1:colcon.colcon_core.package_identification:_identify(src/Stage) by extensions ['ros']
[0.780s] Level 1:colcon.colcon_core.package_identification:_identify(src/Stage) by extension 'ros'
[0.780s] Level 1:colcon.colcon_core.package_identification:_identify(src/Stage) by extensions ['bazel', 'cmake', 'meson', 'python']
[0.780s] Level 1:colcon.colcon_core.package_identification:_identify(src/Stage) by extension 'bazel'
[0.781s] Level 1:colcon.colcon_core.package_identification:_identify(src/Stage) by extension 'cmake'
[0.787s] Level 1:colcon.colcon_core.package_identification:_identify(src/Stage) by extension 'meson'
[0.787s] Level 1:colcon.colcon_core.package_identification:_identify(src/Stage) by extension 'python'
[0.787s] DEBUG:colcon.colcon_core.package_identification:Package 'src/Stage' with type 'cmake' and name 'Stage'
[0.788s] Level 1:colcon.colcon_core.package_identification:_identify(src/navigation) by extensions ['ignore', 'ignore_ament_install']
[0.788s] Level 1:colcon.colcon_core.package_identification:_identify(src/navigation) by extension 'ignore'
[0.788s] Level 1:colcon.colcon_core.package_identification:_identify(src/navigation) by extension 'ignore_ament_install'
[0.788s] Level 1:colcon.colcon_core.package_identification:_identify(src/navigation) by extensions ['colcon_pkg']
[0.788s] Level 1:colcon.colcon_core.package_identification:_identify(src/navigation) by extension 'colcon_pkg'
[0.788s] Level 1:colcon.colcon_core.package_identification:_identify(src/navigation) by extensions ['colcon_meta']
[0.788s] Level 1:colcon.colcon_core.package_identification:_identify(src/navigation) by extension 'colcon_meta'
[0.788s] Level 1:colcon.colcon_core.package_identification:_identify(src/navigation) by extensions ['ros']
[0.788s] Level 1:colcon.colcon_core.package_identification:_identify(src/navigation) by extension 'ros'
[0.795s] DEBUG:colcon.colcon_core.package_identification:Package 'src/navigation' with type 'ros.ament_python' and name 'navigation'
[0.796s] Level 1:colcon.colcon_core.package_identification:_identify(src/stage_ros2) by extensions ['ignore', 'ignore_ament_install']
[0.796s] Level 1:colcon.colcon_core.package_identification:_identify(src/stage_ros2) by extension 'ignore'
[0.796s] Level 1:colcon.colcon_core.package_identification:_identify(src/stage_ros2) by extension 'ignore_ament_install'
[0.796s] Level 1:colcon.colcon_core.package_identification:_identify(src/stage_ros2) by extensions ['colcon_pkg']
[0.796s] Level 1:colcon.colcon_core.package_identification:_identify(src/stage_ros2) by extension 'colcon_pkg'
[0.797s] Level 1:colcon.colcon_core.package_identification:_identify(src/stage_ros2) by extensions ['colcon_meta']
[0.797s] Level 1:colcon.colcon_core.package_identification:_identify(src/stage_ros2) by extension 'colcon_meta'
[0.797s] Level 1:colcon.colcon_core.package_identification:_identify(src/stage_ros2) by extensions ['ros']
[0.797s] Level 1:colcon.colcon_core.package_identification:_identify(src/stage_ros2) by extension 'ros'
[0.799s] DEBUG:colcon.colcon_core.package_identification:Package 'src/stage_ros2' with type 'ros.ament_cmake' and name 'stage_ros2'
[0.799s] Level 1:colcon.colcon_core.package_discovery:discover_packages(recursive) using defaults
[0.799s] Level 1:colcon.colcon_core.package_discovery:discover_packages(ignore) discover
[0.799s] Level 1:colcon.colcon_core.package_discovery:discover_packages(ignore) using defaults
[0.799s] Level 1:colcon.colcon_core.package_discovery:discover_packages(path) discover
[0.799s] Level 1:colcon.colcon_core.package_discovery:discover_packages(path) using defaults
[0.836s] Level 1:colcon.colcon_core.package_discovery:discover_packages(prefix_path) check parameters
[0.836s] Level 1:colcon.colcon_core.package_discovery:discover_packages(prefix_path) discover
[0.839s] DEBUG:colcon.colcon_installed_package_information.package_discovery:Found 3 installed packages in /home/luiz/ros2_fbot/install
[0.841s] DEBUG:colcon.colcon_installed_package_information.package_discovery:Found 1 installed packages in /home/luiz/ros2_ws/install
[0.843s] DEBUG:colcon.colcon_installed_package_information.package_discovery:Found 271 installed packages in /opt/ros/humble
[0.846s] Level 1:colcon.colcon_core.package_discovery:discover_packages(prefix_path) using defaults
[0.960s] Level 5:colcon.colcon_core.verb:set package 'Stage' build argument 'bazel_args' from command line to 'None'
[0.960s] Level 5:colcon.colcon_core.verb:set package 'Stage' build argument 'bazel_task' from command line to 'None'
[0.960s] Level 5:colcon.colcon_core.verb:set package 'Stage' build argument 'cmake_args' from command line to 'None'
[0.960s] Level 5:colcon.colcon_core.verb:set package 'Stage' build argument 'cmake_target' from command line to 'None'
[0.960s] Level 5:colcon.colcon_core.verb:set package 'Stage' build argument 'cmake_target_skip_unavailable' from command line to 'False'
[0.960s] Level 5:colcon.colcon_core.verb:set package 'Stage' build argument 'cmake_clean_cache' from command line to 'False'
[0.960s] Level 5:colcon.colcon_core.verb:set package 'Stage' build argument 'cmake_clean_first' from command line to 'False'
[0.960s] Level 5:colcon.colcon_core.verb:set package 'Stage' build argument 'cmake_force_configure' from command line to 'False'
[0.960s] Level 5:colcon.colcon_core.verb:set package 'Stage' build argument 'meson_args' from command line to '[]'
[0.960s] Level 5:colcon.colcon_core.verb:set package 'Stage' build argument 'ament_cmake_args' from command line to 'None'
[0.961s] Level 5:colcon.colcon_core.verb:set package 'Stage' build argument 'catkin_cmake_args' from command line to 'None'
[0.961s] Level 5:colcon.colcon_core.verb:set package 'Stage' build argument 'catkin_skip_building_tests' from command line to 'False'
[0.961s] DEBUG:colcon.colcon_core.verb:Building package 'Stage' with the following arguments: {'ament_cmake_args': None, 'bazel_args': None, 'bazel_task': None, 'build_base': '/home/luiz/ros2_fbot/build/Stage', 'catkin_cmake_args': None, 'catkin_skip_building_tests': False, 'cmake_args': None, 'cmake_clean_cache': False, 'cmake_clean_first': False, 'cmake_force_configure': False, 'cmake_target': None, 'cmake_target_skip_unavailable': False, 'install_base': '/home/luiz/ros2_fbot/install/Stage', 'merge_install': False, 'meson_args': [], 'path': '/home/luiz/ros2_fbot/src/Stage', 'symlink_install': False, 'test_result_base': None}
[0.987s] Level 5:colcon.colcon_core.verb:set package 'navigation' build argument 'bazel_args' from command line to 'None'
[0.987s] Level 5:colcon.colcon_core.verb:set package 'navigation' build argument 'bazel_task' from command line to 'None'
[0.987s] Level 5:colcon.colcon_core.verb:set package 'navigation' build argument 'cmake_args' from command line to 'None'
[0.987s] Level 5:colcon.colcon_core.verb:set package 'navigation' build argument 'cmake_target' from command line to 'None'
[0.987s] Level 5:colcon.colcon_core.verb:set package 'navigation' build argument 'cmake_target_skip_unavailable' from command line to 'False'
[0.987s] Level 5:colcon.colcon_core.verb:set package 'navigation' build argument 'cmake_clean_cache' from command line to 'False'
[0.987s] Level 5:colcon.colcon_core.verb:set package 'navigation' build argument 'cmake_clean_first' from command line to 'False'
[0.987s] Level 5:colcon.colcon_core.verb:set package 'navigation' build argument 'cmake_force_configure' from command line to 'False'
[0.987s] Level 5:colcon.colcon_core.verb:set package 'navigation' build argument 'meson_args' from command line to '[]'
[0.987s] Level 5:colcon.colcon_core.verb:set package 'navigation' build argument 'ament_cmake_args' from command line to 'None'
[0.987s] Level 5:colcon.colcon_core.verb:set package 'navigation' build argument 'catkin_cmake_args' from command line to 'None'
[0.987s] Level 5:colcon.colcon_core.verb:set package 'navigation' build argument 'catkin_skip_building_tests' from command line to 'False'
[0.987s] DEBUG:colcon.colcon_core.verb:Building package 'navigation' with the following arguments: {'ament_cmake_args': None, 'bazel_args': None, 'bazel_task': None, 'build_base': '/home/luiz/ros2_fbot/build/navigation', 'catkin_cmake_args': None, 'catkin_skip_building_tests': False, 'cmake_args': None, 'cmake_clean_cache': False, 'cmake_clean_first': False, 'cmake_force_configure': False, 'cmake_target': None, 'cmake_target_skip_unavailable': False, 'install_base': '/home/luiz/ros2_fbot/install/navigation', 'merge_install': False, 'meson_args': [], 'path': '/home/luiz/ros2_fbot/src/navigation', 'symlink_install': False, 'test_result_base': None}
[1.015s] Level 5:colcon.colcon_core.verb:set package 'stage_ros2' build argument 'bazel_args' from command line to 'None'
[1.015s] Level 5:colcon.colcon_core.verb:set package 'stage_ros2' build argument 'bazel_task' from command line to 'None'
[1.015s] Level 5:colcon.colcon_core.verb:set package 'stage_ros2' build argument 'cmake_args' from command line to 'None'
[1.015s] Level 5:colcon.colcon_core.verb:set package 'stage_ros2' build argument 'cmake_target' from command line to 'None'
[1.016s] Level 5:colcon.colcon_core.verb:set package 'stage_ros2' build argument 'cmake_target_skip_unavailable' from command line to 'False'
[1.016s] Level 5:colcon.colcon_core.verb:set package 'stage_ros2' build argument 'cmake_clean_cache' from command line to 'False'
[1.016s] Level 5:colcon.colcon_core.verb:set package 'stage_ros2' build argument 'cmake_clean_first' from command line to 'False'
[1.016s] Level 5:colcon.colcon_core.verb:set package 'stage_ros2' build argument 'cmake_force_configure' from command line to 'False'
[1.016s] Level 5:colcon.colcon_core.verb:set package 'stage_ros2' build argument 'meson_args' from command line to '[]'
[1.016s] Level 5:colcon.colcon_core.verb:set package 'stage_ros2' build argument 'ament_cmake_args' from command line to 'None'
[1.016s] Level 5:colcon.colcon_core.verb:set package 'stage_ros2' build argument 'catkin_cmake_args' from command line to 'None'
[1.016s] Level 5:colcon.colcon_core.verb:set package 'stage_ros2' build argument 'catkin_skip_building_tests' from command line to 'False'
[1.016s] DEBUG:colcon.colcon_core.verb:Building package 'stage_ros2' with the following arguments: {'ament_cmake_args': None, 'bazel_args': None, 'bazel_task': None, 'build_base': '/home/luiz/ros2_fbot/build/stage_ros2', 'catkin_cmake_args': None, 'catkin_skip_building_tests': False, 'cmake_args': None, 'cmake_clean_cache': False, 'cmake_clean_first': False, 'cmake_force_configure': False, 'cmake_target': None, 'cmake_target_skip_unavailable': False, 'install_base': '/home/luiz/ros2_fbot/install/stage_ros2', 'merge_install': False, 'meson_args': [], 'path': '/home/luiz/ros2_fbot/src/stage_ros2', 'symlink_install': False, 'test_result_base': None}
[1.016s] INFO:colcon.colcon_core.executor:Executing jobs using 'parallel' executor
[1.018s] DEBUG:colcon.colcon_parallel_executor.executor.parallel:run_until_complete
[1.018s] INFO:colcon.colcon_cmake.task.cmake.build:Building CMake package in '/home/luiz/ros2_fbot/src/Stage'
[1.022s] INFO:colcon.colcon_core.plugin_system:Skipping extension 'colcon_core.shell.bat': Not used on non-Windows systems
[1.023s] DEBUG:colcon.colcon_ros_domain_id_coordinator.shell.ros_domain_id:Allocated ROS_DOMAIN_ID=66 for '/home/luiz/ros2_fbot/build/Stage'
[1.023s] INFO:colcon.colcon_core.shell:Skip shell extension 'ros_domain_id' for command environment: 
[1.023s] INFO:colcon.colcon_core.shell:Skip shell extension 'powershell' for command environment: Not usable outside of PowerShell
[1.023s] DEBUG:colcon.colcon_core.shell:Skip shell extension 'dsv' for command environment
[1.035s] INFO:colcon.colcon_ros.task.ament_python.build:Building ROS package in '/home/luiz/ros2_fbot/src/navigation' with build type 'ament_python'
[1.036s] Level 1:colcon.colcon_core.shell:create_environment_hook('navigation', 'ament_prefix_path')
[1.036s] INFO:colcon.colcon_core.shell:Creating environment hook '/home/luiz/ros2_fbot/install/navigation/share/navigation/hook/ament_prefix_path.ps1'
[1.037s] INFO:colcon.colcon_core.shell:Creating environment descriptor '/home/luiz/ros2_fbot/install/navigation/share/navigation/hook/ament_prefix_path.dsv'
[1.038s] INFO:colcon.colcon_core.shell:Creating environment hook '/home/luiz/ros2_fbot/install/navigation/share/navigation/hook/ament_prefix_path.sh'
[1.039s] DEBUG:colcon.colcon_ros_domain_id_coordinator.shell.ros_domain_id:Allocated ROS_DOMAIN_ID=8 for '/home/luiz/ros2_fbot/build/navigation'
[1.040s] INFO:colcon.colcon_core.shell:Skip shell extension 'ros_domain_id' for command environment: 
[1.040s] INFO:colcon.colcon_core.shell:Skip shell extension 'powershell' for command environment: Not usable outside of PowerShell
[1.040s] DEBUG:colcon.colcon_core.shell:Skip shell extension 'dsv' for command environment
[1.507s] INFO:colcon.colcon_core.task.python.build:Building Python package in '/home/luiz/ros2_fbot/src/navigation'
[1.507s] DEBUG:colcon.colcon_ros_domain_id_coordinator.shell.ros_domain_id:Allocated ROS_DOMAIN_ID=8 for '/home/luiz/ros2_fbot/build/navigation'
[1.507s] INFO:colcon.colcon_core.shell:Skip shell extension 'ros_domain_id' for command environment: 
[1.507s] INFO:colcon.colcon_core.shell:Skip shell extension 'powershell' for command environment: Not usable outside of PowerShell
[1.507s] DEBUG:colcon.colcon_core.shell:Skip shell extension 'dsv' for command environment
[1.516s] DEBUG:colcon.colcon_core.event_handler.log_command:Invoking command in '/home/luiz/ros2_fbot/build/Stage': /usr/bin/cmake --build /home/luiz/ros2_fbot/build/Stage -- -j4 -l4
[2.624s] DEBUG:colcon.colcon_core.event_handler.log_command:Invoked command in '/home/luiz/ros2_fbot/build/Stage' returned '0': /usr/bin/cmake --build /home/luiz/ros2_fbot/build/Stage -- -j4 -l4
[2.642s] DEBUG:colcon.colcon_core.event_handler.log_command:Invoking command in '/home/luiz/ros2_fbot/build/Stage': /usr/bin/cmake --install /home/luiz/ros2_fbot/build/Stage
[2.726s] Level 1:colcon.colcon_core.environment:create_environment_scripts_only(Stage)
[2.740s] Level 1:colcon.colcon_core.environment:checking '/home/luiz/ros2_fbot/install/Stage' for CMake module files
[2.741s] Level 1:colcon.colcon_core.environment:checking '/home/luiz/ros2_fbot/install/Stage' for CMake config files
[2.742s] Level 1:colcon.colcon_core.shell:create_environment_hook('Stage', 'cmake_prefix_path')
[2.745s] INFO:colcon.colcon_core.shell:Creating environment hook '/home/luiz/ros2_fbot/install/Stage/share/Stage/hook/cmake_prefix_path.ps1'
[2.751s] INFO:colcon.colcon_core.shell:Creating environment descriptor '/home/luiz/ros2_fbot/install/Stage/share/Stage/hook/cmake_prefix_path.dsv'
[2.747s] DEBUG:colcon.colcon_core.event_handler.log_command:Invoking command in '/home/luiz/ros2_fbot/src/navigation': PYTHONPATH=/home/luiz/ros2_fbot/build/navigation/prefix_override:/usr/lib/python3/dist-packages/colcon_core/task/python/colcon_distutils_commands:/home/luiz/ros2_fbot/install/navigation/lib/python3.10/site-packages:${PYTHONPATH} /usr/bin/python3 -W ignore:setup.py install is deprecated -W ignore:easy_install command is deprecated setup.py egg_info --egg-base ../../build/navigation build --build-base /home/luiz/ros2_fbot/build/navigation/build install --record /home/luiz/ros2_fbot/build/navigation/install.log --single-version-externally-managed install_data
[2.755s] DEBUG:colcon.colcon_core.event_handler.log_command:Invoked command in '/home/luiz/ros2_fbot/build/Stage' returned '0': /usr/bin/cmake --install /home/luiz/ros2_fbot/build/Stage
[2.755s] INFO:colcon.colcon_core.shell:Creating environment hook '/home/luiz/ros2_fbot/install/Stage/share/Stage/hook/cmake_prefix_path.sh'
[2.760s] Level 1:colcon.colcon_core.environment:checking '/home/luiz/ros2_fbot/install/Stage/lib'
[2.762s] Level 1:colcon.colcon_core.shell:create_environment_hook('Stage', 'ld_library_path_lib')
[2.766s] INFO:colcon.colcon_core.shell:Creating environment hook '/home/luiz/ros2_fbot/install/Stage/share/Stage/hook/ld_library_path_lib.ps1'
[2.767s] INFO:colcon.colcon_core.shell:Creating environment descriptor '/home/luiz/ros2_fbot/install/Stage/share/Stage/hook/ld_library_path_lib.dsv'
[2.769s] INFO:colcon.colcon_core.shell:Creating environment hook '/home/luiz/ros2_fbot/install/Stage/share/Stage/hook/ld_library_path_lib.sh'
[2.773s] Level 1:colcon.colcon_core.environment:checking '/home/luiz/ros2_fbot/install/Stage/bin'
[2.777s] Level 1:colcon.colcon_core.shell:create_environment_hook('Stage', 'path')
[2.777s] INFO:colcon.colcon_core.shell:Creating environment hook '/home/luiz/ros2_fbot/install/Stage/share/Stage/hook/path.ps1'
[2.781s] INFO:colcon.colcon_core.shell:Creating environment descriptor '/home/luiz/ros2_fbot/install/Stage/share/Stage/hook/path.dsv'
[2.783s] INFO:colcon.colcon_core.shell:Creating environment hook '/home/luiz/ros2_fbot/install/Stage/share/Stage/hook/path.sh'
[2.786s] Level 1:colcon.colcon_core.environment:checking '/home/luiz/ros2_fbot/install/Stage/lib/pkgconfig/Stage.pc'
[2.786s] Level 1:colcon.colcon_core.environment:checking '/home/luiz/ros2_fbot/install/Stage/lib/python3.10/site-packages'
[2.787s] Level 1:colcon.colcon_core.environment:checking '/home/luiz/ros2_fbot/install/Stage/bin'
[2.787s] Level 1:colcon.colcon_core.shell:create_environment_hook('Stage', 'pythonscriptspath')
[2.788s] INFO:colcon.colcon_core.shell:Creating environment hook '/home/luiz/ros2_fbot/install/Stage/share/Stage/hook/pythonscriptspath.ps1'
[2.790s] INFO:colcon.colcon_core.shell:Creating environment descriptor '/home/luiz/ros2_fbot/install/Stage/share/Stage/hook/pythonscriptspath.dsv'
[2.796s] INFO:colcon.colcon_core.shell:Creating environment hook '/home/luiz/ros2_fbot/install/Stage/share/Stage/hook/pythonscriptspath.sh'
[2.798s] INFO:colcon.colcon_core.shell:Creating package script '/home/luiz/ros2_fbot/install/Stage/share/Stage/package.ps1'
[2.801s] INFO:colcon.colcon_core.shell:Creating package descriptor '/home/luiz/ros2_fbot/install/Stage/share/Stage/package.dsv'
[2.803s] INFO:colcon.colcon_core.shell:Creating package script '/home/luiz/ros2_fbot/install/Stage/share/Stage/package.sh'
[2.809s] INFO:colcon.colcon_core.shell:Creating package script '/home/luiz/ros2_fbot/install/Stage/share/Stage/package.bash'
[2.811s] INFO:colcon.colcon_core.shell:Creating package script '/home/luiz/ros2_fbot/install/Stage/share/Stage/package.zsh'
[2.813s] Level 1:colcon.colcon_core.environment:create_file_with_runtime_dependencies(/home/luiz/ros2_fbot/install/Stage/share/colcon-core/packages/Stage)
[2.816s] INFO:colcon.colcon_ros.task.ament_cmake.build:Building ROS package in '/home/luiz/ros2_fbot/src/stage_ros2' with build type 'ament_cmake'
[2.816s] INFO:colcon.colcon_cmake.task.cmake.build:Building CMake package in '/home/luiz/ros2_fbot/src/stage_ros2'
[2.817s] DEBUG:colcon.colcon_ros_domain_id_coordinator.shell.ros_domain_id:Released ROS_DOMAIN_ID=66 for '/home/luiz/ros2_fbot/build/Stage'
[2.819s] DEBUG:colcon.colcon_ros_domain_id_coordinator.shell.ros_domain_id:Allocated ROS_DOMAIN_ID=83 for '/home/luiz/ros2_fbot/build/stage_ros2'
[2.819s] INFO:colcon.colcon_core.shell:Skip shell extension 'ros_domain_id' for command environment: 
[2.819s] INFO:colcon.colcon_core.shell:Skip shell extension 'powershell' for command environment: Not usable outside of PowerShell
[2.819s] DEBUG:colcon.colcon_core.shell:Skip shell extension 'dsv' for command environment
[2.851s] DEBUG:colcon.colcon_core.event_handler.log_command:Invoking command in '/home/luiz/ros2_fbot/build/stage_ros2': CMAKE_PREFIX_PATH=/home/luiz/ros2_fbot/install/Stage:/home/luiz/ros2_fbot/install/stage_ros2:/home/luiz/ros2_fbot/install/navigation:/home/luiz/ros2_ws/install/my_py_pkg:/opt/ros/humble LD_LIBRARY_PATH=/home/luiz/ros2_fbot/install/Stage/lib:/home/luiz/ros2_fbot/install/stage_ros2/lib:/opt/ros/humble/opt/rviz_ogre_vendor/lib:/opt/ros/humble/lib/x86_64-linux-gnu:/opt/ros/humble/lib /usr/bin/cmake --build /home/luiz/ros2_fbot/build/stage_ros2 -- -j4 -l4
[3.244s] DEBUG:colcon.colcon_core.event_handler.log_command:Invoked command in '/home/luiz/ros2_fbot/build/stage_ros2' returned '0': CMAKE_PREFIX_PATH=/home/luiz/ros2_fbot/install/Stage:/home/luiz/ros2_fbot/install/stage_ros2:/home/luiz/ros2_fbot/install/navigation:/home/luiz/ros2_ws/install/my_py_pkg:/opt/ros/humble LD_LIBRARY_PATH=/home/luiz/ros2_fbot/install/Stage/lib:/home/luiz/ros2_fbot/install/stage_ros2/lib:/opt/ros/humble/opt/rviz_ogre_vendor/lib:/opt/ros/humble/lib/x86_64-linux-gnu:/opt/ros/humble/lib /usr/bin/cmake --build /home/luiz/ros2_fbot/build/stage_ros2 -- -j4 -l4
[3.250s] DEBUG:colcon.colcon_core.event_handler.log_command:Invoking command in '/home/luiz/ros2_fbot/build/stage_ros2': CMAKE_PREFIX_PATH=/home/luiz/ros2_fbot/install/Stage:/home/luiz/ros2_fbot/install/stage_ros2:/home/luiz/ros2_fbot/install/navigation:/home/luiz/ros2_ws/install/my_py_pkg:/opt/ros/humble LD_LIBRARY_PATH=/home/luiz/ros2_fbot/install/Stage/lib:/home/luiz/ros2_fbot/install/stage_ros2/lib:/opt/ros/humble/opt/rviz_ogre_vendor/lib:/opt/ros/humble/lib/x86_64-linux-gnu:/opt/ros/humble/lib /usr/bin/cmake --install /home/luiz/ros2_fbot/build/stage_ros2
[3.300s] Level 1:colcon.colcon_core.environment:create_environment_scripts_only(stage_ros2)
[3.301s] Level 1:colcon.colcon_core.environment:checking '/home/luiz/ros2_fbot/install/stage_ros2' for CMake module files
[3.303s] DEBUG:colcon.colcon_core.event_handler.log_command:Invoked command in '/home/luiz/ros2_fbot/build/stage_ros2' returned '0': CMAKE_PREFIX_PATH=/home/luiz/ros2_fbot/install/Stage:/home/luiz/ros2_fbot/install/stage_ros2:/home/luiz/ros2_fbot/install/navigation:/home/luiz/ros2_ws/install/my_py_pkg:/opt/ros/humble LD_LIBRARY_PATH=/home/luiz/ros2_fbot/install/Stage/lib:/home/luiz/ros2_fbot/install/stage_ros2/lib:/opt/ros/humble/opt/rviz_ogre_vendor/lib:/opt/ros/humble/lib/x86_64-linux-gnu:/opt/ros/humble/lib /usr/bin/cmake --install /home/luiz/ros2_fbot/build/stage_ros2
[3.303s] Level 1:colcon.colcon_core.environment:checking '/home/luiz/ros2_fbot/install/stage_ros2' for CMake config files
[3.304s] Level 1:colcon.colcon_core.shell:create_environment_hook('stage_ros2', 'cmake_prefix_path')
[3.307s] INFO:colcon.colcon_core.shell:Creating environment hook '/home/luiz/ros2_fbot/install/stage_ros2/share/stage_ros2/hook/cmake_prefix_path.ps1'
[3.309s] INFO:colcon.colcon_core.shell:Creating environment descriptor '/home/luiz/ros2_fbot/install/stage_ros2/share/stage_ros2/hook/cmake_prefix_path.dsv'
[3.310s] INFO:colcon.colcon_core.shell:Creating environment hook '/home/luiz/ros2_fbot/install/stage_ros2/share/stage_ros2/hook/cmake_prefix_path.sh'
[3.311s] Level 1:colcon.colcon_core.environment:checking '/home/luiz/ros2_fbot/install/stage_ros2/lib'
[3.311s] Level 1:colcon.colcon_core.shell:create_environment_hook('stage_ros2', 'ld_library_path_lib')
[3.312s] INFO:colcon.colcon_core.shell:Creating environment hook '/home/luiz/ros2_fbot/install/stage_ros2/share/stage_ros2/hook/ld_library_path_lib.ps1'
[3.313s] INFO:colcon.colcon_core.shell:Creating environment descriptor '/home/luiz/ros2_fbot/install/stage_ros2/share/stage_ros2/hook/ld_library_path_lib.dsv'
[3.313s] INFO:colcon.colcon_core.shell:Creating environment hook '/home/luiz/ros2_fbot/install/stage_ros2/share/stage_ros2/hook/ld_library_path_lib.sh'
[3.314s] Level 1:colcon.colcon_core.environment:checking '/home/luiz/ros2_fbot/install/stage_ros2/bin'
[3.314s] Level 1:colcon.colcon_core.environment:checking '/home/luiz/ros2_fbot/install/stage_ros2/lib/pkgconfig/stage_ros2.pc'
[3.314s] Level 1:colcon.colcon_core.environment:checking '/home/luiz/ros2_fbot/install/stage_ros2/lib/python3.10/site-packages'
[3.315s] Level 1:colcon.colcon_core.environment:checking '/home/luiz/ros2_fbot/install/stage_ros2/bin'
[3.316s] INFO:colcon.colcon_core.shell:Creating package script '/home/luiz/ros2_fbot/install/stage_ros2/share/stage_ros2/package.ps1'
[3.318s] INFO:colcon.colcon_core.shell:Creating package descriptor '/home/luiz/ros2_fbot/install/stage_ros2/share/stage_ros2/package.dsv'
[3.319s] INFO:colcon.colcon_core.shell:Creating package script '/home/luiz/ros2_fbot/install/stage_ros2/share/stage_ros2/package.sh'
[3.320s] INFO:colcon.colcon_core.shell:Creating package script '/home/luiz/ros2_fbot/install/stage_ros2/share/stage_ros2/package.bash'
[3.321s] INFO:colcon.colcon_core.shell:Creating package script '/home/luiz/ros2_fbot/install/stage_ros2/share/stage_ros2/package.zsh'
[3.321s] Level 1:colcon.colcon_core.environment:create_file_with_runtime_dependencies(/home/luiz/ros2_fbot/install/stage_ros2/share/colcon-core/packages/stage_ros2)
[3.323s] Level 1:colcon.colcon_core.environment:create_environment_scripts_only(stage_ros2)
[3.324s] Level 1:colcon.colcon_core.environment:checking '/home/luiz/ros2_fbot/install/stage_ros2' for CMake module files
[3.325s] Level 1:colcon.colcon_core.environment:checking '/home/luiz/ros2_fbot/install/stage_ros2' for CMake config files
[3.326s] Level 1:colcon.colcon_core.shell:create_environment_hook('stage_ros2', 'cmake_prefix_path')
[3.327s] INFO:colcon.colcon_core.shell:Creating environment hook '/home/luiz/ros2_fbot/install/stage_ros2/share/stage_ros2/hook/cmake_prefix_path.ps1'
[3.330s] INFO:colcon.colcon_core.shell:Creating environment descriptor '/home/luiz/ros2_fbot/install/stage_ros2/share/stage_ros2/hook/cmake_prefix_path.dsv'
[3.331s] INFO:colcon.colcon_core.shell:Creating environment hook '/home/luiz/ros2_fbot/install/stage_ros2/share/stage_ros2/hook/cmake_prefix_path.sh'
[3.334s] Level 1:colcon.colcon_core.environment:checking '/home/luiz/ros2_fbot/install/stage_ros2/lib'
[3.334s] Level 1:colcon.colcon_core.shell:create_environment_hook('stage_ros2', 'ld_library_path_lib')
[3.334s] INFO:colcon.colcon_core.shell:Creating environment hook '/home/luiz/ros2_fbot/install/stage_ros2/share/stage_ros2/hook/ld_library_path_lib.ps1'
[3.335s] INFO:colcon.colcon_core.shell:Creating environment descriptor '/home/luiz/ros2_fbot/install/stage_ros2/share/stage_ros2/hook/ld_library_path_lib.dsv'
[3.336s] INFO:colcon.colcon_core.shell:Creating environment hook '/home/luiz/ros2_fbot/install/stage_ros2/share/stage_ros2/hook/ld_library_path_lib.sh'
[3.336s] Level 1:colcon.colcon_core.environment:checking '/home/luiz/ros2_fbot/install/stage_ros2/bin'
[3.336s] Level 1:colcon.colcon_core.environment:checking '/home/luiz/ros2_fbot/install/stage_ros2/lib/pkgconfig/stage_ros2.pc'
[3.337s] Level 1:colcon.colcon_core.environment:checking '/home/luiz/ros2_fbot/install/stage_ros2/lib/python3.10/site-packages'
[3.337s] Level 1:colcon.colcon_core.environment:checking '/home/luiz/ros2_fbot/install/stage_ros2/bin'
[3.338s] INFO:colcon.colcon_core.shell:Creating package script '/home/luiz/ros2_fbot/install/stage_ros2/share/stage_ros2/package.ps1'
[3.339s] INFO:colcon.colcon_core.shell:Creating package descriptor '/home/luiz/ros2_fbot/install/stage_ros2/share/stage_ros2/package.dsv'
[3.340s] INFO:colcon.colcon_core.shell:Creating package script '/home/luiz/ros2_fbot/install/stage_ros2/share/stage_ros2/package.sh'
[3.341s] INFO:colcon.colcon_core.shell:Creating package script '/home/luiz/ros2_fbot/install/stage_ros2/share/stage_ros2/package.bash'
[3.342s] INFO:colcon.colcon_core.shell:Creating package script '/home/luiz/ros2_fbot/install/stage_ros2/share/stage_ros2/package.zsh'
[3.343s] Level 1:colcon.colcon_core.environment:create_file_with_runtime_dependencies(/home/luiz/ros2_fbot/install/stage_ros2/share/colcon-core/packages/stage_ros2)
[3.344s] DEBUG:colcon.colcon_ros_domain_id_coordinator.shell.ros_domain_id:Released ROS_DOMAIN_ID=83 for '/home/luiz/ros2_fbot/build/stage_ros2'
[3.851s] Level 1:colcon.colcon_core.environment:checking '/home/luiz/ros2_fbot/install/navigation' for CMake module files
[3.854s] Level 1:colcon.colcon_core.environment:checking '/home/luiz/ros2_fbot/install/navigation' for CMake config files
[3.853s] DEBUG:colcon.colcon_core.event_handler.log_command:Invoked command in '/home/luiz/ros2_fbot/src/navigation' returned '0': PYTHONPATH=/home/luiz/ros2_fbot/build/navigation/prefix_override:/usr/lib/python3/dist-packages/colcon_core/task/python/colcon_distutils_commands:/home/luiz/ros2_fbot/install/navigation/lib/python3.10/site-packages:${PYTHONPATH} /usr/bin/python3 -W ignore:setup.py install is deprecated -W ignore:easy_install command is deprecated setup.py egg_info --egg-base ../../build/navigation build --build-base /home/luiz/ros2_fbot/build/navigation/build install --record /home/luiz/ros2_fbot/build/navigation/install.log --single-version-externally-managed install_data
[3.856s] Level 1:colcon.colcon_core.environment:checking '/home/luiz/ros2_fbot/install/navigation/lib'
[3.856s] Level 1:colcon.colcon_core.environment:checking '/home/luiz/ros2_fbot/install/navigation/bin'
[3.856s] Level 1:colcon.colcon_core.environment:checking '/home/luiz/ros2_fbot/install/navigation/lib/pkgconfig/navigation.pc'
[3.856s] Level 1:colcon.colcon_core.environment:checking '/home/luiz/ros2_fbot/install/navigation/lib/python3.10/site-packages'
[3.856s] Level 1:colcon.colcon_core.shell:create_environment_hook('navigation', 'pythonpath')
[3.857s] INFO:colcon.colcon_core.shell:Creating environment hook '/home/luiz/ros2_fbot/install/navigation/share/navigation/hook/pythonpath.ps1'
[3.857s] INFO:colcon.colcon_core.shell:Creating environment descriptor '/home/luiz/ros2_fbot/install/navigation/share/navigation/hook/pythonpath.dsv'
[3.859s] INFO:colcon.colcon_core.shell:Creating environment hook '/home/luiz/ros2_fbot/install/navigation/share/navigation/hook/pythonpath.sh'
[3.861s] Level 1:colcon.colcon_core.environment:checking '/home/luiz/ros2_fbot/install/navigation/bin'
[3.861s] Level 1:colcon.colcon_core.environment:create_environment_scripts_only(navigation)
[3.863s] INFO:colcon.colcon_core.shell:Creating package script '/home/luiz/ros2_fbot/install/navigation/share/navigation/package.ps1'
[3.864s] INFO:colcon.colcon_core.shell:Creating package descriptor '/home/luiz/ros2_fbot/install/navigation/share/navigation/package.dsv'
[3.865s] INFO:colcon.colcon_core.shell:Creating package script '/home/luiz/ros2_fbot/install/navigation/share/navigation/package.sh'
[3.868s] INFO:colcon.colcon_core.shell:Creating package script '/home/luiz/ros2_fbot/install/navigation/share/navigation/package.bash'
[3.870s] INFO:colcon.colcon_core.shell:Creating package script '/home/luiz/ros2_fbot/install/navigation/share/navigation/package.zsh'
[3.871s] Level 1:colcon.colcon_core.environment:create_file_with_runtime_dependencies(/home/luiz/ros2_fbot/install/navigation/share/colcon-core/packages/navigation)
[3.872s] DEBUG:colcon.colcon_parallel_executor.executor.parallel:closing loop
[3.873s] DEBUG:colcon.colcon_ros_domain_id_coordinator.shell.ros_domain_id:Released ROS_DOMAIN_ID=8 for '/home/luiz/ros2_fbot/build/navigation'
[3.873s] DEBUG:colcon.colcon_parallel_executor.executor.parallel:loop closed
[3.875s] DEBUG:colcon.colcon_parallel_executor.executor.parallel:run_until_complete finished with '0'
[3.875s] DEBUG:colcon.colcon_core.event_reactor:joining thread
[3.889s] INFO:colcon.colcon_core.plugin_system:Skipping extension 'colcon_notification.desktop_notification.terminal_notifier': Not used on non-Darwin systems
[3.889s] INFO:colcon.colcon_core.plugin_system:Skipping extension 'colcon_notification.desktop_notification.win32': Not used on non-Windows systems
[3.890s] INFO:colcon.colcon_notification.desktop_notification:Sending desktop notification using 'notify2'
[3.918s] DEBUG:colcon.colcon_core.event_reactor:joined thread
[3.919s] INFO:colcon.colcon_core.shell:Creating prefix script '/home/luiz/ros2_fbot/install/local_setup.ps1'
[3.923s] INFO:colcon.colcon_core.shell:Creating prefix util module '/home/luiz/ros2_fbot/install/_local_setup_util_ps1.py'
[3.928s] INFO:colcon.colcon_core.shell:Creating prefix chain script '/home/luiz/ros2_fbot/install/setup.ps1'
[3.933s] INFO:colcon.colcon_core.shell:Creating prefix script '/home/luiz/ros2_fbot/install/local_setup.sh'
[3.935s] INFO:colcon.colcon_core.shell:Creating prefix util module '/home/luiz/ros2_fbot/install/_local_setup_util_sh.py'
[3.936s] INFO:colcon.colcon_core.shell:Creating prefix chain script '/home/luiz/ros2_fbot/install/setup.sh'
[3.939s] INFO:colcon.colcon_core.shell:Creating prefix script '/home/luiz/ros2_fbot/install/local_setup.bash'
[3.941s] INFO:colcon.colcon_core.shell:Creating prefix chain script '/home/luiz/ros2_fbot/install/setup.bash'
[3.944s] INFO:colcon.colcon_core.shell:Creating prefix script '/home/luiz/ros2_fbot/install/local_setup.zsh'
[3.946s] INFO:colcon.colcon_core.shell:Creating prefix chain script '/home/luiz/ros2_fbot/install/setup.zsh'
[3.948s] INFO:colcon.colcon_core.shell:Creating '/home/luiz/ros2_fbot/install/spawn_shell.bash'
