[3.721s] DEBUG:colcon:Command line arguments: ['/usr/bin/colcon', 'build']
[3.721s] DEBUG:colcon:Parsed command line arguments: Namespace(log_base=None, log_level=None, verb_name='build', build_base='build', install_base='install', merge_install=False, symlink_install=False, test_result_base=None, continue_on_error=False, executor='parallel', parallel_workers=4, event_handlers=None, ignore_user_meta=False, metas=['./colcon.meta'], base_paths=['.'], packages_ignore=None, packages_ignore_regex=None, paths=None, packages_up_to=None, packages_up_to_regex=None, packages_above=None, packages_above_and_dependencies=None, packages_above_depth=None, packages_select_by_dep=None, packages_skip_by_dep=None, packages_skip_up_to=None, packages_select_build_failed=False, packages_skip_build_finished=False, packages_select_test_failures=False, packages_skip_test_passed=False, packages_select=None, packages_skip=None, packages_select_regex=None, packages_skip_regex=None, packages_start=None, packages_end=None, allow_overriding=[], bazel_args=None, bazel_task=None, cmake_args=None, cmake_target=None, cmake_target_skip_unavailable=False, cmake_clean_cache=False, cmake_clean_first=False, cmake_force_configure=False, meson_args=[], ament_cmake_args=None, catkin_cmake_args=None, catkin_skip_building_tests=False, mixin_files=None, mixin=None, verb_parser=<colcon_alias.argument_parser.alias.AliasArgumentDecorator object at 0x7708010f8730>, verb_extension=<colcon_core.verb.build.BuildVerb object at 0x7708010b79a0>, main=<bound method BuildVerb.main of <colcon_core.verb.build.BuildVerb object at 0x7708010b79a0>>, mixin_verb=('build',))
[7.450s] Level 1:colcon.colcon_core.package_discovery:discover_packages(colcon_meta) check parameters
[7.450s] Level 1:colcon.colcon_core.package_discovery:discover_packages(recursive) check parameters
[7.450s] Level 1:colcon.colcon_core.package_discovery:discover_packages(ignore) check parameters
[7.451s] Level 1:colcon.colcon_core.package_discovery:discover_packages(path) check parameters
[7.451s] Level 1:colcon.colcon_core.package_discovery:discover_packages(colcon_meta) discover
[7.451s] Level 1:colcon.colcon_core.package_discovery:discover_packages(recursive) discover
[7.451s] INFO:colcon.colcon_core.package_discovery:Crawling recursively for packages in '/home/luiz/ros2_fbot'
[7.451s] Level 1:colcon.colcon_core.package_identification:_identify(.) by extensions ['ignore', 'ignore_ament_install']
[7.451s] Level 1:colcon.colcon_core.package_identification:_identify(.) by extension 'ignore'
[7.451s] Level 1:colcon.colcon_core.package_identification:_identify(.) by extension 'ignore_ament_install'
[7.451s] Level 1:colcon.colcon_core.package_identification:_identify(.) by extensions ['colcon_pkg']
[7.451s] Level 1:colcon.colcon_core.package_identification:_identify(.) by extension 'colcon_pkg'
[7.451s] Level 1:colcon.colcon_core.package_identification:_identify(.) by extensions ['colcon_meta']
[7.451s] Level 1:colcon.colcon_core.package_identification:_identify(.) by extension 'colcon_meta'
[7.451s] Level 1:colcon.colcon_core.package_identification:_identify(.) by extensions ['ros']
[7.451s] Level 1:colcon.colcon_core.package_identification:_identify(.) by extension 'ros'
[7.480s] Level 1:colcon.colcon_core.package_identification:_identify(.) by extensions ['bazel', 'cmake', 'meson', 'python']
[7.480s] Level 1:colcon.colcon_core.package_identification:_identify(.) by extension 'bazel'
[7.481s] Level 1:colcon.colcon_core.package_identification:_identify(.) by extension 'cmake'
[7.481s] Level 1:colcon.colcon_core.package_identification:_identify(.) by extension 'meson'
[7.481s] Level 1:colcon.colcon_core.package_identification:_identify(.) by extension 'python'
[7.481s] Level 1:colcon.colcon_core.package_identification:_identify(.) by extensions ['python_setup_py']
[7.481s] Level 1:colcon.colcon_core.package_identification:_identify(.) by extension 'python_setup_py'
[7.481s] Level 1:colcon.colcon_core.package_identification:_identify(build) by extensions ['ignore', 'ignore_ament_install']
[7.481s] Level 1:colcon.colcon_core.package_identification:_identify(build) by extension 'ignore'
[7.481s] Level 1:colcon.colcon_core.package_identification:_identify(build) ignored
[7.481s] Level 1:colcon.colcon_core.package_identification:_identify(install) by extensions ['ignore', 'ignore_ament_install']
[7.481s] Level 1:colcon.colcon_core.package_identification:_identify(install) by extension 'ignore'
[7.481s] Level 1:colcon.colcon_core.package_identification:_identify(install) ignored
[7.482s] Level 1:colcon.colcon_core.package_identification:_identify(log) by extensions ['ignore', 'ignore_ament_install']
[7.482s] Level 1:colcon.colcon_core.package_identification:_identify(log) by extension 'ignore'
[7.482s] Level 1:colcon.colcon_core.package_identification:_identify(log) ignored
[7.482s] Level 1:colcon.colcon_core.package_identification:_identify(src) by extensions ['ignore', 'ignore_ament_install']
[7.482s] Level 1:colcon.colcon_core.package_identification:_identify(src) by extension 'ignore'
[7.482s] Level 1:colcon.colcon_core.package_identification:_identify(src) by extension 'ignore_ament_install'
[7.482s] Level 1:colcon.colcon_core.package_identification:_identify(src) by extensions ['colcon_pkg']
[7.482s] Level 1:colcon.colcon_core.package_identification:_identify(src) by extension 'colcon_pkg'
[7.482s] Level 1:colcon.colcon_core.package_identification:_identify(src) by extensions ['colcon_meta']
[7.482s] Level 1:colcon.colcon_core.package_identification:_identify(src) by extension 'colcon_meta'
[7.482s] Level 1:colcon.colcon_core.package_identification:_identify(src) by extensions ['ros']
[7.482s] Level 1:colcon.colcon_core.package_identification:_identify(src) by extension 'ros'
[7.482s] Level 1:colcon.colcon_core.package_identification:_identify(src) by extensions ['bazel', 'cmake', 'meson', 'python']
[7.482s] Level 1:colcon.colcon_core.package_identification:_identify(src) by extension 'bazel'
[7.482s] Level 1:colcon.colcon_core.package_identification:_identify(src) by extension 'cmake'
[7.482s] Level 1:colcon.colcon_core.package_identification:_identify(src) by extension 'meson'
[7.482s] Level 1:colcon.colcon_core.package_identification:_identify(src) by extension 'python'
[7.482s] Level 1:colcon.colcon_core.package_identification:_identify(src) by extensions ['python_setup_py']
[7.482s] Level 1:colcon.colcon_core.package_identification:_identify(src) by extension 'python_setup_py'
[7.482s] Level 1:colcon.colcon_core.package_discovery:discover_packages(recursive) using defaults
[7.482s] Level 1:colcon.colcon_core.package_discovery:discover_packages(ignore) discover
[7.482s] Level 1:colcon.colcon_core.package_discovery:discover_packages(ignore) using defaults
[7.482s] Level 1:colcon.colcon_core.package_discovery:discover_packages(path) discover
[7.482s] Level 1:colcon.colcon_core.package_discovery:discover_packages(path) using defaults
[7.625s] Level 1:colcon.colcon_core.package_discovery:discover_packages(prefix_path) check parameters
[7.625s] Level 1:colcon.colcon_core.package_discovery:discover_packages(prefix_path) discover
[7.665s] WARNING:colcon.colcon_ros.prefix_path.ament:The path '/home/luiz/ros2_fbot/install/stage_ros2' in the environment variable AMENT_PREFIX_PATH doesn't exist
[7.665s] WARNING:colcon.colcon_ros.prefix_path.ament:The path '/home/luiz/ros2_fbot/install/py_pubsub' in the environment variable AMENT_PREFIX_PATH doesn't exist
[7.665s] WARNING:colcon.colcon_ros.prefix_path.ament:The path '/home/luiz/ros2_fbot/install/meu_pacote_python' in the environment variable AMENT_PREFIX_PATH doesn't exist
[7.665s] WARNING:colcon.colcon_ros.prefix_path.ament:The path '/home/luiz/ros2_fbot/install/andar' in the environment variable AMENT_PREFIX_PATH doesn't exist
[7.666s] WARNING:colcon.colcon_ros.prefix_path.catkin:The path '/home/luiz/ros2_fbot/install/stage_ros2' in the environment variable CMAKE_PREFIX_PATH doesn't exist
[7.666s] WARNING:colcon.colcon_ros.prefix_path.catkin:The path '/home/luiz/ros2_fbot/install/Stage' in the environment variable CMAKE_PREFIX_PATH doesn't exist
[7.667s] DEBUG:colcon.colcon_installed_package_information.package_discovery:Found 0 installed packages in /home/luiz/ros2_fbot/install
[7.667s] DEBUG:colcon.colcon_installed_package_information.package_discovery:Found 1 installed packages in /home/luiz/ros2_ws/install
[7.702s] DEBUG:colcon.colcon_installed_package_information.package_discovery:Found 271 installed packages in /opt/ros/humble
[7.704s] Level 1:colcon.colcon_core.package_discovery:discover_packages(prefix_path) using defaults
[9.527s] INFO:colcon.colcon_core.executor:Executing jobs using 'parallel' executor
[9.528s] DEBUG:colcon.colcon_parallel_executor.executor.parallel:run_until_complete
[9.528s] DEBUG:colcon.colcon_parallel_executor.executor.parallel:closing loop
[9.528s] DEBUG:colcon.colcon_parallel_executor.executor.parallel:loop closed
[9.528s] DEBUG:colcon.colcon_parallel_executor.executor.parallel:run_until_complete finished with '0'
[9.528s] DEBUG:colcon.colcon_core.event_reactor:joining thread
[9.532s] INFO:colcon.colcon_core.plugin_system:Skipping extension 'colcon_notification.desktop_notification.terminal_notifier': Not used on non-Darwin systems
[9.533s] INFO:colcon.colcon_core.plugin_system:Skipping extension 'colcon_notification.desktop_notification.win32': Not used on non-Windows systems
[9.533s] INFO:colcon.colcon_notification.desktop_notification:Sending desktop notification using 'notify2'
[9.617s] DEBUG:colcon.colcon_core.event_reactor:joined thread
[9.732s] INFO:colcon.colcon_core.plugin_system:Skipping extension 'colcon_core.shell.bat': Not used on non-Windows systems
[9.732s] INFO:colcon.colcon_core.shell:Creating prefix script '/home/luiz/ros2_fbot/install/local_setup.ps1'
[9.735s] INFO:colcon.colcon_core.shell:Creating prefix util module '/home/luiz/ros2_fbot/install/_local_setup_util_ps1.py'
[9.740s] INFO:colcon.colcon_core.shell:Creating prefix chain script '/home/luiz/ros2_fbot/install/setup.ps1'
[9.741s] INFO:colcon.colcon_core.shell:Creating prefix script '/home/luiz/ros2_fbot/install/local_setup.sh'
[9.742s] INFO:colcon.colcon_core.shell:Creating prefix util module '/home/luiz/ros2_fbot/install/_local_setup_util_sh.py'
[9.742s] INFO:colcon.colcon_core.shell:Creating prefix chain script '/home/luiz/ros2_fbot/install/setup.sh'
[9.743s] INFO:colcon.colcon_core.shell:Creating prefix script '/home/luiz/ros2_fbot/install/local_setup.bash'
[9.744s] INFO:colcon.colcon_core.shell:Creating prefix chain script '/home/luiz/ros2_fbot/install/setup.bash'
[9.745s] INFO:colcon.colcon_core.shell:Creating prefix script '/home/luiz/ros2_fbot/install/local_setup.zsh'
[9.746s] INFO:colcon.colcon_core.shell:Creating prefix chain script '/home/luiz/ros2_fbot/install/setup.zsh'
[9.747s] INFO:colcon.colcon_core.shell:Creating '/home/luiz/ros2_fbot/install/spawn_shell.bash'
