[1.711s] Invoking command in '/home/luiz/ros2_fbot/src/navigation': PYTHONPATH=/home/luiz/ros2_fbot/build/navigation/prefix_override:/usr/lib/python3/dist-packages/colcon_core/task/python/colcon_distutils_commands:/home/luiz/ros2_fbot/install/navigation/lib/python3.10/site-packages:${PYTHONPATH} /usr/bin/python3 -W ignore:setup.py install is deprecated -W ignore:easy_install command is deprecated setup.py egg_info --egg-base ../../build/navigation build --build-base /home/luiz/ros2_fbot/build/navigation/build install --record /home/luiz/ros2_fbot/build/navigation/install.log --single-version-externally-managed install_data
[2.660s] running egg_info
[2.662s] writing ../../build/navigation/navigation.egg-info/PKG-INFO
[2.662s] writing dependency_links to ../../build/navigation/navigation.egg-info/dependency_links.txt
[2.663s] writing entry points to ../../build/navigation/navigation.egg-info/entry_points.txt
[2.663s] writing requirements to ../../build/navigation/navigation.egg-info/requires.txt
[2.663s] writing top-level names to ../../build/navigation/navigation.egg-info/top_level.txt
[2.667s] reading manifest file '../../build/navigation/navigation.egg-info/SOURCES.txt'
[2.670s] writing manifest file '../../build/navigation/navigation.egg-info/SOURCES.txt'
[2.670s] running build
[2.670s] running build_py
[2.672s] copying navigation/auto_walk.py -> /home/luiz/ros2_fbot/build/navigation/build/lib/navigation
[2.672s] running install
[2.672s] running install_lib
[2.674s] copying /home/luiz/ros2_fbot/build/navigation/build/lib/navigation/auto_walk.py -> /home/luiz/ros2_fbot/install/navigation/lib/python3.10/site-packages/navigation
[2.675s] byte-compiling /home/luiz/ros2_fbot/install/navigation/lib/python3.10/site-packages/navigation/auto_walk.py to auto_walk.cpython-310.pyc
[2.676s] running install_data
[2.676s] running install_egg_info
[2.679s] removing '/home/luiz/ros2_fbot/install/navigation/lib/python3.10/site-packages/navigation-0.0.0-py3.10.egg-info' (and everything under it)
[2.681s] Copying ../../build/navigation/navigation.egg-info to /home/luiz/ros2_fbot/install/navigation/lib/python3.10/site-packages/navigation-0.0.0-py3.10.egg-info
[2.683s] running install_scripts
[2.740s] Installing navigation script to /home/luiz/ros2_fbot/install/navigation/lib/navigation
[2.741s] writing list of installed files to '/home/luiz/ros2_fbot/build/navigation/install.log'
[2.817s] Invoked command in '/home/luiz/ros2_fbot/src/navigation' returned '0': PYTHONPATH=/home/luiz/ros2_fbot/build/navigation/prefix_override:/usr/lib/python3/dist-packages/colcon_core/task/python/colcon_distutils_commands:/home/luiz/ros2_fbot/install/navigation/lib/python3.10/site-packages:${PYTHONPATH} /usr/bin/python3 -W ignore:setup.py install is deprecated -W ignore:easy_install command is deprecated setup.py egg_info --egg-base ../../build/navigation build --build-base /home/luiz/ros2_fbot/build/navigation/build install --record /home/luiz/ros2_fbot/build/navigation/install.log --single-version-externally-managed install_data
