[3.001s] Invoking command in '/home/luiz/ros2_fbot/src/navigation': PYTHONPATH=/home/luiz/ros2_fbot/build/navigation/prefix_override:/usr/lib/python3/dist-packages/colcon_core/task/python/colcon_distutils_commands:/home/luiz/ros2_fbot/install/navigation/lib/python3.10/site-packages:${PYTHONPATH} /usr/bin/python3 -W ignore:setup.py install is deprecated -W ignore:easy_install command is deprecated setup.py egg_info --egg-base ../../build/navigation build --build-base /home/luiz/ros2_fbot/build/navigation/build install --record /home/luiz/ros2_fbot/build/navigation/install.log --single-version-externally-managed install_data
[3.404s] running egg_info
[3.406s] writing ../../build/navigation/navigation.egg-info/PKG-INFO
[3.407s] writing dependency_links to ../../build/navigation/navigation.egg-info/dependency_links.txt
[3.407s] writing entry points to ../../build/navigation/navigation.egg-info/entry_points.txt
[3.407s] writing requirements to ../../build/navigation/navigation.egg-info/requires.txt
[3.407s] writing top-level names to ../../build/navigation/navigation.egg-info/top_level.txt
[3.410s] reading manifest file '../../build/navigation/navigation.egg-info/SOURCES.txt'
[3.549s] writing manifest file '../../build/navigation/navigation.egg-info/SOURCES.txt'
[3.549s] running build
[3.549s] running build_py
[3.549s] running install
[3.549s] running install_lib
[3.569s] running install_data
[3.570s] running install_egg_info
[3.574s] removing '/home/luiz/ros2_fbot/install/navigation/lib/python3.10/site-packages/navigation-0.0.0-py3.10.egg-info' (and everything under it)
[3.575s] Copying ../../build/navigation/navigation.egg-info to /home/luiz/ros2_fbot/install/navigation/lib/python3.10/site-packages/navigation-0.0.0-py3.10.egg-info
[3.626s] running install_scripts
[3.661s] Installing navigation script to /home/luiz/ros2_fbot/install/navigation/lib/navigation
[3.662s] writing list of installed files to '/home/luiz/ros2_fbot/build/navigation/install.log'
[3.706s] Invoked command in '/home/luiz/ros2_fbot/src/navigation' returned '0': PYTHONPATH=/home/luiz/ros2_fbot/build/navigation/prefix_override:/usr/lib/python3/dist-packages/colcon_core/task/python/colcon_distutils_commands:/home/luiz/ros2_fbot/install/navigation/lib/python3.10/site-packages:${PYTHONPATH} /usr/bin/python3 -W ignore:setup.py install is deprecated -W ignore:easy_install command is deprecated setup.py egg_info --egg-base ../../build/navigation build --build-base /home/luiz/ros2_fbot/build/navigation/build install --record /home/luiz/ros2_fbot/build/navigation/install.log --single-version-externally-managed install_data
