[2.501s] DEBUG:colcon:Command line arguments: ['/usr/bin/colcon', 'build', '--symlink-install', '--packages-select', 'stage_ros2']
[2.501s] DEBUG:colcon:Parsed command line arguments: Namespace(log_base=None, log_level=None, verb_name='build', build_base='build', install_base='install', merge_install=False, symlink_install=True, test_result_base=None, continue_on_error=False, executor='parallel', parallel_workers=4, event_handlers=None, ignore_user_meta=False, metas=['./colcon.meta'], base_paths=['.'], packages_ignore=None, packages_ignore_regex=None, paths=None, packages_up_to=None, packages_up_to_regex=None, packages_above=None, packages_above_and_dependencies=None, packages_above_depth=None, packages_select_by_dep=None, packages_skip_by_dep=None, packages_skip_up_to=None, packages_select_build_failed=False, packages_skip_build_finished=False, packages_select_test_failures=False, packages_skip_test_passed=False, packages_select=['stage_ros2'], packages_skip=None, packages_select_regex=None, packages_skip_regex=None, packages_start=None, packages_end=None, allow_overriding=[], bazel_args=None, bazel_task=None, cmake_args=None, cmake_target=None, cmake_target_skip_unavailable=False, cmake_clean_cache=False, cmake_clean_first=False, cmake_force_configure=False, meson_args=[], ament_cmake_args=None, catkin_cmake_args=None, catkin_skip_building_tests=False, mixin_files=None, mixin=None, verb_parser=<colcon_alias.argument_parser.alias.AliasArgumentDecorator object at 0x703c2a733eb0>, verb_extension=<colcon_core.verb.build.BuildVerb object at 0x703c2a733160>, main=<bound method BuildVerb.main of <colcon_core.verb.build.BuildVerb object at 0x703c2a733160>>, mixin_verb=('build',))
[5.338s] Level 1:colcon.colcon_core.package_discovery:discover_packages(colcon_meta) check parameters
[5.338s] Level 1:colcon.colcon_core.package_discovery:discover_packages(recursive) check parameters
[5.338s] Level 1:colcon.colcon_core.package_discovery:discover_packages(ignore) check parameters
[5.338s] Level 1:colcon.colcon_core.package_discovery:discover_packages(path) check parameters
[5.338s] Level 1:colcon.colcon_core.package_discovery:discover_packages(colcon_meta) discover
[5.338s] Level 1:colcon.colcon_core.package_discovery:discover_packages(recursive) discover
[5.338s] INFO:colcon.colcon_core.package_discovery:Crawling recursively for packages in '/home/luiz/ros2_fbot'
[5.338s] Level 1:colcon.colcon_core.package_identification:_identify(.) by extensions ['ignore', 'ignore_ament_install']
[5.339s] Level 1:colcon.colcon_core.package_identification:_identify(.) by extension 'ignore'
[5.339s] Level 1:colcon.colcon_core.package_identification:_identify(.) by extension 'ignore_ament_install'
[5.339s] Level 1:colcon.colcon_core.package_identification:_identify(.) by extensions ['colcon_pkg']
[5.339s] Level 1:colcon.colcon_core.package_identification:_identify(.) by extension 'colcon_pkg'
[5.339s] Level 1:colcon.colcon_core.package_identification:_identify(.) by extensions ['colcon_meta']
[5.339s] Level 1:colcon.colcon_core.package_identification:_identify(.) by extension 'colcon_meta'
[5.339s] Level 1:colcon.colcon_core.package_identification:_identify(.) by extensions ['ros']
[5.339s] Level 1:colcon.colcon_core.package_identification:_identify(.) by extension 'ros'
[5.367s] Level 1:colcon.colcon_core.package_identification:_identify(.) by extensions ['bazel', 'cmake', 'meson', 'python']
[5.367s] Level 1:colcon.colcon_core.package_identification:_identify(.) by extension 'bazel'
[5.368s] Level 1:colcon.colcon_core.package_identification:_identify(.) by extension 'cmake'
[5.368s] Level 1:colcon.colcon_core.package_identification:_identify(.) by extension 'meson'
[5.368s] Level 1:colcon.colcon_core.package_identification:_identify(.) by extension 'python'
[5.368s] Level 1:colcon.colcon_core.package_identification:_identify(.) by extensions ['python_setup_py']
[5.368s] Level 1:colcon.colcon_core.package_identification:_identify(.) by extension 'python_setup_py'
[5.368s] Level 1:colcon.colcon_core.package_identification:_identify(build) by extensions ['ignore', 'ignore_ament_install']
[5.368s] Level 1:colcon.colcon_core.package_identification:_identify(build) by extension 'ignore'
[5.368s] Level 1:colcon.colcon_core.package_identification:_identify(build) ignored
[5.368s] Level 1:colcon.colcon_core.package_identification:_identify(install) by extensions ['ignore', 'ignore_ament_install']
[5.369s] Level 1:colcon.colcon_core.package_identification:_identify(install) by extension 'ignore'
[5.369s] Level 1:colcon.colcon_core.package_identification:_identify(install) ignored
[5.369s] Level 1:colcon.colcon_core.package_identification:_identify(log) by extensions ['ignore', 'ignore_ament_install']
[5.369s] Level 1:colcon.colcon_core.package_identification:_identify(log) by extension 'ignore'
[5.369s] Level 1:colcon.colcon_core.package_identification:_identify(log) ignored
[5.411s] Level 1:colcon.colcon_core.package_identification:_identify(src) by extensions ['ignore', 'ignore_ament_install']
[5.412s] Level 1:colcon.colcon_core.package_identification:_identify(src) by extension 'ignore'
[5.412s] Level 1:colcon.colcon_core.package_identification:_identify(src) by extension 'ignore_ament_install'
[5.412s] Level 1:colcon.colcon_core.package_identification:_identify(src) by extensions ['colcon_pkg']
[5.412s] Level 1:colcon.colcon_core.package_identification:_identify(src) by extension 'colcon_pkg'
[5.412s] Level 1:colcon.colcon_core.package_identification:_identify(src) by extensions ['colcon_meta']
[5.412s] Level 1:colcon.colcon_core.package_identification:_identify(src) by extension 'colcon_meta'
[5.412s] Level 1:colcon.colcon_core.package_identification:_identify(src) by extensions ['ros']
[5.412s] Level 1:colcon.colcon_core.package_identification:_identify(src) by extension 'ros'
[5.412s] Level 1:colcon.colcon_core.package_identification:_identify(src) by extensions ['bazel', 'cmake', 'meson', 'python']
[5.412s] Level 1:colcon.colcon_core.package_identification:_identify(src) by extension 'bazel'
[5.412s] Level 1:colcon.colcon_core.package_identification:_identify(src) by extension 'cmake'
[5.412s] Level 1:colcon.colcon_core.package_identification:_identify(src) by extension 'meson'
[5.412s] Level 1:colcon.colcon_core.package_identification:_identify(src) by extension 'python'
[5.413s] Level 1:colcon.colcon_core.package_identification:_identify(src) by extensions ['python_setup_py']
[5.413s] Level 1:colcon.colcon_core.package_identification:_identify(src) by extension 'python_setup_py'
[5.413s] Level 1:colcon.colcon_core.package_identification:_identify(src/Stage) by extensions ['ignore', 'ignore_ament_install']
[5.413s] Level 1:colcon.colcon_core.package_identification:_identify(src/Stage) by extension 'ignore'
[5.413s] Level 1:colcon.colcon_core.package_identification:_identify(src/Stage) by extension 'ignore_ament_install'
[5.413s] Level 1:colcon.colcon_core.package_identification:_identify(src/Stage) by extensions ['colcon_pkg']
[5.413s] Level 1:colcon.colcon_core.package_identification:_identify(src/Stage) by extension 'colcon_pkg'
[5.413s] Level 1:colcon.colcon_core.package_identification:_identify(src/Stage) by extensions ['colcon_meta']
[5.413s] Level 1:colcon.colcon_core.package_identification:_identify(src/Stage) by extension 'colcon_meta'
[5.413s] Level 1:colcon.colcon_core.package_identification:_identify(src/Stage) by extensions ['ros']
[5.413s] Level 1:colcon.colcon_core.package_identification:_identify(src/Stage) by extension 'ros'
[5.414s] Level 1:colcon.colcon_core.package_identification:_identify(src/Stage) by extensions ['bazel', 'cmake', 'meson', 'python']
[5.414s] Level 1:colcon.colcon_core.package_identification:_identify(src/Stage) by extension 'bazel'
[5.414s] Level 1:colcon.colcon_core.package_identification:_identify(src/Stage) by extension 'cmake'
[5.421s] Level 1:colcon.colcon_core.package_identification:_identify(src/Stage) by extension 'meson'
[5.421s] Level 1:colcon.colcon_core.package_identification:_identify(src/Stage) by extension 'python'
[5.421s] DEBUG:colcon.colcon_core.package_identification:Package 'src/Stage' with type 'cmake' and name 'Stage'
[5.422s] Level 1:colcon.colcon_core.package_identification:_identify(src/stage_ros2) by extensions ['ignore', 'ignore_ament_install']
[5.422s] Level 1:colcon.colcon_core.package_identification:_identify(src/stage_ros2) by extension 'ignore'
[5.422s] Level 1:colcon.colcon_core.package_identification:_identify(src/stage_ros2) by extension 'ignore_ament_install'
[5.422s] Level 1:colcon.colcon_core.package_identification:_identify(src/stage_ros2) by extensions ['colcon_pkg']
[5.422s] Level 1:colcon.colcon_core.package_identification:_identify(src/stage_ros2) by extension 'colcon_pkg'
[5.422s] Level 1:colcon.colcon_core.package_identification:_identify(src/stage_ros2) by extensions ['colcon_meta']
[5.422s] Level 1:colcon.colcon_core.package_identification:_identify(src/stage_ros2) by extension 'colcon_meta'
[5.422s] Level 1:colcon.colcon_core.package_identification:_identify(src/stage_ros2) by extensions ['ros']
[5.422s] Level 1:colcon.colcon_core.package_identification:_identify(src/stage_ros2) by extension 'ros'
[5.429s] DEBUG:colcon.colcon_core.package_identification:Package 'src/stage_ros2' with type 'ros.ament_cmake' and name 'stage_ros2'
[5.429s] Level 1:colcon.colcon_core.package_discovery:discover_packages(recursive) using defaults
[5.429s] Level 1:colcon.colcon_core.package_discovery:discover_packages(ignore) discover
[5.429s] Level 1:colcon.colcon_core.package_discovery:discover_packages(ignore) using defaults
[5.429s] Level 1:colcon.colcon_core.package_discovery:discover_packages(path) discover
[5.429s] Level 1:colcon.colcon_core.package_discovery:discover_packages(path) using defaults
[5.615s] INFO:colcon.colcon_core.package_selection:Skipping not selected package 'Stage' in 'src/Stage'
[5.616s] Level 1:colcon.colcon_core.package_discovery:discover_packages(prefix_path) check parameters
[5.616s] Level 1:colcon.colcon_core.package_discovery:discover_packages(prefix_path) discover
[5.619s] DEBUG:colcon.colcon_installed_package_information.package_discovery:Found 1 installed packages in /home/luiz/ros2_ws/install
[5.621s] DEBUG:colcon.colcon_installed_package_information.package_discovery:Found 271 installed packages in /opt/ros/humble
[5.624s] Level 1:colcon.colcon_core.package_discovery:discover_packages(prefix_path) using defaults
[7.384s] Level 5:colcon.colcon_core.verb:set package 'stage_ros2' build argument 'bazel_args' from command line to 'None'
[7.385s] Level 5:colcon.colcon_core.verb:set package 'stage_ros2' build argument 'bazel_task' from command line to 'None'
[7.385s] Level 5:colcon.colcon_core.verb:set package 'stage_ros2' build argument 'cmake_args' from command line to 'None'
[7.385s] Level 5:colcon.colcon_core.verb:set package 'stage_ros2' build argument 'cmake_target' from command line to 'None'
[7.385s] Level 5:colcon.colcon_core.verb:set package 'stage_ros2' build argument 'cmake_target_skip_unavailable' from command line to 'False'
[7.385s] Level 5:colcon.colcon_core.verb:set package 'stage_ros2' build argument 'cmake_clean_cache' from command line to 'False'
[7.385s] Level 5:colcon.colcon_core.verb:set package 'stage_ros2' build argument 'cmake_clean_first' from command line to 'False'
[7.385s] Level 5:colcon.colcon_core.verb:set package 'stage_ros2' build argument 'cmake_force_configure' from command line to 'False'
[7.385s] Level 5:colcon.colcon_core.verb:set package 'stage_ros2' build argument 'meson_args' from command line to '[]'
[7.385s] Level 5:colcon.colcon_core.verb:set package 'stage_ros2' build argument 'ament_cmake_args' from command line to 'None'
[7.385s] Level 5:colcon.colcon_core.verb:set package 'stage_ros2' build argument 'catkin_cmake_args' from command line to 'None'
[7.385s] Level 5:colcon.colcon_core.verb:set package 'stage_ros2' build argument 'catkin_skip_building_tests' from command line to 'False'
[7.385s] DEBUG:colcon.colcon_core.verb:Building package 'stage_ros2' with the following arguments: {'ament_cmake_args': None, 'bazel_args': None, 'bazel_task': None, 'build_base': '/home/luiz/ros2_fbot/build/stage_ros2', 'catkin_cmake_args': None, 'catkin_skip_building_tests': False, 'cmake_args': None, 'cmake_clean_cache': False, 'cmake_clean_first': False, 'cmake_force_configure': False, 'cmake_target': None, 'cmake_target_skip_unavailable': False, 'install_base': '/home/luiz/ros2_fbot/install/stage_ros2', 'merge_install': False, 'meson_args': [], 'path': '/home/luiz/ros2_fbot/src/stage_ros2', 'symlink_install': True, 'test_result_base': None}
[7.385s] INFO:colcon.colcon_core.executor:Executing jobs using 'parallel' executor
[7.387s] DEBUG:colcon.colcon_parallel_executor.executor.parallel:run_until_complete
[7.387s] INFO:colcon.colcon_ros.task.ament_cmake.build:Building ROS package in '/home/luiz/ros2_fbot/src/stage_ros2' with build type 'ament_cmake'
[7.388s] INFO:colcon.colcon_cmake.task.cmake.build:Building CMake package in '/home/luiz/ros2_fbot/src/stage_ros2'
[7.430s] INFO:colcon.colcon_core.plugin_system:Skipping extension 'colcon_core.shell.bat': Not used on non-Windows systems
[7.431s] DEBUG:colcon.colcon_ros_domain_id_coordinator.shell.ros_domain_id:Allocated ROS_DOMAIN_ID=55 for '/home/luiz/ros2_fbot/build/stage_ros2'
[7.431s] INFO:colcon.colcon_core.shell:Skip shell extension 'ros_domain_id' for command environment: 
[7.431s] INFO:colcon.colcon_core.shell:Skip shell extension 'powershell' for command environment: Not usable outside of PowerShell
[7.431s] DEBUG:colcon.colcon_core.shell:Skip shell extension 'dsv' for command environment
[7.445s] DEBUG:colcon.colcon_core.event_handler.log_command:Invoking command in '/home/luiz/ros2_fbot/build/stage_ros2': CMAKE_PREFIX_PATH=/home/luiz/ros2_fbot/install/Stage:/home/luiz/ros2_ws/install/my_py_pkg:/opt/ros/humble LD_LIBRARY_PATH=/home/luiz/ros2_fbot/install/Stage/lib:${LD_LIBRARY_PATH} PATH=/home/luiz/ros2_fbot/install/Stage/bin:${PATH} /usr/bin/cmake /home/luiz/ros2_fbot/src/stage_ros2 -DAMENT_CMAKE_SYMLINK_INSTALL=1 -DCMAKE_INSTALL_PREFIX=/home/luiz/ros2_fbot/install/stage_ros2
[8.698s] DEBUG:colcon.colcon_core.event_handler.log_command:Invoked command in '/home/luiz/ros2_fbot/build/stage_ros2' returned '0': CMAKE_PREFIX_PATH=/home/luiz/ros2_fbot/install/Stage:/home/luiz/ros2_ws/install/my_py_pkg:/opt/ros/humble LD_LIBRARY_PATH=/home/luiz/ros2_fbot/install/Stage/lib:${LD_LIBRARY_PATH} PATH=/home/luiz/ros2_fbot/install/Stage/bin:${PATH} /usr/bin/cmake /home/luiz/ros2_fbot/src/stage_ros2 -DAMENT_CMAKE_SYMLINK_INSTALL=1 -DCMAKE_INSTALL_PREFIX=/home/luiz/ros2_fbot/install/stage_ros2
[8.703s] DEBUG:colcon.colcon_core.event_handler.log_command:Invoking command in '/home/luiz/ros2_fbot/build/stage_ros2': CMAKE_PREFIX_PATH=/home/luiz/ros2_fbot/install/Stage:/home/luiz/ros2_ws/install/my_py_pkg:/opt/ros/humble LD_LIBRARY_PATH=/home/luiz/ros2_fbot/install/Stage/lib:${LD_LIBRARY_PATH} PATH=/home/luiz/ros2_fbot/install/Stage/bin:${PATH} /usr/bin/cmake --build /home/luiz/ros2_fbot/build/stage_ros2 -- -j4 -l4
[8.916s] DEBUG:colcon.colcon_core.event_handler.log_command:Invoked command in '/home/luiz/ros2_fbot/build/stage_ros2' returned '0': CMAKE_PREFIX_PATH=/home/luiz/ros2_fbot/install/Stage:/home/luiz/ros2_ws/install/my_py_pkg:/opt/ros/humble LD_LIBRARY_PATH=/home/luiz/ros2_fbot/install/Stage/lib:${LD_LIBRARY_PATH} PATH=/home/luiz/ros2_fbot/install/Stage/bin:${PATH} /usr/bin/cmake --build /home/luiz/ros2_fbot/build/stage_ros2 -- -j4 -l4
[8.930s] DEBUG:colcon.colcon_core.event_handler.log_command:Invoking command in '/home/luiz/ros2_fbot/build/stage_ros2': CMAKE_PREFIX_PATH=/home/luiz/ros2_fbot/install/Stage:/home/luiz/ros2_ws/install/my_py_pkg:/opt/ros/humble LD_LIBRARY_PATH=/home/luiz/ros2_fbot/install/Stage/lib:${LD_LIBRARY_PATH} PATH=/home/luiz/ros2_fbot/install/Stage/bin:${PATH} /usr/bin/cmake --install /home/luiz/ros2_fbot/build/stage_ros2
[8.968s] Level 1:colcon.colcon_core.environment:create_environment_scripts_only(stage_ros2)
[8.971s] DEBUG:colcon.colcon_core.event_handler.log_command:Invoked command in '/home/luiz/ros2_fbot/build/stage_ros2' returned '0': CMAKE_PREFIX_PATH=/home/luiz/ros2_fbot/install/Stage:/home/luiz/ros2_ws/install/my_py_pkg:/opt/ros/humble LD_LIBRARY_PATH=/home/luiz/ros2_fbot/install/Stage/lib:${LD_LIBRARY_PATH} PATH=/home/luiz/ros2_fbot/install/Stage/bin:${PATH} /usr/bin/cmake --install /home/luiz/ros2_fbot/build/stage_ros2
[8.972s] Level 1:colcon.colcon_core.environment:checking '/home/luiz/ros2_fbot/install/stage_ros2' for CMake module files
[8.973s] Level 1:colcon.colcon_core.environment:checking '/home/luiz/ros2_fbot/install/stage_ros2' for CMake config files
[8.974s] Level 1:colcon.colcon_core.shell:create_environment_hook('stage_ros2', 'cmake_prefix_path')
[8.974s] INFO:colcon.colcon_core.shell:Creating environment hook '/home/luiz/ros2_fbot/install/stage_ros2/share/stage_ros2/hook/cmake_prefix_path.ps1'
[8.975s] INFO:colcon.colcon_core.shell:Creating environment descriptor '/home/luiz/ros2_fbot/install/stage_ros2/share/stage_ros2/hook/cmake_prefix_path.dsv'
[8.976s] INFO:colcon.colcon_core.shell:Creating environment hook '/home/luiz/ros2_fbot/install/stage_ros2/share/stage_ros2/hook/cmake_prefix_path.sh'
[8.977s] Level 1:colcon.colcon_core.environment:checking '/home/luiz/ros2_fbot/install/stage_ros2/lib'
[8.977s] Level 1:colcon.colcon_core.shell:create_environment_hook('stage_ros2', 'ld_library_path_lib')
[8.978s] INFO:colcon.colcon_core.shell:Creating environment hook '/home/luiz/ros2_fbot/install/stage_ros2/share/stage_ros2/hook/ld_library_path_lib.ps1'
[8.978s] INFO:colcon.colcon_core.shell:Creating environment descriptor '/home/luiz/ros2_fbot/install/stage_ros2/share/stage_ros2/hook/ld_library_path_lib.dsv'
[8.979s] INFO:colcon.colcon_core.shell:Creating environment hook '/home/luiz/ros2_fbot/install/stage_ros2/share/stage_ros2/hook/ld_library_path_lib.sh'
[8.979s] Level 1:colcon.colcon_core.environment:checking '/home/luiz/ros2_fbot/install/stage_ros2/bin'
[8.980s] Level 1:colcon.colcon_core.environment:checking '/home/luiz/ros2_fbot/install/stage_ros2/lib/pkgconfig/stage_ros2.pc'
[8.980s] Level 1:colcon.colcon_core.environment:checking '/home/luiz/ros2_fbot/install/stage_ros2/lib/python3.10/site-packages'
[8.980s] Level 1:colcon.colcon_core.environment:checking '/home/luiz/ros2_fbot/install/stage_ros2/bin'
[8.981s] INFO:colcon.colcon_core.shell:Creating package script '/home/luiz/ros2_fbot/install/stage_ros2/share/stage_ros2/package.ps1'
[8.982s] INFO:colcon.colcon_core.shell:Creating package descriptor '/home/luiz/ros2_fbot/install/stage_ros2/share/stage_ros2/package.dsv'
[8.983s] INFO:colcon.colcon_core.shell:Creating package script '/home/luiz/ros2_fbot/install/stage_ros2/share/stage_ros2/package.sh'
[8.985s] INFO:colcon.colcon_core.shell:Creating package script '/home/luiz/ros2_fbot/install/stage_ros2/share/stage_ros2/package.bash'
[8.986s] INFO:colcon.colcon_core.shell:Creating package script '/home/luiz/ros2_fbot/install/stage_ros2/share/stage_ros2/package.zsh'
[8.987s] Level 1:colcon.colcon_core.environment:create_file_with_runtime_dependencies(/home/luiz/ros2_fbot/install/stage_ros2/share/colcon-core/packages/stage_ros2)
[8.988s] Level 1:colcon.colcon_core.environment:create_environment_scripts_only(stage_ros2)
[8.989s] Level 1:colcon.colcon_core.environment:checking '/home/luiz/ros2_fbot/install/stage_ros2' for CMake module files
[8.989s] Level 1:colcon.colcon_core.environment:checking '/home/luiz/ros2_fbot/install/stage_ros2' for CMake config files
[8.990s] Level 1:colcon.colcon_core.shell:create_environment_hook('stage_ros2', 'cmake_prefix_path')
[8.990s] INFO:colcon.colcon_core.shell:Creating environment hook '/home/luiz/ros2_fbot/install/stage_ros2/share/stage_ros2/hook/cmake_prefix_path.ps1'
[8.991s] INFO:colcon.colcon_core.shell:Creating environment descriptor '/home/luiz/ros2_fbot/install/stage_ros2/share/stage_ros2/hook/cmake_prefix_path.dsv'
[8.991s] INFO:colcon.colcon_core.shell:Creating environment hook '/home/luiz/ros2_fbot/install/stage_ros2/share/stage_ros2/hook/cmake_prefix_path.sh'
[8.992s] Level 1:colcon.colcon_core.environment:checking '/home/luiz/ros2_fbot/install/stage_ros2/lib'
[8.992s] Level 1:colcon.colcon_core.shell:create_environment_hook('stage_ros2', 'ld_library_path_lib')
[8.993s] INFO:colcon.colcon_core.shell:Creating environment hook '/home/luiz/ros2_fbot/install/stage_ros2/share/stage_ros2/hook/ld_library_path_lib.ps1'
[8.994s] INFO:colcon.colcon_core.shell:Creating environment descriptor '/home/luiz/ros2_fbot/install/stage_ros2/share/stage_ros2/hook/ld_library_path_lib.dsv'
[8.994s] INFO:colcon.colcon_core.shell:Creating environment hook '/home/luiz/ros2_fbot/install/stage_ros2/share/stage_ros2/hook/ld_library_path_lib.sh'
[8.995s] Level 1:colcon.colcon_core.environment:checking '/home/luiz/ros2_fbot/install/stage_ros2/bin'
[8.995s] Level 1:colcon.colcon_core.environment:checking '/home/luiz/ros2_fbot/install/stage_ros2/lib/pkgconfig/stage_ros2.pc'
[8.995s] Level 1:colcon.colcon_core.environment:checking '/home/luiz/ros2_fbot/install/stage_ros2/lib/python3.10/site-packages'
[8.996s] Level 1:colcon.colcon_core.environment:checking '/home/luiz/ros2_fbot/install/stage_ros2/bin'
[8.996s] INFO:colcon.colcon_core.shell:Creating package script '/home/luiz/ros2_fbot/install/stage_ros2/share/stage_ros2/package.ps1'
[8.997s] INFO:colcon.colcon_core.shell:Creating package descriptor '/home/luiz/ros2_fbot/install/stage_ros2/share/stage_ros2/package.dsv'
[8.998s] INFO:colcon.colcon_core.shell:Creating package script '/home/luiz/ros2_fbot/install/stage_ros2/share/stage_ros2/package.sh'
[8.999s] INFO:colcon.colcon_core.shell:Creating package script '/home/luiz/ros2_fbot/install/stage_ros2/share/stage_ros2/package.bash'
[9.000s] INFO:colcon.colcon_core.shell:Creating package script '/home/luiz/ros2_fbot/install/stage_ros2/share/stage_ros2/package.zsh'
[9.001s] Level 1:colcon.colcon_core.environment:create_file_with_runtime_dependencies(/home/luiz/ros2_fbot/install/stage_ros2/share/colcon-core/packages/stage_ros2)
[9.002s] DEBUG:colcon.colcon_parallel_executor.executor.parallel:closing loop
[9.002s] DEBUG:colcon.colcon_ros_domain_id_coordinator.shell.ros_domain_id:Released ROS_DOMAIN_ID=55 for '/home/luiz/ros2_fbot/build/stage_ros2'
[9.003s] DEBUG:colcon.colcon_parallel_executor.executor.parallel:loop closed
[9.003s] DEBUG:colcon.colcon_parallel_executor.executor.parallel:run_until_complete finished with '0'
[9.003s] DEBUG:colcon.colcon_core.event_reactor:joining thread
[9.014s] INFO:colcon.colcon_core.plugin_system:Skipping extension 'colcon_notification.desktop_notification.terminal_notifier': Not used on non-Darwin systems
[9.014s] INFO:colcon.colcon_core.plugin_system:Skipping extension 'colcon_notification.desktop_notification.win32': Not used on non-Windows systems
[9.014s] INFO:colcon.colcon_notification.desktop_notification:Sending desktop notification using 'notify2'
[9.057s] DEBUG:colcon.colcon_core.event_reactor:joined thread
[9.057s] INFO:colcon.colcon_core.shell:Creating prefix script '/home/luiz/ros2_fbot/install/local_setup.ps1'
[9.059s] INFO:colcon.colcon_core.shell:Creating prefix util module '/home/luiz/ros2_fbot/install/_local_setup_util_ps1.py'
[9.066s] INFO:colcon.colcon_core.shell:Creating prefix chain script '/home/luiz/ros2_fbot/install/setup.ps1'
[9.068s] INFO:colcon.colcon_core.shell:Creating prefix script '/home/luiz/ros2_fbot/install/local_setup.sh'
[9.069s] INFO:colcon.colcon_core.shell:Creating prefix util module '/home/luiz/ros2_fbot/install/_local_setup_util_sh.py'
[9.071s] INFO:colcon.colcon_core.shell:Creating prefix chain script '/home/luiz/ros2_fbot/install/setup.sh'
[9.075s] INFO:colcon.colcon_core.shell:Creating prefix script '/home/luiz/ros2_fbot/install/local_setup.bash'
[9.077s] INFO:colcon.colcon_core.shell:Creating prefix chain script '/home/luiz/ros2_fbot/install/setup.bash'
[9.079s] INFO:colcon.colcon_core.shell:Creating prefix script '/home/luiz/ros2_fbot/install/local_setup.zsh'
[9.080s] INFO:colcon.colcon_core.shell:Creating prefix chain script '/home/luiz/ros2_fbot/install/setup.zsh'
[9.082s] INFO:colcon.colcon_core.shell:Creating '/home/luiz/ros2_fbot/install/spawn_shell.bash'
