running egg_info
creating ../../build/navigation/navigation.egg-info
writing ../../build/navigation/navigation.egg-info/PKG-INFO
writing dependency_links to ../../build/navigation/navigation.egg-info/dependency_links.txt
writing entry points to ../../build/navigation/navigation.egg-info/entry_points.txt
writing requirements to ../../build/navigation/navigation.egg-info/requires.txt
writing top-level names to ../../build/navigation/navigation.egg-info/top_level.txt
writing manifest file '../../build/navigation/navigation.egg-info/SOURCES.txt'
reading manifest file '../../build/navigation/navigation.egg-info/SOURCES.txt'
writing manifest file '../../build/navigation/navigation.egg-info/SOURCES.txt'
running build
running build_py
creating /home/luiz/ros2_fbot/build/navigation/build
creating /home/luiz/ros2_fbot/build/navigation/build/lib
creating /home/luiz/ros2_fbot/build/navigation/build/lib/navigation
copying navigation/__init__.py -> /home/luiz/ros2_fbot/build/navigation/build/lib/navigation
copying navigation/auto_walk.py -> /home/luiz/ros2_fbot/build/navigation/build/lib/navigation
running install
running install_lib
creating /home/luiz/ros2_fbot/install/navigation/lib/python3.10/site-packages/navigation
copying /home/luiz/ros2_fbot/build/navigation/build/lib/navigation/__init__.py -> /home/luiz/ros2_fbot/install/navigation/lib/python3.10/site-packages/navigation
copying /home/luiz/ros2_fbot/build/navigation/build/lib/navigation/auto_walk.py -> /home/luiz/ros2_fbot/install/navigation/lib/python3.10/site-packages/navigation
byte-compiling /home/luiz/ros2_fbot/install/navigation/lib/python3.10/site-packages/navigation/__init__.py to __init__.cpython-310.pyc
byte-compiling /home/luiz/ros2_fbot/install/navigation/lib/python3.10/site-packages/navigation/auto_walk.py to auto_walk.cpython-310.pyc
running install_data
creating /home/luiz/ros2_fbot/install/navigation/share/ament_index
creating /home/luiz/ros2_fbot/install/navigation/share/ament_index/resource_index
creating /home/luiz/ros2_fbot/install/navigation/share/ament_index/resource_index/packages
copying resource/navigation -> /home/luiz/ros2_fbot/install/navigation/share/ament_index/resource_index/packages
copying package.xml -> /home/luiz/ros2_fbot/install/navigation/share/navigation
running install_egg_info
Copying ../../build/navigation/navigation.egg-info to /home/luiz/ros2_fbot/install/navigation/lib/python3.10/site-packages/navigation-0.0.0-py3.10.egg-info
running install_scripts
Installing navigation script to /home/luiz/ros2_fbot/install/navigation/lib/navigation
writing list of installed files to '/home/luiz/ros2_fbot/build/navigation/install.log'
