[1.533s] Invoking command in '/home/luiz/ros2_fbot/src/navigation': PYTHONPATH=/home/luiz/ros2_fbot/build/navigation/prefix_override:/usr/lib/python3/dist-packages/colcon_core/task/python/colcon_distutils_commands:/home/luiz/ros2_fbot/install/navigation/lib/python3.10/site-packages:${PYTHONPATH} /usr/bin/python3 -W ignore:setup.py install is deprecated -W ignore:easy_install command is deprecated setup.py egg_info --egg-base ../../build/navigation build --build-base /home/luiz/ros2_fbot/build/navigation/build install --record /home/luiz/ros2_fbot/build/navigation/install.log --single-version-externally-managed install_data
[1.983s] running egg_info
[1.985s] creating ../../build/navigation/navigation.egg-info
[1.986s] writing ../../build/navigation/navigation.egg-info/PKG-INFO
[1.986s] writing dependency_links to ../../build/navigation/navigation.egg-info/dependency_links.txt
[1.986s] writing entry points to ../../build/navigation/navigation.egg-info/entry_points.txt
[1.986s] writing requirements to ../../build/navigation/navigation.egg-info/requires.txt
[1.986s] writing top-level names to ../../build/navigation/navigation.egg-info/top_level.txt
[1.987s] writing manifest file '../../build/navigation/navigation.egg-info/SOURCES.txt'
[2.007s] reading manifest file '../../build/navigation/navigation.egg-info/SOURCES.txt'
[2.008s] writing manifest file '../../build/navigation/navigation.egg-info/SOURCES.txt'
[2.009s] running build
[2.009s] running build_py
[2.009s] creating /home/luiz/ros2_fbot/build/navigation/build
[2.010s] creating /home/luiz/ros2_fbot/build/navigation/build/lib
[2.010s] creating /home/luiz/ros2_fbot/build/navigation/build/lib/navigation
[2.010s] copying navigation/__init__.py -> /home/luiz/ros2_fbot/build/navigation/build/lib/navigation
[2.010s] copying navigation/auto_walk.py -> /home/luiz/ros2_fbot/build/navigation/build/lib/navigation
[2.027s] running install
[2.027s] running install_lib
[2.030s] creating /home/luiz/ros2_fbot/install/navigation/lib/python3.10/site-packages/navigation
[2.033s] copying /home/luiz/ros2_fbot/build/navigation/build/lib/navigation/__init__.py -> /home/luiz/ros2_fbot/install/navigation/lib/python3.10/site-packages/navigation
[2.033s] copying /home/luiz/ros2_fbot/build/navigation/build/lib/navigation/auto_walk.py -> /home/luiz/ros2_fbot/install/navigation/lib/python3.10/site-packages/navigation
[2.033s] byte-compiling /home/luiz/ros2_fbot/install/navigation/lib/python3.10/site-packages/navigation/__init__.py to __init__.cpython-310.pyc
[2.037s] byte-compiling /home/luiz/ros2_fbot/install/navigation/lib/python3.10/site-packages/navigation/auto_walk.py to auto_walk.cpython-310.pyc
[2.037s] running install_data
[2.038s] creating /home/luiz/ros2_fbot/install/navigation/share/ament_index
[2.039s] creating /home/luiz/ros2_fbot/install/navigation/share/ament_index/resource_index
[2.039s] creating /home/luiz/ros2_fbot/install/navigation/share/ament_index/resource_index/packages
[2.042s] copying resource/navigation -> /home/luiz/ros2_fbot/install/navigation/share/ament_index/resource_index/packages
[2.042s] copying package.xml -> /home/luiz/ros2_fbot/install/navigation/share/navigation
[2.042s] running install_egg_info
[2.048s] Copying ../../build/navigation/navigation.egg-info to /home/luiz/ros2_fbot/install/navigation/lib/python3.10/site-packages/navigation-0.0.0-py3.10.egg-info
[2.049s] running install_scripts
[2.092s] Installing navigation script to /home/luiz/ros2_fbot/install/navigation/lib/navigation
[2.092s] writing list of installed files to '/home/luiz/ros2_fbot/build/navigation/install.log'
[2.134s] Invoked command in '/home/luiz/ros2_fbot/src/navigation' returned '0': PYTHONPATH=/home/luiz/ros2_fbot/build/navigation/prefix_override:/usr/lib/python3/dist-packages/colcon_core/task/python/colcon_distutils_commands:/home/luiz/ros2_fbot/install/navigation/lib/python3.10/site-packages:${PYTHONPATH} /usr/bin/python3 -W ignore:setup.py install is deprecated -W ignore:easy_install command is deprecated setup.py egg_info --egg-base ../../build/navigation build --build-base /home/luiz/ros2_fbot/build/navigation/build install --record /home/luiz/ros2_fbot/build/navigation/install.log --single-version-externally-managed install_data
