[0.497s] Invoking command in '/home/luiz/ros2_fbot/build/Stage': /usr/bin/cmake --build /home/luiz/ros2_fbot/build/Stage -- -j4 -l4
[0.682s] [ 57%] Built target stage
[0.726s] [ 61%] Built target stagebinary
[0.835s] [ 64%] Built target source
[0.914s] [ 67%] Built target wander
[0.996s] [ 71%] Built target pioneer_flocking
[1.078s] [ 74%] Built target rasterize
[1.147s] [ 77%] Built target lasernoise
[1.236s] [ 81%] Built target dynamic
[1.324s] [ 86%] Built target fasr2
[1.420s] [ 89%] Built target expand_swarm
[1.508s] [ 93%] Built target expand_pioneer
[1.548s] [ 96%] Built target sink
[1.586s] [100%] Built target fasr
[1.605s] Invoked command in '/home/luiz/ros2_fbot/build/Stage' returned '0': /usr/bin/cmake --build /home/luiz/ros2_fbot/build/Stage -- -j4 -l4
[1.623s] Invoking command in '/home/luiz/ros2_fbot/build/Stage': /usr/bin/cmake --install /home/luiz/ros2_fbot/build/Stage
[1.641s] -- Install configuration: "RELEASE"
[1.641s] -- Up-to-date: /home/luiz/ros2_fbot/install/Stage/lib/pkgconfig/stage.pc
[1.642s] -- Up-to-date: /home/luiz/ros2_fbot/install/Stage/lib/cmake/Stage/stage-config.cmake
[1.646s] -- Up-to-date: /home/luiz/ros2_fbot/install/Stage/lib/cmake/Stage/stage-config-version.cmake
[1.647s] -- Up-to-date: /home/luiz/ros2_fbot/install/Stage/bin/stage
[1.647s] -- Up-to-date: /home/luiz/ros2_fbot/install/Stage/lib/libstage.so.4.3.0
[1.647s] -- Up-to-date: /home/luiz/ros2_fbot/install/Stage/lib/libstage.so
[1.647s] -- Up-to-date: /home/luiz/ros2_fbot/install/Stage/include/Stage-4.3/stage.hh
[1.649s] -- Up-to-date: /home/luiz/ros2_fbot/install/Stage/lib/Stage-4.3/fasr.so
[1.650s] -- Up-to-date: /home/luiz/ros2_fbot/install/Stage/lib/Stage-4.3/sink.so
[1.652s] -- Up-to-date: /home/luiz/ros2_fbot/install/Stage/lib/Stage-4.3/source.so
[1.654s] -- Up-to-date: /home/luiz/ros2_fbot/install/Stage/lib/Stage-4.3/wander.so
[1.657s] -- Up-to-date: /home/luiz/ros2_fbot/install/Stage/lib/Stage-4.3/pioneer_flocking.so
[1.658s] -- Up-to-date: /home/luiz/ros2_fbot/install/Stage/lib/Stage-4.3/rasterize.so
[1.664s] -- Up-to-date: /home/luiz/ros2_fbot/install/Stage/lib/Stage-4.3/lasernoise.so
[1.665s] -- Up-to-date: /home/luiz/ros2_fbot/install/Stage/lib/Stage-4.3/dynamic.so
[1.665s] -- Up-to-date: /home/luiz/ros2_fbot/install/Stage/lib/Stage-4.3/fasr2.so
[1.665s] -- Up-to-date: /home/luiz/ros2_fbot/install/Stage/share/stage/assets/blue.png
[1.665s] -- Up-to-date: /home/luiz/ros2_fbot/install/Stage/share/stage/assets/death.png
[1.665s] -- Up-to-date: /home/luiz/ros2_fbot/install/Stage/share/stage/assets/green.png
[1.665s] -- Up-to-date: /home/luiz/ros2_fbot/install/Stage/share/stage/assets/logo.png
[1.667s] -- Up-to-date: /home/luiz/ros2_fbot/install/Stage/share/stage/assets/mains.png
[1.667s] -- Up-to-date: /home/luiz/ros2_fbot/install/Stage/share/stage/assets/mainspower.png
[1.667s] -- Up-to-date: /home/luiz/ros2_fbot/install/Stage/share/stage/assets/question_mark.png
[1.667s] -- Up-to-date: /home/luiz/ros2_fbot/install/Stage/share/stage/assets/red.png
[1.667s] -- Up-to-date: /home/luiz/ros2_fbot/install/Stage/share/stage/assets/stagelogo.png
[1.667s] -- Up-to-date: /home/luiz/ros2_fbot/install/Stage/share/stage/assets/stall-old.png
[1.667s] -- Up-to-date: /home/luiz/ros2_fbot/install/Stage/share/stage/assets/stall.png
[1.667s] -- Up-to-date: /home/luiz/ros2_fbot/install/Stage/share/stage/assets/rgb.txt
[1.668s] -- Up-to-date: /home/luiz/ros2_fbot/install/Stage/share/stage/rgb.txt
[1.671s] -- Up-to-date: /home/luiz/ros2_fbot/install/Stage/share/stage/worlds/amcl-sonar.cfg
[1.671s] -- Up-to-date: /home/luiz/ros2_fbot/install/Stage/share/stage/worlds/autolab.cfg
[1.672s] -- Up-to-date: /home/luiz/ros2_fbot/install/Stage/share/stage/worlds/camera.cfg
[1.672s] -- Up-to-date: /home/luiz/ros2_fbot/install/Stage/share/stage/worlds/everything.cfg
[1.672s] -- Up-to-date: /home/luiz/ros2_fbot/install/Stage/share/stage/worlds/lsp_test.cfg
[1.672s] -- Up-to-date: /home/luiz/ros2_fbot/install/Stage/share/stage/worlds/mbicp.cfg
[1.672s] -- Up-to-date: /home/luiz/ros2_fbot/install/Stage/share/stage/worlds/nd.cfg
[1.673s] -- Up-to-date: /home/luiz/ros2_fbot/install/Stage/share/stage/worlds/roomba.cfg
[1.678s] -- Up-to-date: /home/luiz/ros2_fbot/install/Stage/share/stage/worlds/simple.cfg
[1.678s] -- Up-to-date: /home/luiz/ros2_fbot/install/Stage/share/stage/worlds/test.cfg
[1.678s] -- Up-to-date: /home/luiz/ros2_fbot/install/Stage/share/stage/worlds/uoa_robotics_lab.cfg
[1.678s] -- Up-to-date: /home/luiz/ros2_fbot/install/Stage/share/stage/worlds/vfh.cfg
[1.678s] -- Up-to-date: /home/luiz/ros2_fbot/install/Stage/share/stage/worlds/wavefront-remote.cfg
[1.678s] -- Up-to-date: /home/luiz/ros2_fbot/install/Stage/share/stage/worlds/wavefront.cfg
[1.678s] -- Up-to-date: /home/luiz/ros2_fbot/install/Stage/share/stage/worlds/wifi.cfg
[1.678s] -- Up-to-date: /home/luiz/ros2_fbot/install/Stage/share/stage/worlds/SFU.world
[1.679s] -- Up-to-date: /home/luiz/ros2_fbot/install/Stage/share/stage/worlds/autolab.world
[1.686s] -- Up-to-date: /home/luiz/ros2_fbot/install/Stage/share/stage/worlds/camera.world
[1.687s] -- Up-to-date: /home/luiz/ros2_fbot/install/Stage/share/stage/worlds/circuit.world
[1.687s] -- Up-to-date: /home/luiz/ros2_fbot/install/Stage/share/stage/worlds/everything.world
[1.687s] -- Up-to-date: /home/luiz/ros2_fbot/install/Stage/share/stage/worlds/fasr.world
[1.687s] -- Up-to-date: /home/luiz/ros2_fbot/install/Stage/share/stage/worlds/fasr2.world
[1.687s] -- Up-to-date: /home/luiz/ros2_fbot/install/Stage/share/stage/worlds/fasr_plan.world
[1.687s] -- Up-to-date: /home/luiz/ros2_fbot/install/Stage/share/stage/worlds/large.world
[1.689s] -- Up-to-date: /home/luiz/ros2_fbot/install/Stage/share/stage/worlds/lsp_test.world
[1.690s] -- Up-to-date: /home/luiz/ros2_fbot/install/Stage/share/stage/worlds/mbicp.world
[1.690s] -- Up-to-date: /home/luiz/ros2_fbot/install/Stage/share/stage/worlds/pioneer_flocking.world
[1.690s] -- Up-to-date: /home/luiz/ros2_fbot/install/Stage/share/stage/worlds/pioneer_follow.world
[1.690s] -- Up-to-date: /home/luiz/ros2_fbot/install/Stage/share/stage/worlds/pioneer_walle.world
[1.691s] -- Up-to-date: /home/luiz/ros2_fbot/install/Stage/share/stage/worlds/roomba.world
[1.691s] -- Up-to-date: /home/luiz/ros2_fbot/install/Stage/share/stage/worlds/sensor_noise_demo.world
[1.691s] -- Up-to-date: /home/luiz/ros2_fbot/install/Stage/share/stage/worlds/sensor_noise_module_demo.world
[1.691s] -- Up-to-date: /home/luiz/ros2_fbot/install/Stage/share/stage/worlds/simple.world
[1.691s] -- Up-to-date: /home/luiz/ros2_fbot/install/Stage/share/stage/worlds/uoa_robotics_lab.world
[1.691s] -- Up-to-date: /home/luiz/ros2_fbot/install/Stage/share/stage/worlds/wifi.world
[1.691s] -- Up-to-date: /home/luiz/ros2_fbot/install/Stage/share/stage/worlds/beacons.inc
[1.695s] -- Up-to-date: /home/luiz/ros2_fbot/install/Stage/share/stage/worlds/chatterbox.inc
[1.700s] -- Up-to-date: /home/luiz/ros2_fbot/install/Stage/share/stage/worlds/hokuyo.inc
[1.701s] -- Up-to-date: /home/luiz/ros2_fbot/install/Stage/share/stage/worlds/irobot.inc
[1.701s] -- Up-to-date: /home/luiz/ros2_fbot/install/Stage/share/stage/worlds/map.inc
[1.701s] -- Up-to-date: /home/luiz/ros2_fbot/install/Stage/share/stage/worlds/objects.inc
[1.701s] -- Up-to-date: /home/luiz/ros2_fbot/install/Stage/share/stage/worlds/pantilt.inc
[1.701s] -- Up-to-date: /home/luiz/ros2_fbot/install/Stage/share/stage/worlds/pioneer.inc
[1.701s] -- Up-to-date: /home/luiz/ros2_fbot/install/Stage/share/stage/worlds/sick.inc
[1.701s] -- Up-to-date: /home/luiz/ros2_fbot/install/Stage/share/stage/worlds/ubot.inc
[1.702s] -- Up-to-date: /home/luiz/ros2_fbot/install/Stage/share/stage/worlds/uoa_robotics_lab_models.inc
[1.702s] -- Up-to-date: /home/luiz/ros2_fbot/install/Stage/share/stage/worlds/walle.inc
[1.702s] -- Up-to-date: /home/luiz/ros2_fbot/install/Stage/share/stage/worlds/cfggen.sh
[1.702s] -- Up-to-date: /home/luiz/ros2_fbot/install/Stage/share/stage/worlds/test.sh
[1.702s] -- Up-to-date: /home/luiz/ros2_fbot/install/Stage/share/stage/worlds/worldgen.sh
[1.702s] -- Up-to-date: /home/luiz/ros2_fbot/install/Stage/lib/Stage-4.3/expand_swarm.so
[1.702s] -- Up-to-date: /home/luiz/ros2_fbot/install/Stage/lib/Stage-4.3/expand_pioneer.so
[1.702s] -- Up-to-date: /home/luiz/ros2_fbot/install/Stage/share/stage/worlds/bitmaps/889_05.png
[1.703s] -- Up-to-date: /home/luiz/ros2_fbot/install/Stage/share/stage/worlds/bitmaps/SFU_1200x615.png
[1.703s] -- Up-to-date: /home/luiz/ros2_fbot/install/Stage/share/stage/worlds/bitmaps/SRI-AIC-kwing.png
[1.703s] -- Up-to-date: /home/luiz/ros2_fbot/install/Stage/share/stage/worlds/bitmaps/autolab.png
[1.703s] -- Up-to-date: /home/luiz/ros2_fbot/install/Stage/share/stage/worlds/bitmaps/cave.png
[1.703s] -- Up-to-date: /home/luiz/ros2_fbot/install/Stage/share/stage/worlds/bitmaps/cave_compact.png
[1.703s] -- Up-to-date: /home/luiz/ros2_fbot/install/Stage/share/stage/worlds/bitmaps/cave_filled.png
[1.707s] -- Up-to-date: /home/luiz/ros2_fbot/install/Stage/share/stage/worlds/bitmaps/frieburg.png
[1.714s] -- Up-to-date: /home/luiz/ros2_fbot/install/Stage/share/stage/worlds/bitmaps/ghost.png
[1.714s] -- Up-to-date: /home/luiz/ros2_fbot/install/Stage/share/stage/worlds/bitmaps/hospital.png
[1.716s] -- Up-to-date: /home/luiz/ros2_fbot/install/Stage/share/stage/worlds/bitmaps/hospital_section.png
[1.716s] -- Up-to-date: /home/luiz/ros2_fbot/install/Stage/share/stage/worlds/bitmaps/human_outline.png
[1.717s] -- Up-to-date: /home/luiz/ros2_fbot/install/Stage/share/stage/worlds/bitmaps/mbicp.png
[1.717s] -- Up-to-date: /home/luiz/ros2_fbot/install/Stage/share/stage/worlds/bitmaps/rink.png
[1.717s] -- Up-to-date: /home/luiz/ros2_fbot/install/Stage/share/stage/worlds/bitmaps/sal2.png
[1.717s] -- Up-to-date: /home/luiz/ros2_fbot/install/Stage/share/stage/worlds/bitmaps/simple_rooms.png
[1.717s] -- Up-to-date: /home/luiz/ros2_fbot/install/Stage/share/stage/worlds/bitmaps/space_invader.png
[1.717s] -- Up-to-date: /home/luiz/ros2_fbot/install/Stage/share/stage/worlds/bitmaps/submarine.png
[1.717s] -- Up-to-date: /home/luiz/ros2_fbot/install/Stage/share/stage/worlds/bitmaps/submarine_small.png
[1.717s] -- Up-to-date: /home/luiz/ros2_fbot/install/Stage/share/stage/worlds/bitmaps/table.png
[1.718s] -- Up-to-date: /home/luiz/ros2_fbot/install/Stage/share/stage/worlds/bitmaps/uoa_robotics_lab.png
[1.718s] -- Up-to-date: /home/luiz/ros2_fbot/install/Stage/share/stage/worlds/wifi/commando.world
[1.718s] -- Up-to-date: /home/luiz/ros2_fbot/install/Stage/share/stage/worlds/wifi/hosp_wifi.world
[1.718s] -- Up-to-date: /home/luiz/ros2_fbot/install/Stage/share/stage/worlds/wifi/hosp_wifi_5.world
[1.718s] -- Up-to-date: /home/luiz/ros2_fbot/install/Stage/share/stage/worlds/wifi/wifi.world
[1.718s] -- Up-to-date: /home/luiz/ros2_fbot/install/Stage/share/stage/worlds/wifi/wifi_itu.world
[1.727s] -- Up-to-date: /home/luiz/ros2_fbot/install/Stage/share/stage/worlds/wifi/wifi_logdistance.world
[1.727s] -- Up-to-date: /home/luiz/ros2_fbot/install/Stage/share/stage/worlds/wifi/wifi_ray.world
[1.727s] -- Up-to-date: /home/luiz/ros2_fbot/install/Stage/share/stage/worlds/wifi/wifi_simple.world
[1.727s] -- Up-to-date: /home/luiz/ros2_fbot/install/Stage/share/stage/worlds/wifi/map.inc
[1.736s] Invoked command in '/home/luiz/ros2_fbot/build/Stage' returned '0': /usr/bin/cmake --install /home/luiz/ros2_fbot/build/Stage
