[0.145s] Invoking command in '/home/luiz/ros2_fbot/build/Stage': /usr/bin/cmake /home/luiz/ros2_fbot/src/Stage -DCMAKE_INSTALL_PREFIX=/home/luiz/ros2_fbot/install/Stage
[2.750s] -- Stage version 4.3.0
[2.750s] -- Operating system is Linux
[2.750s] -- Installing Libraries to /home/luiz/ros2_fbot/install/Stage/lib
[2.750s] -- Installing Plugins to /home/luiz/ros2_fbot/install/Stage/lib/Stage-4.3
[2.794s] -- Build type RELEASE
[2.848s] -- Checking for libtool
[2.849s] -- Checking for required libraries...
[5.053s] -- Checking for optional libraries...
[5.146s] -- Installation path CMAKE_INSTALL_PREFIX=/home/luiz/ros2_fbot/install/Stage
[5.146s] -- Configuring libstage
[5.158s] -- Checking for one of the modules 'playercore>=2.1.0'
[5.382s] --   * Player not detected. If Player is installed but not detected, check your PKG_CONFIG_PATH.
[5.559s] -- Configuring done
[6.045s] -- Generating done
[6.070s] -- Build files have been written to: /home/luiz/ros2_fbot/build/Stage
[6.178s] Invoked command in '/home/luiz/ros2_fbot/build/Stage' returned '0': /usr/bin/cmake /home/luiz/ros2_fbot/src/Stage -DCMAKE_INSTALL_PREFIX=/home/luiz/ros2_fbot/install/Stage
[6.178s] Invoking command in '/home/luiz/ros2_fbot/build/Stage': /usr/bin/cmake --build /home/luiz/ros2_fbot/build/Stage -- -j4 -l4
[6.420s] [35m[1mConsolidate compiler generated dependencies of target stage[0m
[6.541s] [ 57%] Built target stage
[6.559s] [35m[1mConsolidate compiler generated dependencies of target stagebinary[0m
[6.580s] [ 61%] Built target stagebinary
[6.596s] [35m[1mConsolidate compiler generated dependencies of target source[0m
[6.615s] [ 64%] Built target source
[6.633s] [35m[1mConsolidate compiler generated dependencies of target wander[0m
[6.671s] [ 67%] Built target wander
[6.687s] [35m[1mConsolidate compiler generated dependencies of target pioneer_flocking[0m
[6.707s] [ 71%] Built target pioneer_flocking
[6.721s] [35m[1mConsolidate compiler generated dependencies of target rasterize[0m
[6.741s] [ 74%] Built target rasterize
[6.786s] [35m[1mConsolidate compiler generated dependencies of target lasernoise[0m
[6.806s] [ 77%] Built target lasernoise
[6.820s] [35m[1mConsolidate compiler generated dependencies of target dynamic[0m
[6.840s] [ 81%] Built target dynamic
[6.868s] [35m[1mConsolidate compiler generated dependencies of target fasr2[0m
[6.890s] [ 86%] Built target fasr2
[6.904s] [35m[1mConsolidate compiler generated dependencies of target expand_swarm[0m
[6.924s] [ 89%] Built target expand_swarm
[6.939s] [35m[1mConsolidate compiler generated dependencies of target expand_pioneer[0m
[6.958s] [ 93%] Built target expand_pioneer
[6.974s] [35m[1mConsolidate compiler generated dependencies of target sink[0m
[6.994s] [ 96%] Built target sink
[7.009s] [35m[1mConsolidate compiler generated dependencies of target fasr[0m
[7.028s] [100%] Built target fasr
[7.047s] Invoked command in '/home/luiz/ros2_fbot/build/Stage' returned '0': /usr/bin/cmake --build /home/luiz/ros2_fbot/build/Stage -- -j4 -l4
[7.067s] Invoking command in '/home/luiz/ros2_fbot/build/Stage': /usr/bin/cmake --install /home/luiz/ros2_fbot/build/Stage
[7.077s] -- Install configuration: "RELEASE"
[7.077s] -- Up-to-date: /home/luiz/ros2_fbot/install/Stage/lib/pkgconfig/stage.pc
[7.077s] -- Installing: /home/luiz/ros2_fbot/install/Stage/lib/cmake/Stage/stage-config.cmake
[7.077s] -- Up-to-date: /home/luiz/ros2_fbot/install/Stage/lib/cmake/Stage/stage-config-version.cmake
[7.078s] -- Up-to-date: /home/luiz/ros2_fbot/install/Stage/bin/stage
[7.117s] -- Up-to-date: /home/luiz/ros2_fbot/install/Stage/lib/libstage.so.4.3.0
[7.117s] -- Up-to-date: /home/luiz/ros2_fbot/install/Stage/lib/libstage.so
[7.117s] -- Up-to-date: /home/luiz/ros2_fbot/install/Stage/include/Stage-4.3/stage.hh
[7.119s] -- Up-to-date: /home/luiz/ros2_fbot/install/Stage/lib/Stage-4.3/fasr.so
[7.119s] -- Up-to-date: /home/luiz/ros2_fbot/install/Stage/lib/Stage-4.3/sink.so
[7.120s] -- Up-to-date: /home/luiz/ros2_fbot/install/Stage/lib/Stage-4.3/source.so
[7.121s] -- Up-to-date: /home/luiz/ros2_fbot/install/Stage/lib/Stage-4.3/wander.so
[7.122s] -- Up-to-date: /home/luiz/ros2_fbot/install/Stage/lib/Stage-4.3/pioneer_flocking.so
[7.122s] -- Up-to-date: /home/luiz/ros2_fbot/install/Stage/lib/Stage-4.3/rasterize.so
[7.123s] -- Up-to-date: /home/luiz/ros2_fbot/install/Stage/lib/Stage-4.3/lasernoise.so
[7.124s] -- Up-to-date: /home/luiz/ros2_fbot/install/Stage/lib/Stage-4.3/dynamic.so
[7.125s] -- Up-to-date: /home/luiz/ros2_fbot/install/Stage/lib/Stage-4.3/fasr2.so
[7.126s] -- Up-to-date: /home/luiz/ros2_fbot/install/Stage/share/stage/assets/blue.png
[7.126s] -- Up-to-date: /home/luiz/ros2_fbot/install/Stage/share/stage/assets/death.png
[7.126s] -- Up-to-date: /home/luiz/ros2_fbot/install/Stage/share/stage/assets/green.png
[7.127s] -- Up-to-date: /home/luiz/ros2_fbot/install/Stage/share/stage/assets/logo.png
[7.127s] -- Up-to-date: /home/luiz/ros2_fbot/install/Stage/share/stage/assets/mains.png
[7.127s] -- Up-to-date: /home/luiz/ros2_fbot/install/Stage/share/stage/assets/mainspower.png
[7.128s] -- Up-to-date: /home/luiz/ros2_fbot/install/Stage/share/stage/assets/question_mark.png
[7.128s] -- Up-to-date: /home/luiz/ros2_fbot/install/Stage/share/stage/assets/red.png
[7.128s] -- Up-to-date: /home/luiz/ros2_fbot/install/Stage/share/stage/assets/stagelogo.png
[7.128s] -- Up-to-date: /home/luiz/ros2_fbot/install/Stage/share/stage/assets/stall-old.png
[7.128s] -- Up-to-date: /home/luiz/ros2_fbot/install/Stage/share/stage/assets/stall.png
[7.128s] -- Up-to-date: /home/luiz/ros2_fbot/install/Stage/share/stage/assets/rgb.txt
[7.129s] -- Up-to-date: /home/luiz/ros2_fbot/install/Stage/share/stage/rgb.txt
[7.129s] -- Up-to-date: /home/luiz/ros2_fbot/install/Stage/share/stage/worlds/amcl-sonar.cfg
[7.129s] -- Up-to-date: /home/luiz/ros2_fbot/install/Stage/share/stage/worlds/autolab.cfg
[7.129s] -- Up-to-date: /home/luiz/ros2_fbot/install/Stage/share/stage/worlds/camera.cfg
[7.129s] -- Up-to-date: /home/luiz/ros2_fbot/install/Stage/share/stage/worlds/everything.cfg
[7.130s] -- Up-to-date: /home/luiz/ros2_fbot/install/Stage/share/stage/worlds/lsp_test.cfg
[7.131s] -- Up-to-date: /home/luiz/ros2_fbot/install/Stage/share/stage/worlds/mbicp.cfg
[7.131s] -- Up-to-date: /home/luiz/ros2_fbot/install/Stage/share/stage/worlds/nd.cfg
[7.131s] -- Up-to-date: /home/luiz/ros2_fbot/install/Stage/share/stage/worlds/roomba.cfg
[7.131s] -- Up-to-date: /home/luiz/ros2_fbot/install/Stage/share/stage/worlds/simple.cfg
[7.131s] -- Up-to-date: /home/luiz/ros2_fbot/install/Stage/share/stage/worlds/test.cfg
[7.131s] -- Up-to-date: /home/luiz/ros2_fbot/install/Stage/share/stage/worlds/uoa_robotics_lab.cfg
[7.131s] -- Up-to-date: /home/luiz/ros2_fbot/install/Stage/share/stage/worlds/vfh.cfg
[7.131s] -- Up-to-date: /home/luiz/ros2_fbot/install/Stage/share/stage/worlds/wavefront-remote.cfg
[7.131s] -- Up-to-date: /home/luiz/ros2_fbot/install/Stage/share/stage/worlds/wavefront.cfg
[7.132s] -- Up-to-date: /home/luiz/ros2_fbot/install/Stage/share/stage/worlds/wifi.cfg
[7.132s] -- Up-to-date: /home/luiz/ros2_fbot/install/Stage/share/stage/worlds/SFU.world
[7.133s] -- Up-to-date: /home/luiz/ros2_fbot/install/Stage/share/stage/worlds/autolab.world
[7.133s] -- Up-to-date: /home/luiz/ros2_fbot/install/Stage/share/stage/worlds/camera.world
[7.133s] -- Up-to-date: /home/luiz/ros2_fbot/install/Stage/share/stage/worlds/circuit.world
[7.133s] -- Up-to-date: /home/luiz/ros2_fbot/install/Stage/share/stage/worlds/everything.world
[7.133s] -- Up-to-date: /home/luiz/ros2_fbot/install/Stage/share/stage/worlds/fasr.world
[7.133s] -- Up-to-date: /home/luiz/ros2_fbot/install/Stage/share/stage/worlds/fasr2.world
[7.134s] -- Up-to-date: /home/luiz/ros2_fbot/install/Stage/share/stage/worlds/fasr_plan.world
[7.134s] -- Up-to-date: /home/luiz/ros2_fbot/install/Stage/share/stage/worlds/large.world
[7.134s] -- Up-to-date: /home/luiz/ros2_fbot/install/Stage/share/stage/worlds/lsp_test.world
[7.134s] -- Up-to-date: /home/luiz/ros2_fbot/install/Stage/share/stage/worlds/mbicp.world
[7.134s] -- Up-to-date: /home/luiz/ros2_fbot/install/Stage/share/stage/worlds/pioneer_flocking.world
[7.134s] -- Up-to-date: /home/luiz/ros2_fbot/install/Stage/share/stage/worlds/pioneer_follow.world
[7.134s] -- Up-to-date: /home/luiz/ros2_fbot/install/Stage/share/stage/worlds/pioneer_walle.world
[7.134s] -- Up-to-date: /home/luiz/ros2_fbot/install/Stage/share/stage/worlds/roomba.world
[7.134s] -- Up-to-date: /home/luiz/ros2_fbot/install/Stage/share/stage/worlds/sensor_noise_demo.world
[7.135s] -- Up-to-date: /home/luiz/ros2_fbot/install/Stage/share/stage/worlds/sensor_noise_module_demo.world
[7.135s] -- Up-to-date: /home/luiz/ros2_fbot/install/Stage/share/stage/worlds/simple.world
[7.135s] -- Up-to-date: /home/luiz/ros2_fbot/install/Stage/share/stage/worlds/uoa_robotics_lab.world
[7.135s] -- Up-to-date: /home/luiz/ros2_fbot/install/Stage/share/stage/worlds/wifi.world
[7.135s] -- Up-to-date: /home/luiz/ros2_fbot/install/Stage/share/stage/worlds/beacons.inc
[7.135s] -- Up-to-date: /home/luiz/ros2_fbot/install/Stage/share/stage/worlds/chatterbox.inc
[7.136s] -- Up-to-date: /home/luiz/ros2_fbot/install/Stage/share/stage/worlds/hokuyo.inc
[7.136s] -- Up-to-date: /home/luiz/ros2_fbot/install/Stage/share/stage/worlds/irobot.inc
[7.136s] -- Up-to-date: /home/luiz/ros2_fbot/install/Stage/share/stage/worlds/map.inc
[7.136s] -- Up-to-date: /home/luiz/ros2_fbot/install/Stage/share/stage/worlds/objects.inc
[7.137s] -- Up-to-date: /home/luiz/ros2_fbot/install/Stage/share/stage/worlds/pantilt.inc
[7.137s] -- Up-to-date: /home/luiz/ros2_fbot/install/Stage/share/stage/worlds/pioneer.inc
[7.137s] -- Up-to-date: /home/luiz/ros2_fbot/install/Stage/share/stage/worlds/sick.inc
[7.137s] -- Up-to-date: /home/luiz/ros2_fbot/install/Stage/share/stage/worlds/ubot.inc
[7.137s] -- Up-to-date: /home/luiz/ros2_fbot/install/Stage/share/stage/worlds/uoa_robotics_lab_models.inc
[7.137s] -- Up-to-date: /home/luiz/ros2_fbot/install/Stage/share/stage/worlds/walle.inc
[7.137s] -- Up-to-date: /home/luiz/ros2_fbot/install/Stage/share/stage/worlds/cfggen.sh
[7.137s] -- Up-to-date: /home/luiz/ros2_fbot/install/Stage/share/stage/worlds/test.sh
[7.137s] -- Up-to-date: /home/luiz/ros2_fbot/install/Stage/share/stage/worlds/worldgen.sh
[7.144s] -- Up-to-date: /home/luiz/ros2_fbot/install/Stage/lib/Stage-4.3/expand_swarm.so
[7.145s] -- Up-to-date: /home/luiz/ros2_fbot/install/Stage/lib/Stage-4.3/expand_pioneer.so
[7.146s] -- Up-to-date: /home/luiz/ros2_fbot/install/Stage/share/stage/worlds/bitmaps/889_05.png
[7.146s] -- Up-to-date: /home/luiz/ros2_fbot/install/Stage/share/stage/worlds/bitmaps/SFU_1200x615.png
[7.147s] -- Up-to-date: /home/luiz/ros2_fbot/install/Stage/share/stage/worlds/bitmaps/SRI-AIC-kwing.png
[7.147s] -- Up-to-date: /home/luiz/ros2_fbot/install/Stage/share/stage/worlds/bitmaps/autolab.png
[7.151s] -- Up-to-date: /home/luiz/ros2_fbot/install/Stage/share/stage/worlds/bitmaps/cave.png
[7.151s] -- Up-to-date: /home/luiz/ros2_fbot/install/Stage/share/stage/worlds/bitmaps/cave_compact.png
[7.151s] -- Up-to-date: /home/luiz/ros2_fbot/install/Stage/share/stage/worlds/bitmaps/cave_filled.png
[7.151s] -- Up-to-date: /home/luiz/ros2_fbot/install/Stage/share/stage/worlds/bitmaps/frieburg.png
[7.151s] -- Up-to-date: /home/luiz/ros2_fbot/install/Stage/share/stage/worlds/bitmaps/ghost.png
[7.151s] -- Up-to-date: /home/luiz/ros2_fbot/install/Stage/share/stage/worlds/bitmaps/hospital.png
[7.152s] -- Up-to-date: /home/luiz/ros2_fbot/install/Stage/share/stage/worlds/bitmaps/hospital_section.png
[7.152s] -- Up-to-date: /home/luiz/ros2_fbot/install/Stage/share/stage/worlds/bitmaps/human_outline.png
[7.152s] -- Up-to-date: /home/luiz/ros2_fbot/install/Stage/share/stage/worlds/bitmaps/mbicp.png
[7.152s] -- Up-to-date: /home/luiz/ros2_fbot/install/Stage/share/stage/worlds/bitmaps/rink.png
[7.152s] -- Up-to-date: /home/luiz/ros2_fbot/install/Stage/share/stage/worlds/bitmaps/sal2.png
[7.152s] -- Up-to-date: /home/luiz/ros2_fbot/install/Stage/share/stage/worlds/bitmaps/simple_rooms.png
[7.157s] -- Up-to-date: /home/luiz/ros2_fbot/install/Stage/share/stage/worlds/bitmaps/space_invader.png
[7.159s] -- Up-to-date: /home/luiz/ros2_fbot/install/Stage/share/stage/worlds/bitmaps/submarine.png
[7.159s] -- Up-to-date: /home/luiz/ros2_fbot/install/Stage/share/stage/worlds/bitmaps/submarine_small.png
[7.159s] -- Up-to-date: /home/luiz/ros2_fbot/install/Stage/share/stage/worlds/bitmaps/table.png
[7.159s] -- Up-to-date: /home/luiz/ros2_fbot/install/Stage/share/stage/worlds/bitmaps/uoa_robotics_lab.png
[7.160s] -- Up-to-date: /home/luiz/ros2_fbot/install/Stage/share/stage/worlds/wifi/commando.world
[7.162s] -- Up-to-date: /home/luiz/ros2_fbot/install/Stage/share/stage/worlds/wifi/hosp_wifi.world
[7.162s] -- Up-to-date: /home/luiz/ros2_fbot/install/Stage/share/stage/worlds/wifi/hosp_wifi_5.world
[7.163s] -- Up-to-date: /home/luiz/ros2_fbot/install/Stage/share/stage/worlds/wifi/wifi.world
[7.163s] -- Up-to-date: /home/luiz/ros2_fbot/install/Stage/share/stage/worlds/wifi/wifi_itu.world
[7.163s] -- Up-to-date: /home/luiz/ros2_fbot/install/Stage/share/stage/worlds/wifi/wifi_logdistance.world
[7.163s] -- Up-to-date: /home/luiz/ros2_fbot/install/Stage/share/stage/worlds/wifi/wifi_ray.world
[7.163s] -- Up-to-date: /home/luiz/ros2_fbot/install/Stage/share/stage/worlds/wifi/wifi_simple.world
[7.163s] -- Up-to-date: /home/luiz/ros2_fbot/install/Stage/share/stage/worlds/wifi/map.inc
[7.164s] Invoked command in '/home/luiz/ros2_fbot/build/Stage' returned '0': /usr/bin/cmake --install /home/luiz/ros2_fbot/build/Stage
