[0.103s] Invoking command in '/home/luiz/ros2_fbot/build/Stage': /usr/bin/cmake /home/luiz/ros2_fbot/src/Stage -DOpenGL_GL_PREFERENCE=LEGACY -DCMAKE_INSTALL_PREFIX=/home/luiz/ros2_fbot/install/Stage
[3.097s] -- The C compiler identification is GNU 11.4.0
[4.379s] -- The CXX compiler identification is GNU 11.4.0
[4.420s] -- Detecting C compiler ABI info
[4.795s] -- Detecting C compiler ABI info - done
[4.801s] -- Check for working C compiler: /usr/bin/cc - skipped
[4.802s] -- Detecting C compile features
[4.832s] -- Detecting C compile features - done
[4.846s] -- Detecting CXX compiler ABI info
[4.999s] -- Detecting CXX compiler ABI info - done
[5.008s] -- Check for working CXX compiler: /usr/bin/c++ - skipped
[5.009s] -- Detecting CXX compile features
[5.009s] -- Detecting CXX compile features - done
[5.010s] -- Stage version 4.3.0
[5.010s] -- Operating system is Linux
[5.011s] -- Installing Libraries to /home/luiz/ros2_fbot/install/Stage/lib
[5.011s] -- Installing Plugins to /home/luiz/ros2_fbot/install/Stage/lib/Stage-4.3
[5.011s] -- Build type RELEASE
[5.011s] -- Checking for libtool
[5.063s] -- Checking for required libraries...
[6.051s] -- Found JPEG: /usr/lib/x86_64-linux-gnu/libjpeg.so (found version "80") 
[6.097s] -- Found ZLIB: /usr/lib/x86_64-linux-gnu/libz.so (found version "1.2.11") 
[6.138s] -- Found PNG: /usr/lib/x86_64-linux-gnu/libpng.so (found version "1.6.37") 
[6.185s] -- Found OpenGL: /usr/lib/x86_64-linux-gnu/libOpenGL.so   
[6.527s] -- Found X11: /usr/include   
[6.528s] -- Looking for XOpenDisplay in /usr/lib/x86_64-linux-gnu/libX11.so;/usr/lib/x86_64-linux-gnu/libXext.so
[7.006s] -- Looking for XOpenDisplay in /usr/lib/x86_64-linux-gnu/libX11.so;/usr/lib/x86_64-linux-gnu/libXext.so - found
[7.006s] -- Looking for gethostbyname
[7.108s] -- Looking for gethostbyname - found
[7.111s] -- Looking for connect
[7.209s] -- Looking for connect - found
[7.211s] -- Looking for remove
[7.314s] -- Looking for remove - found
[7.314s] -- Looking for shmat
[7.474s] -- Looking for shmat - found
[7.474s] -- Looking for IceConnectionNumber in ICE
[7.583s] -- Looking for IceConnectionNumber in ICE - found
[7.639s] -- Found FLTK: fltk_images;fltk_forms;fltk_gl;/usr/lib/x86_64-linux-gnu/libGL.so;fltk  
[7.643s] -- Checking for optional libraries...
[7.646s] -- Installation path CMAKE_INSTALL_PREFIX=/home/luiz/ros2_fbot/install/Stage
[7.646s] -- Configuring libstage
[7.659s] -- Found PkgConfig: /usr/bin/pkg-config (found version "0.29.2") 
[7.660s] -- Checking for one of the modules 'playercore>=2.1.0'
[7.666s] --   * Player not detected. If Player is installed but not detected, check your PKG_CONFIG_PATH.
[7.714s] -- Configuring done
[7.891s] -- Generating done
[7.918s] -- Build files have been written to: /home/luiz/ros2_fbot/build/Stage
[7.929s] Invoked command in '/home/luiz/ros2_fbot/build/Stage' returned '0': /usr/bin/cmake /home/luiz/ros2_fbot/src/Stage -DOpenGL_GL_PREFERENCE=LEGACY -DCMAKE_INSTALL_PREFIX=/home/luiz/ros2_fbot/install/Stage
[7.932s] Invoking command in '/home/luiz/ros2_fbot/build/Stage': /usr/bin/cmake --build /home/luiz/ros2_fbot/build/Stage -- -j4 -l4
[8.006s] [  1%] [32mBuilding CXX object libstage/CMakeFiles/stage.dir/block.cc.o[0m
[11.917s] [  3%] [32mBuilding CXX object libstage/CMakeFiles/stage.dir/color.cc.o[0m
[13.680s] [  5%] [32mBuilding CXX object libstage/CMakeFiles/stage.dir/file_manager.cc.o[0m
[15.497s] [  6%] [32mBuilding CXX object libstage/CMakeFiles/stage.dir/gl.cc.o[0m
[17.077s] [  8%] [32mBuilding CXX object libstage/CMakeFiles/stage.dir/logentry.cc.o[0m
[18.577s] [ 10%] [32mBuilding CXX object libstage/CMakeFiles/stage.dir/model.cc.o[0m
[21.756s] [ 11%] [32mBuilding CXX object libstage/CMakeFiles/stage.dir/model_actuator.cc.o[0m
[22.907s] [ 13%] [32mBuilding CXX object libstage/CMakeFiles/stage.dir/model_blinkenlight.cc.o[0m
[24.449s] [ 15%] [32mBuilding CXX object libstage/CMakeFiles/stage.dir/model_blobfinder.cc.o[0m
[26.314s] [ 16%] [32mBuilding CXX object libstage/CMakeFiles/stage.dir/model_bumper.cc.o[0m
[27.960s] [ 18%] [32mBuilding CXX object libstage/CMakeFiles/stage.dir/model_callbacks.cc.o[0m
[29.562s] [ 20%] [32mBuilding CXX object libstage/CMakeFiles/stage.dir/model_camera.cc.o[0m
[31.784s] [ 22%] [32mBuilding CXX object libstage/CMakeFiles/stage.dir/model_draw.cc.o[0m
[33.932s] [ 23%] [32mBuilding CXX object libstage/CMakeFiles/stage.dir/model_fiducial.cc.o[0m
[36.027s] [ 25%] [32mBuilding CXX object libstage/CMakeFiles/stage.dir/model_gripper.cc.o[0m
[37.700s] [ 27%] [32mBuilding CXX object libstage/CMakeFiles/stage.dir/model_lightindicator.cc.o[0m
[39.223s] [ 28%] [32mBuilding CXX object libstage/CMakeFiles/stage.dir/model_position.cc.o[0m
[41.352s] [ 30%] [32mBuilding CXX object libstage/CMakeFiles/stage.dir/model_ranger.cc.o[0m
[43.546s] [ 32%] [32mBuilding CXX object libstage/CMakeFiles/stage.dir/option.cc.o[0m
[45.083s] [ 33%] [32mBuilding CXX object libstage/CMakeFiles/stage.dir/powerpack.cc.o[0m
[46.749s] [ 35%] [32mBuilding CXX object libstage/CMakeFiles/stage.dir/region.cc.o[0m
[47.766s] [ 37%] [32mBuilding CXX object libstage/CMakeFiles/stage.dir/stage.cc.o[0m
[48.795s] [ 38%] [32mBuilding CXX object libstage/CMakeFiles/stage.dir/camera.cc.o[0m
[49.040s] [ 40%] [32mBuilding CXX object libstage/CMakeFiles/stage.dir/blockgroup.cc.o[0m
[50.143s] [ 42%] [32mBuilding CXX object libstage/CMakeFiles/stage.dir/texture_manager.cc.o[0m
[53.931s] [ 44%] [32mBuilding CXX object libstage/CMakeFiles/stage.dir/worldfile.cc.o[0m
[57.211s] [ 45%] [32mBuilding CXX object libstage/CMakeFiles/stage.dir/canvas.cc.o[0m
[60.099s] [ 47%] [32mBuilding CXX object libstage/CMakeFiles/stage.dir/options_dlg.cc.o[0m
[61.545s] [ 49%] [32mBuilding CXX object libstage/CMakeFiles/stage.dir/vis_strip.cc.o[0m
[63.053s] [ 50%] [32mBuilding CXX object libstage/CMakeFiles/stage.dir/worldgui.cc.o[0m
[65.338s] [ 52%] [32mBuilding CXX object libstage/CMakeFiles/stage.dir/ancestor.cc.o[0m
[67.078s] [ 54%] [32mBuilding CXX object libstage/CMakeFiles/stage.dir/world.cc.o[0m
[70.559s] [ 55%] [32mBuilding CXX object libstage/CMakeFiles/stage.dir/typetable.cc.o[0m
[72.299s] [ 57%] [32m[1mLinking CXX shared library libstage.so[0m
[72.930s] [ 57%] Built target stage
[73.003s] [ 59%] [32mBuilding CXX object libstage/CMakeFiles/stagebinary.dir/main.cc.o[0m
[74.572s] [ 61%] [32m[1mLinking CXX executable stage[0m
[74.968s] [ 61%] Built target stagebinary
[75.000s] [ 62%] [32mBuilding CXX object examples/ctrl/CMakeFiles/source.dir/source.cc.o[0m
[76.349s] [ 64%] [32m[1mLinking CXX shared module source.so[0m
[76.493s] [ 64%] Built target source
[76.522s] [ 66%] [32mBuilding CXX object examples/ctrl/CMakeFiles/wander.dir/wander.cc.o[0m
[78.161s] [ 67%] [32m[1mLinking CXX shared module wander.so[0m
[78.305s] [ 67%] Built target wander
[78.332s] [ 69%] [32mBuilding CXX object examples/ctrl/CMakeFiles/pioneer_flocking.dir/pioneer_flocking.cc.o[0m
[79.866s] [ 71%] [32m[1mLinking CXX shared module pioneer_flocking.so[0m
[80.028s] [ 71%] Built target pioneer_flocking
[80.056s] [ 72%] [32mBuilding CXX object examples/ctrl/CMakeFiles/rasterize.dir/rasterize.cc.o[0m
[81.358s] [ 74%] [32m[1mLinking CXX shared module rasterize.so[0m
[81.562s] [ 74%] Built target rasterize
[81.616s] [ 76%] [32mBuilding CXX object examples/ctrl/CMakeFiles/lasernoise.dir/lasernoise.cc.o[0m
[83.057s] [ 77%] [32m[1mLinking CXX shared module lasernoise.so[0m
[83.169s] [ 77%] Built target lasernoise
[83.188s] [ 79%] [32mBuilding CXX object examples/ctrl/CMakeFiles/dynamic.dir/dynamic.cc.o[0m
[84.590s] [ 81%] [32m[1mLinking CXX shared module dynamic.so[0m
[84.734s] [ 81%] Built target dynamic
[84.762s] [ 83%] [32mBuilding CXX object examples/ctrl/CMakeFiles/fasr2.dir/fasr2.cc.o[0m
[87.003s] [ 84%] [32mBuilding CXX object examples/ctrl/CMakeFiles/fasr2.dir/astar/findpath.cpp.o[0m
[87.986s] [ 86%] [32m[1mLinking CXX shared module fasr2.so[0m
[88.125s] [ 86%] Built target fasr2
[88.149s] [ 88%] [32mBuilding CXX object worlds/benchmark/CMakeFiles/expand_swarm.dir/expand_swarm.cc.o[0m
[89.391s] [ 89%] [32m[1mLinking CXX shared module expand_swarm.so[0m
[89.555s] [ 89%] Built target expand_swarm
[89.602s] [ 91%] [32mBuilding CXX object worlds/benchmark/CMakeFiles/expand_pioneer.dir/expand_pioneer.cc.o[0m
[91.154s] [ 93%] [32m[1mLinking CXX shared module expand_pioneer.so[0m
[91.311s] [ 93%] Built target expand_pioneer
[91.328s] [ 94%] [32mBuilding CXX object examples/ctrl/CMakeFiles/sink.dir/sink.cc.o[0m
[92.707s] [ 96%] [32m[1mLinking CXX shared module sink.so[0m
[92.851s] [ 96%] Built target sink
[92.882s] [ 98%] [32mBuilding CXX object examples/ctrl/CMakeFiles/fasr.dir/fasr.cc.o[0m
[94.332s] [100%] [32m[1mLinking CXX shared module fasr.so[0m
[94.442s] [100%] Built target fasr
[94.454s] Invoked command in '/home/luiz/ros2_fbot/build/Stage' returned '0': /usr/bin/cmake --build /home/luiz/ros2_fbot/build/Stage -- -j4 -l4
[94.490s] Invoking command in '/home/luiz/ros2_fbot/build/Stage': /usr/bin/cmake --install /home/luiz/ros2_fbot/build/Stage
[94.499s] -- Install configuration: "RELEASE"
[94.500s] -- Installing: /home/luiz/ros2_fbot/install/Stage/lib/pkgconfig/stage.pc
[94.500s] -- Installing: /home/luiz/ros2_fbot/install/Stage/lib/cmake/Stage/stage-config.cmake
[94.500s] -- Installing: /home/luiz/ros2_fbot/install/Stage/lib/cmake/Stage/stage-config-version.cmake
[94.500s] -- Installing: /home/luiz/ros2_fbot/install/Stage/bin/stage
[94.502s] -- Set runtime path of "/home/luiz/ros2_fbot/install/Stage/bin/stage" to ""
[94.502s] -- Installing: /home/luiz/ros2_fbot/install/Stage/lib/libstage.so.4.3.0
[94.502s] -- Installing: /home/luiz/ros2_fbot/install/Stage/lib/libstage.so
[94.502s] -- Installing: /home/luiz/ros2_fbot/install/Stage/include/Stage-4.3/stage.hh
[94.504s] -- Installing: /home/luiz/ros2_fbot/install/Stage/lib/Stage-4.3/fasr.so
[94.504s] -- Set runtime path of "/home/luiz/ros2_fbot/install/Stage/lib/Stage-4.3/fasr.so" to ""
[94.506s] -- Installing: /home/luiz/ros2_fbot/install/Stage/lib/Stage-4.3/sink.so
[94.506s] -- Set runtime path of "/home/luiz/ros2_fbot/install/Stage/lib/Stage-4.3/sink.so" to ""
[94.506s] -- Installing: /home/luiz/ros2_fbot/install/Stage/lib/Stage-4.3/source.so
[94.508s] -- Set runtime path of "/home/luiz/ros2_fbot/install/Stage/lib/Stage-4.3/source.so" to ""
[94.508s] -- Installing: /home/luiz/ros2_fbot/install/Stage/lib/Stage-4.3/wander.so
[94.508s] -- Set runtime path of "/home/luiz/ros2_fbot/install/Stage/lib/Stage-4.3/wander.so" to ""
[94.508s] -- Installing: /home/luiz/ros2_fbot/install/Stage/lib/Stage-4.3/pioneer_flocking.so
[94.508s] -- Set runtime path of "/home/luiz/ros2_fbot/install/Stage/lib/Stage-4.3/pioneer_flocking.so" to ""
[94.508s] -- Installing: /home/luiz/ros2_fbot/install/Stage/lib/Stage-4.3/rasterize.so
[94.508s] -- Set runtime path of "/home/luiz/ros2_fbot/install/Stage/lib/Stage-4.3/rasterize.so" to ""
[94.509s] -- Installing: /home/luiz/ros2_fbot/install/Stage/lib/Stage-4.3/lasernoise.so
[94.509s] -- Set runtime path of "/home/luiz/ros2_fbot/install/Stage/lib/Stage-4.3/lasernoise.so" to ""
[94.509s] -- Installing: /home/luiz/ros2_fbot/install/Stage/lib/Stage-4.3/dynamic.so
[94.509s] -- Set runtime path of "/home/luiz/ros2_fbot/install/Stage/lib/Stage-4.3/dynamic.so" to ""
[94.509s] -- Installing: /home/luiz/ros2_fbot/install/Stage/lib/Stage-4.3/fasr2.so
[94.509s] -- Set runtime path of "/home/luiz/ros2_fbot/install/Stage/lib/Stage-4.3/fasr2.so" to ""
[94.512s] -- Installing: /home/luiz/ros2_fbot/install/Stage/share/stage/assets/blue.png
[94.512s] -- Installing: /home/luiz/ros2_fbot/install/Stage/share/stage/assets/death.png
[94.512s] -- Installing: /home/luiz/ros2_fbot/install/Stage/share/stage/assets/green.png
[94.512s] -- Installing: /home/luiz/ros2_fbot/install/Stage/share/stage/assets/logo.png
[94.512s] -- Installing: /home/luiz/ros2_fbot/install/Stage/share/stage/assets/mains.png
[94.512s] -- Installing: /home/luiz/ros2_fbot/install/Stage/share/stage/assets/mainspower.png
[94.512s] -- Installing: /home/luiz/ros2_fbot/install/Stage/share/stage/assets/question_mark.png
[94.512s] -- Installing: /home/luiz/ros2_fbot/install/Stage/share/stage/assets/red.png
[94.512s] -- Installing: /home/luiz/ros2_fbot/install/Stage/share/stage/assets/stagelogo.png
[94.513s] -- Installing: /home/luiz/ros2_fbot/install/Stage/share/stage/assets/stall-old.png
[94.513s] -- Installing: /home/luiz/ros2_fbot/install/Stage/share/stage/assets/stall.png
[94.513s] -- Installing: /home/luiz/ros2_fbot/install/Stage/share/stage/assets/rgb.txt
[94.513s] -- Installing: /home/luiz/ros2_fbot/install/Stage/share/stage/rgb.txt
[94.515s] -- Installing: /home/luiz/ros2_fbot/install/Stage/share/stage/worlds/amcl-sonar.cfg
[94.515s] -- Installing: /home/luiz/ros2_fbot/install/Stage/share/stage/worlds/autolab.cfg
[94.517s] -- Installing: /home/luiz/ros2_fbot/install/Stage/share/stage/worlds/camera.cfg
[94.517s] -- Installing: /home/luiz/ros2_fbot/install/Stage/share/stage/worlds/everything.cfg
[94.517s] -- Installing: /home/luiz/ros2_fbot/install/Stage/share/stage/worlds/lsp_test.cfg
[94.517s] -- Installing: /home/luiz/ros2_fbot/install/Stage/share/stage/worlds/mbicp.cfg
[94.517s] -- Installing: /home/luiz/ros2_fbot/install/Stage/share/stage/worlds/nd.cfg
[94.517s] -- Installing: /home/luiz/ros2_fbot/install/Stage/share/stage/worlds/roomba.cfg
[94.518s] -- Installing: /home/luiz/ros2_fbot/install/Stage/share/stage/worlds/simple.cfg
[94.518s] -- Installing: /home/luiz/ros2_fbot/install/Stage/share/stage/worlds/test.cfg
[94.518s] -- Installing: /home/luiz/ros2_fbot/install/Stage/share/stage/worlds/uoa_robotics_lab.cfg
[94.518s] -- Installing: /home/luiz/ros2_fbot/install/Stage/share/stage/worlds/vfh.cfg
[94.518s] -- Installing: /home/luiz/ros2_fbot/install/Stage/share/stage/worlds/wavefront-remote.cfg
[94.518s] -- Installing: /home/luiz/ros2_fbot/install/Stage/share/stage/worlds/wavefront.cfg
[94.519s] -- Installing: /home/luiz/ros2_fbot/install/Stage/share/stage/worlds/wifi.cfg
[94.519s] -- Installing: /home/luiz/ros2_fbot/install/Stage/share/stage/worlds/SFU.world
[94.519s] -- Installing: /home/luiz/ros2_fbot/install/Stage/share/stage/worlds/autolab.world
[94.519s] -- Installing: /home/luiz/ros2_fbot/install/Stage/share/stage/worlds/camera.world
[94.520s] -- Installing: /home/luiz/ros2_fbot/install/Stage/share/stage/worlds/circuit.world
[94.520s] -- Installing: /home/luiz/ros2_fbot/install/Stage/share/stage/worlds/everything.world
[94.520s] -- Installing: /home/luiz/ros2_fbot/install/Stage/share/stage/worlds/fasr.world
[94.520s] -- Installing: /home/luiz/ros2_fbot/install/Stage/share/stage/worlds/fasr2.world
[94.520s] -- Installing: /home/luiz/ros2_fbot/install/Stage/share/stage/worlds/fasr_plan.world
[94.521s] -- Installing: /home/luiz/ros2_fbot/install/Stage/share/stage/worlds/large.world
[94.521s] -- Installing: /home/luiz/ros2_fbot/install/Stage/share/stage/worlds/lsp_test.world
[94.521s] -- Installing: /home/luiz/ros2_fbot/install/Stage/share/stage/worlds/mbicp.world
[94.522s] -- Installing: /home/luiz/ros2_fbot/install/Stage/share/stage/worlds/pioneer_flocking.world
[94.522s] -- Installing: /home/luiz/ros2_fbot/install/Stage/share/stage/worlds/pioneer_follow.world
[94.522s] -- Installing: /home/luiz/ros2_fbot/install/Stage/share/stage/worlds/pioneer_walle.world
[94.523s] -- Installing: /home/luiz/ros2_fbot/install/Stage/share/stage/worlds/roomba.world
[94.523s] -- Installing: /home/luiz/ros2_fbot/install/Stage/share/stage/worlds/sensor_noise_demo.world
[94.523s] -- Installing: /home/luiz/ros2_fbot/install/Stage/share/stage/worlds/sensor_noise_module_demo.world
[94.524s] -- Installing: /home/luiz/ros2_fbot/install/Stage/share/stage/worlds/simple.world
[94.524s] -- Installing: /home/luiz/ros2_fbot/install/Stage/share/stage/worlds/uoa_robotics_lab.world
[94.524s] -- Installing: /home/luiz/ros2_fbot/install/Stage/share/stage/worlds/wifi.world
[94.524s] -- Installing: /home/luiz/ros2_fbot/install/Stage/share/stage/worlds/beacons.inc
[94.525s] -- Installing: /home/luiz/ros2_fbot/install/Stage/share/stage/worlds/chatterbox.inc
[94.525s] -- Installing: /home/luiz/ros2_fbot/install/Stage/share/stage/worlds/hokuyo.inc
[94.526s] -- Installing: /home/luiz/ros2_fbot/install/Stage/share/stage/worlds/irobot.inc
[94.526s] -- Installing: /home/luiz/ros2_fbot/install/Stage/share/stage/worlds/map.inc
[94.527s] -- Installing: /home/luiz/ros2_fbot/install/Stage/share/stage/worlds/objects.inc
[94.527s] -- Installing: /home/luiz/ros2_fbot/install/Stage/share/stage/worlds/pantilt.inc
[94.528s] -- Installing: /home/luiz/ros2_fbot/install/Stage/share/stage/worlds/pioneer.inc
[94.528s] -- Installing: /home/luiz/ros2_fbot/install/Stage/share/stage/worlds/sick.inc
[94.529s] -- Installing: /home/luiz/ros2_fbot/install/Stage/share/stage/worlds/ubot.inc
[94.529s] -- Installing: /home/luiz/ros2_fbot/install/Stage/share/stage/worlds/uoa_robotics_lab_models.inc
[94.529s] -- Installing: /home/luiz/ros2_fbot/install/Stage/share/stage/worlds/walle.inc
[94.530s] -- Installing: /home/luiz/ros2_fbot/install/Stage/share/stage/worlds/cfggen.sh
[94.530s] -- Installing: /home/luiz/ros2_fbot/install/Stage/share/stage/worlds/test.sh
[94.531s] -- Installing: /home/luiz/ros2_fbot/install/Stage/share/stage/worlds/worldgen.sh
[94.531s] -- Installing: /home/luiz/ros2_fbot/install/Stage/lib/Stage-4.3/expand_swarm.so
[94.532s] -- Set runtime path of "/home/luiz/ros2_fbot/install/Stage/lib/Stage-4.3/expand_swarm.so" to ""
[94.532s] -- Installing: /home/luiz/ros2_fbot/install/Stage/lib/Stage-4.3/expand_pioneer.so
[94.533s] -- Set runtime path of "/home/luiz/ros2_fbot/install/Stage/lib/Stage-4.3/expand_pioneer.so" to ""
[94.533s] -- Installing: /home/luiz/ros2_fbot/install/Stage/share/stage/worlds/bitmaps/889_05.png
[94.534s] -- Installing: /home/luiz/ros2_fbot/install/Stage/share/stage/worlds/bitmaps/SFU_1200x615.png
[94.534s] -- Installing: /home/luiz/ros2_fbot/install/Stage/share/stage/worlds/bitmaps/SRI-AIC-kwing.png
[94.574s] -- Installing: /home/luiz/ros2_fbot/install/Stage/share/stage/worlds/bitmaps/autolab.png
[94.575s] -- Installing: /home/luiz/ros2_fbot/install/Stage/share/stage/worlds/bitmaps/cave.png
[94.576s] -- Installing: /home/luiz/ros2_fbot/install/Stage/share/stage/worlds/bitmaps/cave_compact.png
[94.576s] -- Installing: /home/luiz/ros2_fbot/install/Stage/share/stage/worlds/bitmaps/cave_filled.png
[94.576s] -- Installing: /home/luiz/ros2_fbot/install/Stage/share/stage/worlds/bitmaps/frieburg.png
[94.576s] -- Installing: /home/luiz/ros2_fbot/install/Stage/share/stage/worlds/bitmaps/ghost.png
[94.576s] -- Installing: /home/luiz/ros2_fbot/install/Stage/share/stage/worlds/bitmaps/hospital.png
[94.576s] -- Installing: /home/luiz/ros2_fbot/install/Stage/share/stage/worlds/bitmaps/hospital_section.png
[94.576s] -- Installing: /home/luiz/ros2_fbot/install/Stage/share/stage/worlds/bitmaps/human_outline.png
[94.576s] -- Installing: /home/luiz/ros2_fbot/install/Stage/share/stage/worlds/bitmaps/mbicp.png
[94.576s] -- Installing: /home/luiz/ros2_fbot/install/Stage/share/stage/worlds/bitmaps/rink.png
[94.576s] -- Installing: /home/luiz/ros2_fbot/install/Stage/share/stage/worlds/bitmaps/sal2.png
[94.577s] -- Installing: /home/luiz/ros2_fbot/install/Stage/share/stage/worlds/bitmaps/simple_rooms.png
[94.577s] -- Installing: /home/luiz/ros2_fbot/install/Stage/share/stage/worlds/bitmaps/space_invader.png
[94.577s] -- Installing: /home/luiz/ros2_fbot/install/Stage/share/stage/worlds/bitmaps/submarine.png
[94.577s] -- Installing: /home/luiz/ros2_fbot/install/Stage/share/stage/worlds/bitmaps/submarine_small.png
[94.577s] -- Installing: /home/luiz/ros2_fbot/install/Stage/share/stage/worlds/bitmaps/table.png
[94.577s] -- Installing: /home/luiz/ros2_fbot/install/Stage/share/stage/worlds/bitmaps/uoa_robotics_lab.png
[94.582s] -- Installing: /home/luiz/ros2_fbot/install/Stage/share/stage/worlds/wifi/commando.world
[94.582s] -- Installing: /home/luiz/ros2_fbot/install/Stage/share/stage/worlds/wifi/hosp_wifi.world
[94.582s] -- Installing: /home/luiz/ros2_fbot/install/Stage/share/stage/worlds/wifi/hosp_wifi_5.world
[94.582s] -- Installing: /home/luiz/ros2_fbot/install/Stage/share/stage/worlds/wifi/wifi.world
[94.582s] -- Installing: /home/luiz/ros2_fbot/install/Stage/share/stage/worlds/wifi/wifi_itu.world
[94.582s] -- Installing: /home/luiz/ros2_fbot/install/Stage/share/stage/worlds/wifi/wifi_logdistance.world
[94.582s] -- Installing: /home/luiz/ros2_fbot/install/Stage/share/stage/worlds/wifi/wifi_ray.world
[94.583s] -- Installing: /home/luiz/ros2_fbot/install/Stage/share/stage/worlds/wifi/wifi_simple.world
[94.583s] -- Installing: /home/luiz/ros2_fbot/install/Stage/share/stage/worlds/wifi/map.inc
[94.589s] Invoked command in '/home/luiz/ros2_fbot/build/Stage' returned '0': /usr/bin/cmake --install /home/luiz/ros2_fbot/build/Stage
