[2.184s] Invoking command in '/home/luiz/ros2_fbot/src/navigation': PYTHONPATH=/home/luiz/ros2_fbot/build/navigation/prefix_override:/usr/lib/python3/dist-packages/colcon_core/task/python/colcon_distutils_commands:/home/luiz/ros2_fbot/install/navigation/lib/python3.10/site-packages:${PYTHONPATH} /usr/bin/python3 -W ignore:setup.py install is deprecated -W ignore:easy_install command is deprecated setup.py egg_info --egg-base ../../build/navigation build --build-base /home/luiz/ros2_fbot/build/navigation/build install --record /home/luiz/ros2_fbot/build/navigation/install.log --single-version-externally-managed install_data
[2.616s] running egg_info
[2.619s] writing ../../build/navigation/navigation.egg-info/PKG-INFO
[2.620s] writing dependency_links to ../../build/navigation/navigation.egg-info/dependency_links.txt
[2.621s] writing entry points to ../../build/navigation/navigation.egg-info/entry_points.txt
[2.623s] writing requirements to ../../build/navigation/navigation.egg-info/requires.txt
[2.626s] writing top-level names to ../../build/navigation/navigation.egg-info/top_level.txt
[2.631s] reading manifest file '../../build/navigation/navigation.egg-info/SOURCES.txt'
[2.658s] writing manifest file '../../build/navigation/navigation.egg-info/SOURCES.txt'
[2.658s] running build
[2.658s] running build_py
[2.659s] running install
[2.660s] running install_lib
[2.662s] running install_data
[2.663s] copying package.xml -> /home/luiz/ros2_fbot/install/navigation/share/navigation
[2.682s] running install_egg_info
[2.687s] removing '/home/luiz/ros2_fbot/install/navigation/lib/python3.10/site-packages/navigation-0.0.0-py3.10.egg-info' (and everything under it)
[2.688s] Copying ../../build/navigation/navigation.egg-info to /home/luiz/ros2_fbot/install/navigation/lib/python3.10/site-packages/navigation-0.0.0-py3.10.egg-info
[2.695s] running install_scripts
[2.745s] Installing navigation script to /home/luiz/ros2_fbot/install/navigation/lib/navigation
[2.745s] writing list of installed files to '/home/luiz/ros2_fbot/build/navigation/install.log'
[2.787s] Invoked command in '/home/luiz/ros2_fbot/src/navigation' returned '0': PYTHONPATH=/home/luiz/ros2_fbot/build/navigation/prefix_override:/usr/lib/python3/dist-packages/colcon_core/task/python/colcon_distutils_commands:/home/luiz/ros2_fbot/install/navigation/lib/python3.10/site-packages:${PYTHONPATH} /usr/bin/python3 -W ignore:setup.py install is deprecated -W ignore:easy_install command is deprecated setup.py egg_info --egg-base ../../build/navigation build --build-base /home/luiz/ros2_fbot/build/navigation/build install --record /home/luiz/ros2_fbot/build/navigation/install.log --single-version-externally-managed install_data
